TN:
SF:src\1_environment\App\App.js
FN:23,(anonymous_0)
FN:30,(anonymous_1)
FN:44,(anonymous_2)
FN:51,(anonymous_3)
FN:55,(anonymous_4)
FN:63,(anonymous_5)
FN:98,mapStateToProps
FNF:7
FNH:7
FNDA:7,(anonymous_0)
FNDA:8,(anonymous_1)
FNDA:1,(anonymous_2)
FNDA:3,(anonymous_3)
FNDA:1703,(anonymous_4)
FNDA:7,(anonymous_5)
FNDA:1,mapStateToProps
DA:24,7
DA:25,7
DA:26,7
DA:27,7
DA:31,8
DA:33,8
DA:34,7
DA:35,7
DA:45,1
DA:47,1
DA:52,3
DA:56,1703
DA:58,1703
DA:59,1
DA:64,7
DA:89,1
DA:99,1
LF:17
LH:17
BRDA:33,0,0,7
BRDA:33,0,1,1
BRDA:45,1,0,1
BRDA:45,1,1,0
BRDA:58,2,0,1
BRDA:58,2,1,1702
BRDA:81,3,0,7
BRDA:81,3,1,1
BRDA:81,3,2,6
BRF:9
BRH:8
end_of_record
TN:
SF:src\2_ecosystems\Configurator\Configurator.js
FN:103,(anonymous_0)
FN:193,(anonymous_1)
FN:199,(anonymous_2)
FN:244,(anonymous_3)
FN:285,(anonymous_4)
FN:295,(anonymous_5)
FN:299,(anonymous_6)
FN:301,(anonymous_7)
FN:301,(anonymous_8)
FN:302,(anonymous_9)
FN:302,(anonymous_10)
FN:303,(anonymous_11)
FN:303,(anonymous_12)
FN:303,(anonymous_13)
FN:336,(anonymous_14)
FN:338,(anonymous_15)
FN:366,(anonymous_16)
FN:371,(anonymous_17)
FN:393,(anonymous_18)
FN:420,(anonymous_19)
FN:478,(anonymous_20)
FN:482,(anonymous_21)
FN:496,(anonymous_22)
FN:499,(anonymous_23)
FN:510,(anonymous_24)
FN:543,(anonymous_25)
FN:547,(anonymous_26)
FN:549,(anonymous_27)
FN:564,(anonymous_28)
FN:579,(anonymous_29)
FN:600,(anonymous_30)
FN:606,(anonymous_31)
FN:618,(anonymous_32)
FN:622,(anonymous_33)
FN:627,(anonymous_34)
FN:632,(anonymous_35)
FN:646,(anonymous_36)
FN:660,(anonymous_37)
FN:661,(anonymous_38)
FN:690,(anonymous_39)
FN:694,(anonymous_40)
FN:698,(anonymous_41)
FN:702,(anonymous_42)
FN:706,(anonymous_43)
FN:710,(anonymous_44)
FN:716,(anonymous_45)
FN:724,(anonymous_46)
FN:731,(anonymous_47)
FN:779,(anonymous_48)
FN:785,(anonymous_49)
FN:789,(anonymous_50)
FN:793,(anonymous_51)
FN:798,(anonymous_52)
FN:802,(anonymous_53)
FN:806,(anonymous_54)
FN:811,(anonymous_55)
FN:816,(anonymous_56)
FN:820,(anonymous_57)
FN:844,(anonymous_58)
FN:848,(anonymous_59)
FN:857,(anonymous_60)
FN:858,(anonymous_61)
FN:876,(anonymous_62)
FN:906,(anonymous_63)
FN:917,(anonymous_64)
FN:921,(anonymous_65)
FN:925,(anonymous_66)
FN:929,(anonymous_67)
FN:933,(anonymous_68)
FN:938,(anonymous_69)
FN:943,(anonymous_70)
FN:948,(anonymous_71)
FN:957,(anonymous_72)
FN:963,(anonymous_73)
FN:971,(anonymous_74)
FN:975,(anonymous_75)
FN:979,(anonymous_76)
FN:983,(anonymous_77)
FN:988,(anonymous_78)
FN:990,(anonymous_79)
FN:999,(anonymous_80)
FN:1005,(anonymous_81)
FN:1036,(anonymous_82)
FN:1045,(anonymous_83)
FN:1049,(anonymous_84)
FN:1057,(anonymous_85)
FN:1079,(anonymous_86)
FN:1080,(anonymous_87)
FN:1083,(anonymous_88)
FN:1215,(anonymous_89)
FN:1224,(anonymous_90)
FN:1259,(anonymous_91)
FN:1263,(anonymous_92)
FN:1270,(anonymous_93)
FN:1431,(anonymous_94)
FN:1525,(anonymous_95)
FN:1526,(anonymous_96)
FNF:97
FNH:69
FNDA:74,(anonymous_0)
FNDA:145,(anonymous_1)
FNDA:74,(anonymous_2)
FNDA:72,(anonymous_3)
FNDA:1,(anonymous_4)
FNDA:1612,(anonymous_5)
FNDA:3,(anonymous_6)
FNDA:0,(anonymous_7)
FNDA:0,(anonymous_8)
FNDA:0,(anonymous_9)
FNDA:0,(anonymous_10)
FNDA:0,(anonymous_11)
FNDA:0,(anonymous_12)
FNDA:0,(anonymous_13)
FNDA:3,(anonymous_14)
FNDA:1,(anonymous_15)
FNDA:0,(anonymous_16)
FNDA:13,(anonymous_17)
FNDA:10,(anonymous_18)
FNDA:6,(anonymous_19)
FNDA:148,(anonymous_20)
FNDA:12,(anonymous_21)
FNDA:75,(anonymous_22)
FNDA:0,(anonymous_23)
FNDA:0,(anonymous_24)
FNDA:0,(anonymous_25)
FNDA:147,(anonymous_26)
FNDA:441,(anonymous_27)
FNDA:294,(anonymous_28)
FNDA:6,(anonymous_29)
FNDA:1,(anonymous_30)
FNDA:3,(anonymous_31)
FNDA:1,(anonymous_32)
FNDA:1,(anonymous_33)
FNDA:1,(anonymous_34)
FNDA:0,(anonymous_35)
FNDA:0,(anonymous_36)
FNDA:0,(anonymous_37)
FNDA:0,(anonymous_38)
FNDA:1,(anonymous_39)
FNDA:1,(anonymous_40)
FNDA:1,(anonymous_41)
FNDA:1,(anonymous_42)
FNDA:1,(anonymous_43)
FNDA:1,(anonymous_44)
FNDA:1,(anonymous_45)
FNDA:1,(anonymous_46)
FNDA:2,(anonymous_47)
FNDA:1,(anonymous_48)
FNDA:1,(anonymous_49)
FNDA:1,(anonymous_50)
FNDA:1,(anonymous_51)
FNDA:0,(anonymous_52)
FNDA:1,(anonymous_53)
FNDA:1,(anonymous_54)
FNDA:1,(anonymous_55)
FNDA:0,(anonymous_56)
FNDA:15,(anonymous_57)
FNDA:7,(anonymous_58)
FNDA:2,(anonymous_59)
FNDA:13,(anonymous_60)
FNDA:1,(anonymous_61)
FNDA:3,(anonymous_62)
FNDA:2,(anonymous_63)
FNDA:1,(anonymous_64)
FNDA:0,(anonymous_65)
FNDA:0,(anonymous_66)
FNDA:0,(anonymous_67)
FNDA:1,(anonymous_68)
FNDA:2,(anonymous_69)
FNDA:1,(anonymous_70)
FNDA:4,(anonymous_71)
FNDA:0,(anonymous_72)
FNDA:146,(anonymous_73)
FNDA:0,(anonymous_74)
FNDA:0,(anonymous_75)
FNDA:1,(anonymous_76)
FNDA:0,(anonymous_77)
FNDA:3,(anonymous_78)
FNDA:3,(anonymous_79)
FNDA:3,(anonymous_80)
FNDA:10,(anonymous_81)
FNDA:2,(anonymous_82)
FNDA:0,(anonymous_83)
FNDA:0,(anonymous_84)
FNDA:145,(anonymous_85)
FNDA:43,(anonymous_86)
FNDA:1,(anonymous_87)
FNDA:145,(anonymous_88)
FNDA:2,(anonymous_89)
FNDA:145,(anonymous_90)
FNDA:0,(anonymous_91)
FNDA:439,(anonymous_92)
FNDA:145,(anonymous_93)
FNDA:0,(anonymous_94)
FNDA:402,(anonymous_95)
FNDA:402,(anonymous_96)
DA:87,1
DA:104,74
DA:106,74
DA:107,74
DA:108,74
DA:109,74
DA:110,74
DA:111,74
DA:112,74
DA:113,74
DA:114,74
DA:115,74
DA:116,74
DA:117,74
DA:118,74
DA:119,74
DA:120,74
DA:121,74
DA:122,74
DA:123,74
DA:124,74
DA:125,74
DA:126,74
DA:127,74
DA:128,74
DA:129,74
DA:130,74
DA:131,74
DA:132,74
DA:133,74
DA:134,74
DA:135,74
DA:136,74
DA:137,74
DA:138,74
DA:139,74
DA:140,74
DA:141,74
DA:142,74
DA:143,74
DA:144,74
DA:145,74
DA:146,74
DA:147,74
DA:148,74
DA:149,74
DA:150,74
DA:151,74
DA:152,74
DA:153,74
DA:154,74
DA:155,74
DA:156,74
DA:157,74
DA:158,74
DA:159,74
DA:160,74
DA:161,74
DA:162,74
DA:163,74
DA:164,74
DA:165,74
DA:167,74
DA:175,74
DA:176,1
DA:179,74
DA:189,74
DA:190,74
DA:194,145
DA:196,145
DA:200,74
DA:201,74
DA:202,74
DA:203,74
DA:211,74
DA:212,2
DA:215,74
DA:216,3
DA:219,74
DA:221,74
DA:222,74
DA:223,0
DA:224,0
DA:227,0
DA:229,0
DA:231,0
DA:232,0
DA:234,0
DA:235,0
DA:238,0
DA:239,0
DA:246,72
DA:249,1
DA:252,72
DA:253,4
DA:257,72
DA:258,1
DA:261,72
DA:264,72
DA:267,1
DA:270,72
DA:271,1
DA:274,72
DA:275,0
DA:278,72
DA:279,10
DA:282,72
DA:286,1
DA:287,1
DA:288,1
DA:289,1
DA:292,1
DA:296,1612
DA:300,3
DA:301,0
DA:302,0
DA:303,0
DA:307,3
DA:308,3
DA:309,0
DA:311,3
DA:312,0
DA:315,3
DA:318,3
DA:320,0
DA:324,3
DA:332,3
DA:333,3
DA:337,3
DA:338,3
DA:339,1
DA:350,1
DA:351,1
DA:352,1
DA:353,1
DA:354,1
DA:358,1
DA:362,1
DA:366,3
DA:367,0
DA:372,13
DA:373,13
DA:375,13
DA:376,10
DA:379,10
DA:380,0
DA:383,10
DA:384,0
DA:388,10
DA:389,0
DA:392,10
DA:393,10
DA:395,10
DA:396,0
DA:397,0
DA:398,0
DA:399,0
DA:403,0
DA:408,10
DA:409,8
DA:410,4
DA:415,8
DA:421,6
DA:426,5
DA:429,1
DA:430,0
DA:431,0
DA:434,1
DA:436,1
DA:437,1
DA:444,1
DA:445,1
DA:450,1
DA:451,1
DA:456,1
DA:457,1
DA:462,1
DA:463,1
DA:468,1
DA:473,1
DA:475,1
DA:479,148
DA:480,148
DA:482,148
DA:483,12
DA:484,11
DA:485,11
DA:486,7
DA:487,7
DA:489,11
DA:491,12
DA:497,75
DA:499,0
DA:500,0
DA:501,0
DA:508,75
DA:510,0
DA:511,0
DA:512,0
DA:519,75
DA:520,1
DA:526,75
DA:527,1
DA:533,75
DA:535,1
DA:544,0
DA:548,147
DA:549,147
DA:550,441
DA:552,441
DA:553,3
DA:555,3
DA:556,0
DA:559,3
DA:563,147
DA:564,147
DA:565,294
DA:567,294
DA:568,2
DA:570,2
DA:571,0
DA:574,2
DA:580,6
DA:581,1
DA:583,5
DA:584,1
DA:585,1
DA:587,4
DA:588,1
DA:589,1
DA:591,3
DA:592,1
DA:594,2
DA:595,1
DA:596,1
DA:601,1
DA:602,1
DA:607,3
DA:608,3
DA:609,3
DA:610,3
DA:612,3
DA:614,1
DA:619,1
DA:623,1
DA:624,1
DA:628,1
DA:629,1
DA:633,0
DA:637,0
DA:638,0
DA:639,0
DA:640,0
DA:641,0
DA:642,0
DA:647,0
DA:651,0
DA:652,0
DA:653,0
DA:654,0
DA:655,0
DA:656,0
DA:661,0
DA:662,0
DA:665,0
DA:666,0
DA:667,0
DA:669,0
DA:670,0
DA:671,0
DA:673,0
DA:674,0
DA:676,0
DA:683,0
DA:684,0
DA:686,0
DA:691,1
DA:695,1
DA:699,1
DA:703,1
DA:707,1
DA:711,1
DA:717,1
DA:718,1
DA:719,1
DA:721,1
DA:725,1
DA:726,1
DA:733,2
DA:734,0
DA:735,0
DA:736,0
DA:740,2
DA:741,6
DA:742,6
DA:743,0
DA:744,0
DA:745,0
DA:750,2
DA:752,1
DA:760,1
DA:761,1
DA:764,1
DA:771,1
DA:772,1
DA:776,1
DA:780,1
DA:781,1
DA:786,1
DA:790,1
DA:794,1
DA:795,1
DA:799,0
DA:803,1
DA:807,1
DA:808,1
DA:812,1
DA:813,1
DA:817,0
DA:821,15
DA:822,8
DA:831,7
DA:832,6
DA:833,6
DA:845,7
DA:849,2
DA:850,1
DA:853,1
DA:858,13
DA:859,1
DA:860,1
DA:877,3
DA:879,1
DA:880,1
DA:883,2
DA:885,1
DA:886,1
DA:887,0
DA:888,0
DA:892,3
DA:893,1
DA:895,1
DA:896,0
DA:899,1
DA:902,2
DA:907,2
DA:909,1
DA:913,1
DA:918,1
DA:922,0
DA:926,0
DA:930,0
DA:934,1
DA:935,1
DA:939,2
DA:940,2
DA:944,1
DA:945,1
DA:949,4
DA:950,1
DA:953,3
DA:958,0
DA:959,0
DA:964,146
DA:965,146
DA:966,146
DA:968,146
DA:972,0
DA:976,0
DA:980,1
DA:985,0
DA:989,3
DA:990,3
DA:991,3
DA:995,0
DA:1000,3
DA:1001,3
DA:1002,3
DA:1006,10
DA:1007,1
DA:1010,9
DA:1011,9
DA:1013,9
DA:1022,9
DA:1023,9
DA:1025,9
DA:1028,7
DA:1031,9
DA:1032,6
DA:1037,2
DA:1038,1
DA:1041,1
DA:1046,0
DA:1050,0
DA:1051,0
DA:1052,0
DA:1053,0
DA:1054,0
DA:1058,145
DA:1060,145
DA:1080,43
DA:1084,145
DA:1086,145
DA:1088,0
DA:1093,10
DA:1119,0
DA:1132,7
DA:1149,5
DA:1166,6
DA:1171,7
DA:1182,1
DA:1188,1
DA:1196,1
DA:1207,3
DA:1214,2
DA:1215,2
DA:1225,145
DA:1226,145
DA:1227,145
DA:1228,145
DA:1230,145
DA:1260,0
DA:1264,439
DA:1265,439
DA:1277,145
DA:1306,145
DA:1307,145
DA:1308,145
DA:1309,145
DA:1310,145
DA:1311,145
DA:1312,145
DA:1313,145
DA:1314,145
DA:1315,145
DA:1318,145
DA:1319,13
DA:1321,13
DA:1323,0
DA:1324,0
DA:1326,0
DA:1327,0
DA:1329,0
DA:1332,0
DA:1333,0
DA:1335,0
DA:1339,132
DA:1342,145
DA:1343,145
DA:1344,145
DA:1345,145
DA:1346,145
DA:1350,145
DA:1355,145
DA:1357,145
DA:1359,145
DA:1432,0
DA:1433,0
DA:1526,402
DA:1527,402
LF:460
LH:356
BRDA:175,0,0,1
BRDA:175,0,1,73
BRDA:175,1,0,74
BRDA:175,1,1,1
BRDA:175,1,2,1
BRDA:184,2,0,1
BRDA:184,2,1,73
BRDA:190,3,0,0
BRDA:190,3,1,74
BRDA:194,4,0,3
BRDA:194,4,1,142
BRDA:194,5,0,145
BRDA:194,5,1,145
BRDA:211,6,0,2
BRDA:211,6,1,72
BRDA:211,7,0,74
BRDA:211,7,1,73
BRDA:215,8,0,3
BRDA:215,8,1,71
BRDA:222,9,0,0
BRDA:222,9,1,74
BRDA:222,10,0,74
BRDA:222,10,1,72
BRDA:222,10,2,72
BRDA:224,11,0,0
BRDA:224,11,1,0
BRDA:224,11,2,0
BRDA:224,11,3,0
BRDA:224,11,4,0
BRDA:224,11,5,0
BRDA:228,12,0,0
BRDA:228,12,1,0
BRDA:228,13,0,0
BRDA:228,13,1,0
BRDA:246,14,0,1
BRDA:246,14,1,71
BRDA:246,15,0,72
BRDA:246,15,1,72
BRDA:246,15,2,71
BRDA:246,15,3,1
BRDA:246,15,4,0
BRDA:252,16,0,4
BRDA:252,16,1,68
BRDA:252,17,0,72
BRDA:252,17,1,4
BRDA:257,18,0,1
BRDA:257,18,1,71
BRDA:257,19,0,72
BRDA:257,19,1,2
BRDA:257,19,2,1
BRDA:257,19,3,1
BRDA:264,20,0,1
BRDA:264,20,1,71
BRDA:264,21,0,72
BRDA:264,21,1,70
BRDA:264,21,2,5
BRDA:264,21,3,4
BRDA:270,22,0,1
BRDA:270,22,1,71
BRDA:270,23,0,72
BRDA:270,23,1,2
BRDA:270,23,2,2
BRDA:274,24,0,0
BRDA:274,24,1,72
BRDA:274,25,0,72
BRDA:274,25,1,10
BRDA:278,26,0,10
BRDA:278,26,1,62
BRDA:302,27,0,3
BRDA:302,27,1,3
BRDA:302,28,0,0
BRDA:302,28,1,0
BRDA:303,29,0,0
BRDA:303,29,1,0
BRDA:308,30,0,0
BRDA:308,30,1,3
BRDA:309,31,0,0
BRDA:309,31,1,0
BRDA:311,32,0,0
BRDA:311,32,1,3
BRDA:318,33,0,0
BRDA:318,33,1,3
BRDA:350,34,0,1
BRDA:350,34,1,0
BRDA:375,35,0,10
BRDA:375,35,1,3
BRDA:379,36,0,0
BRDA:379,36,1,10
BRDA:379,37,0,10
BRDA:379,37,1,0
BRDA:379,37,2,0
BRDA:383,38,0,0
BRDA:383,38,1,10
BRDA:383,39,0,10
BRDA:383,39,1,0
BRDA:388,40,0,0
BRDA:388,40,1,10
BRDA:388,41,0,10
BRDA:388,41,1,10
BRDA:392,42,0,10
BRDA:392,42,1,0
BRDA:395,43,0,0
BRDA:395,43,1,10
BRDA:408,44,0,8
BRDA:408,44,1,2
BRDA:409,45,0,4
BRDA:409,45,1,4
BRDA:421,46,0,5
BRDA:421,46,1,1
BRDA:421,47,0,6
BRDA:421,47,1,1
BRDA:421,47,2,1
BRDA:421,47,3,1
BRDA:421,47,4,1
BRDA:429,48,0,0
BRDA:429,48,1,1
BRDA:429,49,0,1
BRDA:429,49,1,0
BRDA:450,50,0,0
BRDA:450,50,1,1
BRDA:452,51,0,0
BRDA:452,51,1,1
BRDA:453,52,0,0
BRDA:453,52,1,1
BRDA:458,53,0,1
BRDA:458,53,1,0
BRDA:459,54,0,1
BRDA:459,54,1,0
BRDA:470,55,0,0
BRDA:470,55,1,1
BRDA:482,56,0,148
BRDA:482,56,1,0
BRDA:483,57,0,11
BRDA:483,57,1,1
BRDA:483,58,0,12
BRDA:483,58,1,12
BRDA:483,58,2,1
BRDA:485,59,0,7
BRDA:485,59,1,4
BRDA:489,60,0,11
BRDA:489,60,1,11
BRDA:497,61,0,0
BRDA:497,61,1,75
BRDA:497,62,0,75
BRDA:497,62,1,0
BRDA:500,63,0,0
BRDA:500,63,1,0
BRDA:508,64,0,0
BRDA:508,64,1,75
BRDA:508,65,0,75
BRDA:508,65,1,0
BRDA:511,66,0,0
BRDA:511,66,1,0
BRDA:519,67,0,1
BRDA:519,67,1,74
BRDA:519,68,0,75
BRDA:519,68,1,3
BRDA:526,69,0,1
BRDA:526,69,1,74
BRDA:526,70,0,75
BRDA:526,70,1,3
BRDA:533,71,0,1
BRDA:533,71,1,74
BRDA:533,72,0,75
BRDA:533,72,1,75
BRDA:533,72,2,75
BRDA:533,72,3,72
BRDA:533,72,4,69
BRDA:555,73,0,0
BRDA:555,73,1,3
BRDA:570,74,0,0
BRDA:570,74,1,2
BRDA:580,75,0,1
BRDA:580,75,1,5
BRDA:580,76,0,6
BRDA:580,76,1,6
BRDA:583,77,0,1
BRDA:583,77,1,4
BRDA:583,78,0,5
BRDA:583,78,1,2
BRDA:587,79,0,1
BRDA:587,79,1,3
BRDA:587,80,0,4
BRDA:587,80,1,2
BRDA:587,80,2,2
BRDA:591,81,0,1
BRDA:591,81,1,2
BRDA:591,82,0,3
BRDA:591,82,1,1
BRDA:591,82,2,1
BRDA:594,83,0,1
BRDA:594,83,1,1
BRDA:594,84,0,2
BRDA:594,84,1,1
BRDA:594,84,2,1
BRDA:601,85,0,1
BRDA:601,85,1,0
BRDA:601,86,0,1
BRDA:601,86,1,1
BRDA:607,87,0,2
BRDA:607,87,1,1
BRDA:608,88,0,2
BRDA:608,88,1,1
BRDA:609,89,0,2
BRDA:609,89,1,1
BRDA:610,90,0,2
BRDA:610,90,1,1
BRDA:612,91,0,1
BRDA:612,91,1,2
BRDA:612,92,0,3
BRDA:612,92,1,2
BRDA:633,93,0,0
BRDA:633,93,1,0
BRDA:633,94,0,0
BRDA:633,94,1,0
BRDA:633,94,2,0
BRDA:633,94,3,0
BRDA:637,95,0,0
BRDA:637,95,1,0
BRDA:647,96,0,0
BRDA:647,96,1,0
BRDA:647,97,0,0
BRDA:647,97,1,0
BRDA:647,97,2,0
BRDA:647,97,3,0
BRDA:651,98,0,0
BRDA:651,98,1,0
BRDA:661,99,0,0
BRDA:661,99,1,0
BRDA:662,100,0,0
BRDA:662,100,1,0
BRDA:662,101,0,0
BRDA:662,101,1,0
BRDA:665,102,0,0
BRDA:665,102,1,0
BRDA:666,103,0,0
BRDA:666,103,1,0
BRDA:667,104,0,0
BRDA:667,104,1,0
BRDA:686,105,0,0
BRDA:686,105,1,0
BRDA:733,106,0,0
BRDA:733,106,1,2
BRDA:742,107,0,0
BRDA:742,107,1,6
BRDA:750,108,0,1
BRDA:750,108,1,1
BRDA:750,109,0,2
BRDA:750,109,1,2
BRDA:750,109,2,2
BRDA:771,110,0,1
BRDA:771,110,1,0
BRDA:780,111,0,1
BRDA:780,111,1,0
BRDA:780,112,0,1
BRDA:780,112,1,1
BRDA:820,113,0,1
BRDA:820,114,0,5
BRDA:821,115,0,8
BRDA:821,115,1,7
BRDA:821,116,0,15
BRDA:821,116,1,9
BRDA:821,116,2,1
BRDA:821,116,3,1
BRDA:827,117,0,3
BRDA:827,117,1,5
BRDA:831,118,0,6
BRDA:831,118,1,1
BRDA:832,119,0,6
BRDA:832,119,1,6
BRDA:832,119,2,4
BRDA:832,119,3,1
BRDA:836,120,0,5
BRDA:836,120,1,1
BRDA:837,121,0,5
BRDA:837,121,1,1
BRDA:838,122,0,0
BRDA:838,122,1,6
BRDA:838,123,0,6
BRDA:838,123,1,1
BRDA:849,124,0,1
BRDA:849,124,1,1
BRDA:859,125,0,1
BRDA:859,125,1,0
BRDA:876,126,0,1
BRDA:876,127,0,2
BRDA:876,128,0,2
BRDA:877,129,0,1
BRDA:877,129,1,2
BRDA:877,130,0,3
BRDA:877,130,1,1
BRDA:879,131,0,1
BRDA:879,131,1,0
BRDA:883,132,0,1
BRDA:883,132,1,1
BRDA:883,133,0,2
BRDA:883,133,1,1
BRDA:886,134,0,0
BRDA:886,134,1,1
BRDA:892,135,0,1
BRDA:892,135,1,2
BRDA:895,136,0,0
BRDA:895,136,1,1
BRDA:895,137,0,1
BRDA:895,137,1,1
BRDA:907,138,0,1
BRDA:907,138,1,1
BRDA:949,139,0,1
BRDA:949,139,1,3
BRDA:958,140,0,0
BRDA:958,140,1,0
BRDA:966,141,0,146
BRDA:966,141,1,146
BRDA:966,141,2,144
BRDA:966,141,3,0
BRDA:968,142,0,146
BRDA:968,142,1,146
BRDA:968,142,2,0
BRDA:968,142,3,146
BRDA:989,143,0,3
BRDA:989,143,1,0
BRDA:1002,144,0,3
BRDA:1002,144,1,0
BRDA:1002,145,0,0
BRDA:1002,145,1,0
BRDA:1006,146,0,1
BRDA:1006,146,1,9
BRDA:1006,147,0,10
BRDA:1006,147,1,4
BRDA:1010,148,0,3
BRDA:1010,148,1,6
BRDA:1010,149,0,2
BRDA:1010,149,1,1
BRDA:1010,150,0,3
BRDA:1010,150,1,3
BRDA:1010,151,0,1
BRDA:1010,151,1,2
BRDA:1010,152,0,3
BRDA:1010,152,1,3
BRDA:1015,153,0,1
BRDA:1015,153,1,8
BRDA:1015,154,0,9
BRDA:1015,154,1,6
BRDA:1022,155,0,9
BRDA:1022,155,1,7
BRDA:1023,156,0,4
BRDA:1023,156,1,5
BRDA:1023,157,0,9
BRDA:1023,157,1,8
BRDA:1025,158,0,7
BRDA:1025,158,1,2
BRDA:1025,159,0,9
BRDA:1025,159,1,3
BRDA:1025,159,2,2
BRDA:1025,159,3,2
BRDA:1031,160,0,6
BRDA:1031,160,1,3
BRDA:1037,161,0,1
BRDA:1037,161,1,1
BRDA:1086,162,0,0
BRDA:1086,162,1,10
BRDA:1086,162,2,0
BRDA:1086,162,3,7
BRDA:1086,162,4,5
BRDA:1086,162,5,6
BRDA:1086,162,6,7
BRDA:1086,162,7,1
BRDA:1086,162,8,1
BRDA:1086,162,9,1
BRDA:1086,162,10,3
BRDA:1086,162,11,2
BRDA:1215,163,0,2
BRDA:1215,163,1,0
BRDA:1227,164,0,3
BRDA:1227,164,1,142
BRDA:1228,165,0,145
BRDA:1228,165,1,132
BRDA:1228,165,2,132
BRDA:1234,166,0,13
BRDA:1234,166,1,132
BRDA:1235,167,0,145
BRDA:1235,167,1,13
BRDA:1239,168,0,48
BRDA:1239,168,1,97
BRDA:1240,169,0,48
BRDA:1240,169,1,97
BRDA:1248,170,0,0
BRDA:1248,170,1,145
BRDA:1249,171,0,145
BRDA:1249,171,1,0
BRDA:1252,172,0,145
BRDA:1252,172,1,0
BRDA:1265,173,0,439
BRDA:1265,173,1,430
BRDA:1265,173,2,430
BRDA:1265,173,3,430
BRDA:1265,173,4,430
BRDA:1265,173,5,430
BRDA:1265,173,6,430
BRDA:1307,174,0,145
BRDA:1307,174,1,145
BRDA:1307,174,2,145
BRDA:1315,175,0,145
BRDA:1315,175,1,48
BRDA:1318,176,0,13
BRDA:1318,176,1,132
BRDA:1319,177,0,0
BRDA:1319,177,1,13
BRDA:1321,178,0,0
BRDA:1321,178,1,0
BRDA:1321,178,2,0
BRDA:1326,179,0,0
BRDA:1326,179,1,0
BRDA:1332,180,0,0
BRDA:1332,180,1,0
BRDA:1332,181,0,0
BRDA:1332,181,1,0
BRDA:1332,181,2,0
BRDA:1332,181,3,0
BRDA:1339,182,0,0
BRDA:1339,182,1,132
BRDA:1342,183,0,145
BRDA:1342,183,1,145
BRDA:1342,183,2,6
BRDA:1343,184,0,145
BRDA:1343,184,1,144
BRDA:1343,184,2,6
BRDA:1344,185,0,145
BRDA:1344,185,1,138
BRDA:1344,185,2,2
BRDA:1345,186,0,3
BRDA:1345,186,1,142
BRDA:1346,187,0,145
BRDA:1346,187,1,13
BRDA:1346,187,2,145
BRDA:1346,187,3,138
BRDA:1357,188,0,145
BRDA:1357,188,1,142
BRDA:1357,188,2,142
BRDA:1357,189,0,142
BRDA:1357,189,1,48
BRDA:1357,189,2,42
BRDA:1361,190,0,145
BRDA:1361,190,1,3
BRDA:1373,191,0,145
BRDA:1373,191,1,142
BRDA:1373,191,2,13
BRDA:1373,191,3,12
BRDA:1373,191,4,6
BRDA:1377,192,0,145
BRDA:1377,192,1,140
BRDA:1384,193,0,48
BRDA:1384,193,1,97
BRDA:1384,194,0,8
BRDA:1384,194,1,137
BRDA:1388,195,0,48
BRDA:1388,195,1,97
BRDA:1388,196,0,8
BRDA:1388,196,1,137
BRDA:1389,197,0,145
BRDA:1389,197,1,5
BRDA:1397,198,0,1
BRDA:1397,198,1,144
BRDA:1397,199,0,145
BRDA:1397,199,1,134
BRDA:1399,200,0,145
BRDA:1399,200,1,142
BRDA:1399,200,2,142
BRDA:1402,201,0,142
BRDA:1402,201,1,139
BRDA:1402,201,2,46
BRDA:1403,202,0,142
BRDA:1403,202,1,135
BRDA:1404,203,0,142
BRDA:1404,203,1,136
BRDA:1410,204,0,142
BRDA:1410,204,1,142
BRDA:1410,204,2,9
BRDA:1411,205,0,13
BRDA:1411,205,1,129
BRDA:1412,206,0,142
BRDA:1412,206,1,0
BRDA:1417,207,0,145
BRDA:1417,207,1,142
BRDA:1417,207,2,0
BRDA:1417,207,3,0
BRDA:1417,207,4,0
BRDA:1417,207,5,0
BRDA:1429,208,0,145
BRDA:1429,208,1,142
BRDA:1432,209,0,0
BRDA:1432,209,1,0
BRDA:1446,210,0,142
BRDA:1446,210,1,0
BRDA:1476,211,0,142
BRDA:1476,211,1,142
BRDA:1478,212,0,142
BRDA:1478,212,1,137
BRDA:1483,213,0,142
BRDA:1483,213,1,5
BRDA:1494,214,0,145
BRDA:1494,214,1,142
BRDA:1494,214,2,13
BRDA:1498,215,0,13
BRDA:1498,215,1,13
BRDA:1498,215,2,0
BRDA:1499,216,0,13
BRDA:1499,216,1,0
BRDA:1500,217,0,13
BRDA:1500,217,1,0
BRDA:1508,218,0,13
BRDA:1508,218,1,0
BRDA:1509,219,0,13
BRDA:1509,219,1,0
BRDA:1512,220,0,13
BRDA:1512,220,1,12
BRDA:1512,220,2,6
BRDA:1519,221,0,145
BRDA:1519,221,1,134
BRDA:1529,222,0,0
BRDA:1529,222,1,402
BRDA:1538,223,0,145
BRDA:1538,223,1,0
BRF:523
BRH:390
end_of_record
TN:
SF:src\2_ecosystems\CropEdit\CropEdit.js
FN:52,(anonymous_0)
FN:58,(anonymous_1)
FN:94,(anonymous_2)
FN:99,(anonymous_3)
FN:104,(anonymous_4)
FN:145,(anonymous_5)
FN:154,(anonymous_6)
FN:162,(anonymous_7)
FN:214,(anonymous_8)
FN:228,(anonymous_9)
FN:232,(anonymous_10)
FN:239,(anonymous_11)
FN:243,(anonymous_12)
FN:250,(anonymous_13)
FN:258,(anonymous_14)
FN:267,(anonymous_15)
FN:278,(anonymous_16)
FN:282,(anonymous_17)
FN:414,mapStateToProps
FN:426,mapDispatchToProps
FN:433,CropEditWithStringsContext
FN:436,(anonymous_21)
FNF:22
FNH:20
FNDA:12,(anonymous_0)
FNDA:12,(anonymous_1)
FNDA:1,(anonymous_2)
FNDA:1,(anonymous_3)
FNDA:1,(anonymous_4)
FNDA:1,(anonymous_5)
FNDA:1,(anonymous_6)
FNDA:2,(anonymous_7)
FNDA:1,(anonymous_8)
FNDA:4,(anonymous_9)
FNDA:1,(anonymous_10)
FNDA:1,(anonymous_11)
FNDA:0,(anonymous_12)
FNDA:0,(anonymous_13)
FNDA:19,(anonymous_14)
FNDA:1,(anonymous_15)
FNDA:1,(anonymous_16)
FNDA:19,(anonymous_17)
FNDA:1,mapStateToProps
FNDA:1,mapDispatchToProps
FNDA:1,CropEditWithStringsContext
FNDA:1,(anonymous_21)
DA:28,1
DA:53,12
DA:56,12
DA:58,12
DA:59,12
DA:60,12
DA:61,12
DA:63,12
DA:75,12
DA:76,12
DA:77,12
DA:78,12
DA:79,12
DA:80,12
DA:81,12
DA:82,12
DA:83,12
DA:84,12
DA:85,12
DA:87,12
DA:88,12
DA:89,12
DA:90,12
DA:91,12
DA:95,1
DA:96,1
DA:100,1
DA:101,1
DA:105,1
DA:106,1
DA:111,1
DA:112,0
DA:113,0
DA:116,1
DA:117,1
DA:121,1
DA:126,1
DA:131,1
DA:132,1
DA:139,1
DA:142,1
DA:146,1
DA:148,1
DA:155,1
DA:156,1
DA:159,1
DA:163,2
DA:165,2
DA:166,1
DA:171,1
DA:172,1
DA:174,1
DA:176,1
DA:177,1
DA:178,1
DA:179,1
DA:182,1
DA:183,1
DA:186,1
DA:187,1
DA:189,1
DA:190,1
DA:193,1
DA:198,1
DA:199,1
DA:200,1
DA:201,1
DA:203,1
DA:204,1
DA:207,2
DA:208,0
DA:211,2
DA:215,1
DA:217,1
DA:218,1
DA:219,1
DA:221,1
DA:222,1
DA:225,1
DA:229,4
DA:233,1
DA:240,1
DA:244,0
DA:251,0
DA:259,19
DA:260,19
DA:261,19
DA:262,19
DA:264,19
DA:268,1
DA:269,1
DA:279,1
DA:283,19
DA:284,19
DA:285,19
DA:287,19
DA:398,1
DA:415,1
DA:427,1
DA:434,1
DA:436,1
LF:101
LH:96
BRDA:56,0,0,12
BRDA:56,0,1,12
BRDA:56,0,2,12
BRDA:59,1,0,12
BRDA:59,1,1,0
BRDA:60,2,0,0
BRDA:60,2,1,12
BRDA:60,3,0,12
BRDA:60,3,1,0
BRDA:61,4,0,12
BRDA:61,4,1,0
BRDA:111,5,0,0
BRDA:111,5,1,1
BRDA:127,6,0,1
BRDA:127,6,1,0
BRDA:146,7,0,1
BRDA:146,7,1,0
BRDA:155,8,0,1
BRDA:155,8,1,0
BRDA:163,9,0,2
BRDA:163,9,1,0
BRDA:165,10,0,1
BRDA:165,10,1,1
BRDA:174,11,0,1
BRDA:174,11,1,0
BRDA:207,12,0,0
BRDA:207,12,1,2
BRDA:221,13,0,1
BRDA:221,13,1,0
BRDA:259,14,0,18
BRDA:259,14,1,1
BRDA:259,15,0,19
BRDA:259,15,1,1
BRDA:260,16,0,2
BRDA:260,16,1,17
BRDA:262,17,0,19
BRDA:262,17,1,0
BRDA:269,18,0,1
BRDA:269,18,1,1
BRDA:279,19,0,1
BRDA:279,19,1,1
BRDA:302,20,0,19
BRDA:302,20,1,0
BRDA:307,21,0,19
BRDA:307,21,1,0
BRDA:307,21,2,0
BRDA:307,21,3,0
BRDA:311,22,0,2
BRDA:311,22,1,17
BRDA:320,23,0,19
BRDA:320,23,1,0
BRDA:323,24,0,19
BRDA:323,24,1,19
BRDA:343,25,0,19
BRDA:343,25,1,0
BRDA:358,26,0,19
BRDA:358,26,1,17
BRF:57
BRH:38
end_of_record
TN:
SF:src\2_ecosystems\DesignTemplate\DesignTemplate.js
FN:44,(anonymous_0)
FN:65,(anonymous_1)
FN:72,(anonymous_2)
FN:77,(anonymous_3)
FN:81,(anonymous_4)
FN:85,(anonymous_5)
FN:91,(anonymous_6)
FN:101,(anonymous_7)
FN:105,(anonymous_8)
FN:113,(anonymous_9)
FN:120,(anonymous_10)
FN:125,(anonymous_11)
FN:126,(anonymous_12)
FN:133,(anonymous_13)
FN:141,(anonymous_14)
FN:145,(anonymous_15)
FN:149,(anonymous_16)
FN:219,(anonymous_17)
FN:260,mapStateToProps
FN:272,mapDispatchToProps
FN:280,DesignTemplateWithStringsContext
FN:283,(anonymous_21)
FNF:22
FNH:22
FNDA:15,(anonymous_0)
FNDA:2,(anonymous_1)
FNDA:2,(anonymous_2)
FNDA:11,(anonymous_3)
FNDA:1,(anonymous_4)
FNDA:1,(anonymous_5)
FNDA:1,(anonymous_6)
FNDA:4,(anonymous_7)
FNDA:1,(anonymous_8)
FNDA:1,(anonymous_9)
FNDA:1,(anonymous_10)
FNDA:1,(anonymous_11)
FNDA:1,(anonymous_12)
FNDA:1,(anonymous_13)
FNDA:1,(anonymous_14)
FNDA:1,(anonymous_15)
FNDA:18,(anonymous_16)
FNDA:51,(anonymous_17)
FNDA:1,mapStateToProps
FNDA:1,mapDispatchToProps
FNDA:1,DesignTemplateWithStringsContext
FNDA:1,(anonymous_21)
DA:28,1
DA:45,15
DA:47,15
DA:51,15
DA:52,15
DA:53,15
DA:54,15
DA:55,15
DA:56,15
DA:57,15
DA:58,15
DA:59,15
DA:60,15
DA:61,15
DA:62,15
DA:66,2
DA:68,2
DA:69,1
DA:72,2
DA:73,2
DA:78,11
DA:82,1
DA:86,1
DA:87,1
DA:92,1
DA:93,1
DA:95,1
DA:96,1
DA:97,1
DA:102,4
DA:106,1
DA:107,1
DA:108,1
DA:110,1
DA:114,1
DA:116,1
DA:117,1
DA:120,1
DA:121,1
DA:126,1
DA:127,1
DA:128,1
DA:134,1
DA:136,1
DA:137,1
DA:142,1
DA:146,1
DA:150,18
DA:151,18
DA:152,18
DA:154,18
DA:220,51
DA:245,1
DA:261,1
DA:273,1
DA:279,1
DA:281,1
DA:283,1
LF:58
LH:58
BRDA:68,0,0,1
BRDA:68,0,1,1
BRDA:86,1,0,1
BRDA:86,1,1,0
BRDA:93,2,0,0
BRDA:93,2,1,1
BRDA:93,3,0,1
BRDA:93,3,1,1
BRDA:95,4,0,1
BRDA:95,4,1,0
BRDA:95,5,0,1
BRDA:95,5,1,1
BRDA:116,6,0,1
BRDA:116,6,1,0
BRDA:127,7,0,1
BRDA:127,7,1,0
BRDA:136,8,0,1
BRDA:136,8,1,0
BRDA:151,9,0,1
BRDA:151,9,1,17
BRDA:151,10,0,18
BRDA:151,10,1,18
BRDA:152,11,0,18
BRDA:152,11,1,18
BRDA:152,11,2,18
BRDA:152,11,3,18
BRDA:155,12,0,7
BRDA:155,12,1,11
BRDA:155,13,0,18
BRDA:155,13,1,18
BRDA:157,14,0,2
BRDA:157,14,1,16
BRDA:157,15,0,7
BRDA:157,15,1,11
BRDA:161,16,0,0
BRDA:161,16,1,18
BRDA:180,17,0,18
BRDA:180,17,1,7
BRDA:206,18,0,18
BRDA:206,18,1,1
BRDA:212,19,0,18
BRDA:212,19,1,17
BRDA:212,19,2,0
BRDA:219,20,0,18
BRDA:219,20,1,18
BRDA:219,20,2,17
BRDA:221,21,0,51
BRDA:221,21,1,3
BRDA:227,22,0,18
BRDA:227,22,1,18
BRDA:227,22,2,1
BRDA:232,23,0,18
BRDA:232,23,1,17
BRDA:232,23,2,0
BRDA:268,24,0,0
BRDA:268,24,1,1
BRF:56
BRH:46
end_of_record
TN:
SF:src\2_ecosystems\Error\Error.js
FN:20,Error
FN:23,backClickHandler
FN:61,(anonymous_2)
FNF:3
FNH:2
FNDA:1,Error
FNDA:1,backClickHandler
FNDA:0,(anonymous_2)
DA:11,1
DA:21,1
DA:24,1
DA:29,1
DA:41,1
DA:45,1
DA:59,1
DA:61,1
DA:62,0
LF:9
LH:8
BRF:0
BRH:0
end_of_record
TN:
SF:src\2_ecosystems\Loading\Loading.js
FN:15,Loading
FN:33,(anonymous_1)
FN:35,(anonymous_2)
FNF:3
FNH:3
FNDA:2,Loading
FNDA:2,(anonymous_1)
FNDA:2,(anonymous_2)
DA:9,1
DA:16,2
DA:18,2
DA:28,1
DA:34,2
DA:35,2
LF:6
LH:6
BRF:0
BRH:0
end_of_record
TN:
SF:src\2_ecosystems\Preview\Preview.js
FN:103,(anonymous_0)
FN:139,(anonymous_1)
FN:173,(anonymous_2)
FN:193,(anonymous_3)
FN:204,(anonymous_4)
FN:206,(anonymous_5)
FN:217,(anonymous_6)
FN:219,(anonymous_7)
FN:286,(anonymous_8)
FN:309,(anonymous_9)
FN:314,(anonymous_10)
FN:318,(anonymous_11)
FN:330,(anonymous_12)
FN:334,(anonymous_13)
FN:338,(anonymous_14)
FN:342,(anonymous_15)
FN:346,(anonymous_16)
FN:350,(anonymous_17)
FN:354,(anonymous_18)
FN:378,(anonymous_19)
FN:384,(anonymous_20)
FN:409,(anonymous_21)
FN:425,(anonymous_22)
FN:437,(anonymous_23)
FN:441,(anonymous_24)
FN:445,(anonymous_25)
FN:561,(anonymous_26)
FN:563,(anonymous_27)
FN:570,(anonymous_28)
FN:578,(anonymous_29)
FN:616,(anonymous_30)
FN:668,mapStateToProps
FN:699,mapDispatchToProps
FN:713,(anonymous_33)
FN:715,(anonymous_34)
FNF:35
FNH:31
FNDA:23,(anonymous_0)
FNDA:4,(anonymous_1)
FNDA:23,(anonymous_2)
FNDA:1,(anonymous_3)
FNDA:0,(anonymous_4)
FNDA:0,(anonymous_5)
FNDA:5,(anonymous_6)
FNDA:2,(anonymous_7)
FNDA:10,(anonymous_8)
FNDA:0,(anonymous_9)
FNDA:10,(anonymous_10)
FNDA:1,(anonymous_11)
FNDA:1,(anonymous_12)
FNDA:1,(anonymous_13)
FNDA:1,(anonymous_14)
FNDA:1,(anonymous_15)
FNDA:1,(anonymous_16)
FNDA:1,(anonymous_17)
FNDA:3,(anonymous_18)
FNDA:3,(anonymous_19)
FNDA:1,(anonymous_20)
FNDA:32,(anonymous_21)
FNDA:32,(anonymous_22)
FNDA:154,(anonymous_23)
FNDA:65,(anonymous_24)
FNDA:32,(anonymous_25)
FNDA:2,(anonymous_26)
FNDA:1,(anonymous_27)
FNDA:1,(anonymous_28)
FNDA:0,(anonymous_29)
FNDA:1,(anonymous_30)
FNDA:1,mapStateToProps
FNDA:1,mapDispatchToProps
FNDA:1,(anonymous_33)
FNDA:1,(anonymous_34)
DA:46,1
DA:104,23
DA:106,23
DA:107,23
DA:108,23
DA:109,23
DA:110,23
DA:112,23
DA:113,23
DA:114,23
DA:115,23
DA:116,23
DA:117,23
DA:118,23
DA:119,23
DA:120,23
DA:121,23
DA:122,23
DA:123,23
DA:124,23
DA:125,23
DA:127,23
DA:140,4
DA:141,4
DA:143,4
DA:144,3
DA:145,3
DA:152,3
DA:153,3
DA:158,3
DA:163,3
DA:168,3
DA:169,3
DA:174,23
DA:175,23
DA:176,23
DA:178,23
DA:179,4
DA:182,23
DA:183,3
DA:185,20
DA:186,1
DA:188,19
DA:189,1
DA:194,1
DA:195,1
DA:197,1
DA:198,0
DA:199,0
DA:200,0
DA:205,0
DA:206,0
DA:208,0
DA:209,0
DA:210,0
DA:211,0
DA:214,0
DA:218,5
DA:219,5
DA:220,2
DA:230,2
DA:231,2
DA:233,2
DA:234,2
DA:235,2
DA:242,2
DA:243,2
DA:248,2
DA:253,2
DA:263,2
DA:268,2
DA:270,2
DA:272,1
DA:276,1
DA:280,2
DA:283,5
DA:287,10
DA:288,0
DA:289,0
DA:292,10
DA:293,0
DA:297,10
DA:298,1
DA:301,10
DA:303,10
DA:304,0
DA:305,0
DA:310,0
DA:311,0
DA:315,10
DA:319,1
DA:321,1
DA:322,0
DA:323,0
DA:326,1
DA:331,1
DA:335,1
DA:339,1
DA:343,1
DA:347,1
DA:351,1
DA:355,3
DA:356,3
DA:357,3
DA:358,3
DA:359,3
DA:360,3
DA:362,3
DA:363,1
DA:366,2
DA:367,1
DA:369,1
DA:372,1
DA:375,3
DA:379,3
DA:380,3
DA:383,3
DA:384,1
DA:385,1
DA:386,1
DA:387,1
DA:391,1
DA:394,2
DA:395,1
DA:401,1
DA:404,1
DA:410,32
DA:411,1
DA:413,1
DA:415,1
DA:417,1
DA:419,1
DA:422,32
DA:426,32
DA:427,32
DA:438,154
DA:442,65
DA:463,32
DA:464,32
DA:465,32
DA:467,32
DA:468,32
DA:469,32
DA:470,32
DA:471,32
DA:473,32
DA:561,2
DA:563,1
DA:570,1
DA:578,0
DA:616,1
DA:630,1
DA:669,1
DA:671,1
DA:700,1
DA:711,1
DA:714,1
DA:715,1
LF:158
LH:138
BRDA:125,0,0,1
BRDA:125,0,1,22
BRDA:143,1,0,3
BRDA:143,1,1,1
BRDA:143,2,0,4
BRDA:143,2,1,3
BRDA:165,3,0,3
BRDA:165,3,1,1
BRDA:178,4,0,4
BRDA:178,4,1,19
BRDA:182,5,0,3
BRDA:182,5,1,20
BRDA:182,6,0,23
BRDA:182,6,1,4
BRDA:185,7,0,1
BRDA:185,7,1,19
BRDA:188,8,0,1
BRDA:188,8,1,18
BRDA:195,9,0,1
BRDA:195,9,1,0
BRDA:197,10,0,0
BRDA:197,10,1,1
BRDA:197,11,0,1
BRDA:197,11,1,0
BRDA:208,12,0,0
BRDA:208,12,1,0
BRDA:233,13,0,2
BRDA:233,13,1,0
BRDA:233,14,0,2
BRDA:233,14,1,2
BRDA:256,15,0,2
BRDA:256,15,1,1
BRDA:257,16,0,2
BRDA:257,16,1,1
BRDA:258,17,0,2
BRDA:258,17,1,2
BRDA:270,18,0,1
BRDA:270,18,1,1
BRDA:283,19,0,5
BRDA:283,19,1,4
BRDA:287,20,0,0
BRDA:287,20,1,10
BRDA:287,21,0,10
BRDA:287,21,1,10
BRDA:292,22,0,0
BRDA:292,22,1,10
BRDA:297,23,0,1
BRDA:297,23,1,9
BRDA:297,24,0,10
BRDA:297,24,1,2
BRDA:297,24,2,1
BRDA:303,25,0,0
BRDA:303,25,1,10
BRDA:303,26,0,10
BRDA:303,26,1,0
BRDA:303,26,2,0
BRDA:303,26,3,0
BRDA:315,27,0,10
BRDA:315,27,1,10
BRDA:321,28,0,0
BRDA:321,28,1,1
BRDA:356,29,0,3
BRDA:356,29,1,1
BRDA:357,30,0,3
BRDA:357,30,1,0
BRDA:362,31,0,1
BRDA:362,31,1,2
BRDA:366,32,0,1
BRDA:366,32,1,1
BRDA:383,33,0,1
BRDA:383,33,1,2
BRDA:385,34,0,1
BRDA:385,34,1,0
BRDA:394,35,0,1
BRDA:394,35,1,1
BRDA:410,36,0,1
BRDA:410,36,1,31
BRDA:431,37,0,0
BRDA:431,37,1,32
BRDA:431,38,0,0
BRDA:431,38,1,32
BRDA:471,39,0,5
BRDA:471,39,1,27
BRDA:471,40,0,5
BRDA:471,40,1,5
BRDA:489,41,0,32
BRDA:489,41,1,31
BRDA:493,42,0,31
BRDA:493,42,1,1
BRDA:495,43,0,6
BRDA:495,43,1,25
BRDA:505,44,0,6
BRDA:505,44,1,26
BRDA:506,45,0,32
BRDA:506,45,1,32
BRDA:506,45,2,0
BRDA:512,46,0,32
BRDA:512,46,1,32
BRDA:512,46,2,5
BRDA:519,47,0,32
BRDA:519,47,1,26
BRDA:519,47,2,25
BRDA:526,48,0,25
BRDA:526,48,1,1
BRDA:534,49,0,32
BRDA:534,49,1,6
BRDA:540,50,0,6
BRDA:540,50,1,0
BRDA:541,51,0,6
BRDA:541,51,1,0
BRDA:546,52,0,32
BRDA:546,52,1,1
BRDA:558,53,0,32
BRDA:558,53,1,6
BRDA:558,54,0,32
BRDA:558,54,1,29
BRDA:561,55,0,0
BRDA:561,55,1,6
BRDA:562,56,0,1
BRDA:562,56,1,5
BRDA:567,57,0,32
BRDA:567,57,1,1
BRDA:570,58,0,1
BRDA:570,58,1,0
BRDA:578,59,0,0
BRDA:578,59,1,1
BRDA:595,60,0,32
BRDA:595,60,1,32
BRDA:595,60,2,32
BRDA:596,61,0,32
BRDA:596,61,1,32
BRDA:596,61,2,32
BRDA:605,62,0,32
BRDA:605,62,1,31
BRDA:618,63,0,0
BRDA:618,63,1,32
BRDA:618,64,0,32
BRDA:618,64,1,32
BRDA:672,65,0,0
BRDA:672,65,1,1
BRDA:673,66,0,0
BRDA:673,66,1,1
BRDA:685,67,0,0
BRDA:685,67,1,1
BRDA:687,68,0,0
BRDA:687,68,1,1
BRDA:688,69,0,0
BRDA:688,69,1,1
BRDA:693,70,0,1
BRDA:693,70,1,1
BRF:150
BRH:121
end_of_record
TN:
SF:src\2_ecosystems\ProductSize\ProductSize.js
FN:69,ProductSize
FN:99,(anonymous_1)
FN:102,(anonymous_2)
FN:112,(anonymous_3)
FN:115,(anonymous_4)
FN:128,(anonymous_5)
FN:144,checkRange
FN:159,(anonymous_7)
FN:176,onExitClick
FN:180,handleExit
FN:185,handleClose
FN:189,numberToFixed
FN:201,onWidthChange
FN:206,onHeightChange
FN:211,onApplyClick
FN:216,getCenterTop
FN:225,renderWarningModals
FN:247,handleKeyup
FN:304,(anonymous_18)
FN:341,ProductList
FN:351,(anonymous_20)
FN:366,mapStateToProps
FN:376,mapDispatchToProps
FN:378,(anonymous_23)
FNF:24
FNH:21
FNDA:36,ProductSize
FNDA:108,(anonymous_1)
FNDA:12,(anonymous_2)
FNDA:9,(anonymous_3)
FNDA:6,(anonymous_4)
FNDA:8,(anonymous_5)
FNDA:12,checkRange
FNDA:9,(anonymous_7)
FNDA:3,onExitClick
FNDA:1,handleExit
FNDA:1,handleClose
FNDA:6,numberToFixed
FNDA:3,onWidthChange
FNDA:3,onHeightChange
FNDA:1,onApplyClick
FNDA:37,getCenterTop
FNDA:36,renderWarningModals
FNDA:1,handleKeyup
FNDA:108,(anonymous_18)
FNDA:34,ProductList
FNDA:68,(anonymous_20)
FNDA:0,mapStateToProps
FNDA:0,mapDispatchToProps
FNDA:0,(anonymous_23)
DA:24,1
DA:67,1
DA:70,36
DA:71,36
DA:72,36
DA:73,36
DA:74,36
DA:75,36
DA:76,36
DA:77,36
DA:78,36
DA:79,36
DA:80,36
DA:81,36
DA:82,36
DA:84,36
DA:85,36
DA:99,108
DA:102,36
DA:103,12
DA:104,12
DA:105,3
DA:108,9
DA:112,36
DA:113,9
DA:114,9
DA:115,6
DA:116,3
DA:117,2
DA:118,2
DA:121,7
DA:123,0
DA:124,0
DA:128,36
DA:129,8
DA:130,2
DA:131,2
DA:132,2
DA:133,2
DA:134,2
DA:137,6
DA:138,6
DA:139,6
DA:140,6
DA:145,12
DA:146,12
DA:148,12
DA:149,9
DA:150,9
DA:153,3
DA:158,3
DA:159,3
DA:160,9
DA:162,9
DA:163,9
DA:166,9
DA:171,9
DA:173,3
DA:177,3
DA:181,1
DA:182,1
DA:186,1
DA:190,6
DA:191,0
DA:193,6
DA:194,6
DA:195,6
DA:196,2
DA:198,4
DA:202,3
DA:203,3
DA:207,3
DA:208,3
DA:212,1
DA:213,1
DA:217,37
DA:218,37
DA:219,37
DA:220,37
DA:221,37
DA:222,37
DA:226,36
DA:228,36
DA:248,1
DA:249,1
DA:253,36
DA:255,36
DA:304,108
DA:332,1
DA:342,34
DA:343,34
DA:345,34
DA:352,68
DA:361,1
DA:367,0
DA:377,0
DA:379,0
DA:384,1
LF:98
LH:92
BRDA:81,0,0,36
BRDA:81,0,1,0
BRDA:104,1,0,3
BRDA:104,1,1,9
BRDA:104,2,0,12
BRDA:104,2,1,6
BRDA:113,3,0,9
BRDA:113,3,1,0
BRDA:114,4,0,3
BRDA:114,4,1,6
BRDA:114,5,0,9
BRDA:114,5,1,3
BRDA:115,6,0,6
BRDA:115,6,1,6
BRDA:116,7,0,2
BRDA:116,7,1,1
BRDA:123,8,0,0
BRDA:123,8,1,0
BRDA:124,9,0,0
BRDA:124,9,1,0
BRDA:124,9,2,0
BRDA:129,10,0,2
BRDA:129,10,1,6
BRDA:134,11,0,2
BRDA:134,11,1,2
BRDA:134,11,2,2
BRDA:148,12,0,9
BRDA:148,12,1,3
BRDA:148,13,0,12
BRDA:148,13,1,6
BRDA:148,13,2,3
BRDA:162,14,0,9
BRDA:162,14,1,0
BRDA:163,15,0,9
BRDA:163,15,1,9
BRDA:190,16,0,0
BRDA:190,16,1,6
BRDA:195,17,0,2
BRDA:195,17,1,4
BRDA:198,18,0,4
BRDA:198,18,1,4
BRDA:248,19,0,1
BRDA:248,19,1,0
BRDA:248,20,0,1
BRDA:248,20,1,1
BRDA:253,21,0,36
BRDA:253,21,1,36
BRDA:257,22,0,36
BRDA:257,22,1,1
BRDA:279,23,0,3
BRDA:279,23,1,33
BRDA:284,24,0,0
BRDA:284,24,1,36
BRDA:284,25,0,36
BRDA:284,25,1,36
BRDA:284,25,2,36
BRDA:291,26,0,0
BRDA:291,26,1,36
BRDA:291,27,0,36
BRDA:291,27,1,36
BRDA:291,27,2,36
BRDA:298,28,0,0
BRDA:298,28,1,36
BRDA:304,29,0,0
BRDA:304,29,1,108
BRDA:305,30,0,0
BRDA:305,30,1,108
BRDA:310,31,0,26
BRDA:310,31,1,10
BRDA:314,32,0,36
BRDA:314,32,1,36
BRDA:316,33,0,36
BRDA:316,33,1,3
BRDA:352,34,0,5
BRDA:352,34,1,63
BRF:75
BRH:60
end_of_record
TN:
SF:src\2_ecosystems\Spinner\Spinner.js
FN:15,Spinner
FNF:1
FNH:1
FNDA:8,Spinner
DA:9,1
DA:16,8
DA:18,8
DA:19,8
DA:20,1
DA:21,1
DA:22,1
DA:24,7
DA:25,6
DA:26,6
DA:27,6
DA:28,6
DA:31,1
DA:34,8
DA:36,8
DA:42,8
DA:49,1
DA:55,1
LF:18
LH:18
BRDA:19,0,0,1
BRDA:19,0,1,7
BRDA:24,1,0,6
BRDA:24,1,1,1
BRDA:34,2,0,0
BRDA:34,2,1,8
BRF:6
BRH:5
end_of_record
TN:
SF:src\2_ecosystems\ViewPDFProof\ViewPDFProof.js
FN:52,(anonymous_0)
FN:70,(anonymous_1)
FN:84,(anonymous_2)
FN:85,(anonymous_3)
FN:96,(anonymous_4)
FN:100,(anonymous_5)
FN:117,(anonymous_6)
FN:133,(anonymous_7)
FN:150,(anonymous_8)
FN:177,(anonymous_9)
FN:205,mapStateToProps
FN:216,mapDispatchToProps
FN:222,(anonymous_12)
FN:224,(anonymous_13)
FNF:14
FNH:14
FNDA:8,(anonymous_0)
FNDA:8,(anonymous_1)
FNDA:9,(anonymous_2)
FNDA:27,(anonymous_3)
FNDA:5,(anonymous_4)
FNDA:1,(anonymous_5)
FNDA:3,(anonymous_6)
FNDA:22,(anonymous_7)
FNDA:1,(anonymous_8)
FNDA:1,(anonymous_9)
FNDA:1,mapStateToProps
FNDA:1,mapDispatchToProps
FNDA:1,(anonymous_12)
FNDA:1,(anonymous_13)
DA:19,1
DA:53,8
DA:55,8
DA:57,8
DA:58,8
DA:60,8
DA:71,8
DA:74,8
DA:75,3
DA:76,3
DA:79,5
DA:80,5
DA:85,9
DA:86,27
DA:88,27
DA:89,9
DA:91,9
DA:97,5
DA:101,1
DA:103,1
DA:104,1
DA:107,1
DA:108,1
DA:109,1
DA:110,1
DA:114,1
DA:118,3
DA:120,3
DA:121,1
DA:123,2
DA:124,1
DA:127,1
DA:128,1
DA:134,22
DA:135,22
DA:136,22
DA:138,22
DA:150,1
DA:177,1
DA:194,1
DA:206,1
DA:207,1
DA:217,1
DA:220,1
DA:223,1
DA:224,1
LF:46
LH:46
BRDA:66,0,0,0
BRDA:66,0,1,8
BRDA:66,1,0,8
BRDA:66,1,1,8
BRDA:74,2,0,3
BRDA:74,2,1,5
BRDA:88,3,0,9
BRDA:88,3,1,18
BRDA:88,4,0,27
BRDA:88,4,1,9
BRDA:103,5,0,1
BRDA:103,5,1,0
BRDA:103,6,0,1
BRDA:103,6,1,1
BRDA:120,7,0,1
BRDA:120,7,1,2
BRDA:123,8,0,1
BRDA:123,8,1,1
BRDA:127,9,0,1
BRDA:127,9,1,0
BRDA:127,10,0,1
BRDA:127,10,1,1
BRDA:135,11,0,2
BRDA:135,11,1,20
BRDA:135,12,0,11
BRDA:135,12,1,9
BRDA:140,13,0,22
BRDA:140,13,1,21
BRDA:146,14,0,11
BRDA:146,14,1,11
BRDA:157,15,0,22
BRDA:157,15,1,11
BRDA:166,16,0,11
BRDA:166,16,1,11
BRDA:172,17,0,22
BRDA:172,17,1,0
BRDA:209,18,0,0
BRDA:209,18,1,1
BRF:38
BRH:33
end_of_record
TN:
SF:src\4_molecules\AddonOption\AddonOption.js
FN:37,(anonymous_0)
FN:48,(anonymous_1)
FN:56,(anonymous_2)
FN:64,(anonymous_3)
FN:70,(anonymous_4)
FN:79,(anonymous_5)
FN:91,(anonymous_6)
FN:99,(anonymous_7)
FN:103,(anonymous_8)
FN:138,mapStateToProps
FN:142,mapDispatchToProps
FNF:11
FNH:11
FNDA:4,(anonymous_0)
FNDA:2,(anonymous_1)
FNDA:2,(anonymous_2)
FNDA:1,(anonymous_3)
FNDA:14,(anonymous_4)
FNDA:28,(anonymous_5)
FNDA:7,(anonymous_6)
FNDA:14,(anonymous_7)
FNDA:1,(anonymous_8)
FNDA:1,mapStateToProps
FNDA:1,mapDispatchToProps
DA:13,1
DA:38,4
DA:39,4
DA:41,4
DA:43,4
DA:49,2
DA:50,1
DA:57,2
DA:58,1
DA:65,1
DA:66,1
DA:67,1
DA:71,14
DA:72,0
DA:75,14
DA:76,14
DA:77,14
DA:79,28
DA:80,14
DA:81,14
DA:82,14
DA:84,14
DA:85,7
DA:88,14
DA:92,7
DA:93,7
DA:95,7
DA:100,14
DA:103,1
DA:129,1
DA:139,1
DA:143,1
LF:32
LH:31
BRDA:49,0,0,1
BRDA:49,0,1,1
BRDA:57,1,0,1
BRDA:57,1,1,1
BRDA:57,2,0,2
BRDA:57,2,1,2
BRDA:71,3,0,0
BRDA:71,3,1,14
BRDA:79,4,0,14
BRDA:79,4,1,0
BRDA:81,5,0,0
BRDA:81,5,1,14
BRDA:84,6,0,7
BRDA:84,6,1,7
BRDA:100,7,0,14
BRDA:100,7,1,0
BRDA:100,8,0,7
BRDA:100,8,1,7
BRDA:111,9,0,14
BRDA:111,9,1,0
BRDA:118,10,0,7
BRDA:118,10,1,7
BRDA:118,11,0,14
BRDA:118,11,1,7
BRF:24
BRH:19
end_of_record
TN:
SF:src\4_molecules\BWBulkFlyout\BWBulkFlyout.js
FN:18,(anonymous_0)
FN:35,(anonymous_1)
FN:45,selectRecord
FN:57,reloadViewList
FN:61,handleStartOverClick
FN:67,handleBackToListView
FN:78,handleEditButtonClick
FN:87,handleSaveBWSingleSelectPrompt
FN:91,handleSaveBWTextPrompt
FN:95,handleFixRecordClick
FN:101,handlePaginationReloadData
FN:107,renderRecordTile
FN:109,(anonymous_12)
FN:149,(anonymous_13)
FN:150,(anonymous_14)
FN:190,(anonymous_15)
FNF:16
FNH:15
FNDA:19,(anonymous_0)
FNDA:0,(anonymous_1)
FNDA:1,selectRecord
FNDA:6,reloadViewList
FNDA:1,handleStartOverClick
FNDA:1,handleBackToListView
FNDA:4,handleEditButtonClick
FNDA:1,handleSaveBWSingleSelectPrompt
FNDA:1,handleSaveBWTextPrompt
FNDA:1,handleFixRecordClick
FNDA:1,handlePaginationReloadData
FNDA:14,renderRecordTile
FNDA:1,(anonymous_12)
FNDA:14,(anonymous_13)
FNDA:14,(anonymous_14)
FNDA:5,(anonymous_15)
DA:16,1
DA:18,1
DA:31,19
DA:32,19
DA:33,19
DA:35,19
DA:36,0
DA:37,0
DA:38,0
DA:41,0
DA:46,1
DA:48,1
DA:49,0
DA:52,1
DA:53,1
DA:58,6
DA:62,1
DA:63,1
DA:68,1
DA:69,1
DA:70,1
DA:71,1
DA:72,1
DA:73,1
DA:74,1
DA:79,4
DA:80,4
DA:81,4
DA:82,4
DA:83,4
DA:88,1
DA:92,1
DA:96,1
DA:97,1
DA:98,1
DA:102,1
DA:103,1
DA:104,1
DA:108,14
DA:109,1
DA:115,19
DA:150,14
DA:151,14
DA:190,5
DA:208,1
LF:45
LH:40
BRDA:31,0,0,19
BRDA:31,0,1,19
BRDA:32,1,0,19
BRDA:32,1,1,19
BRDA:36,2,0,0
BRDA:36,2,1,0
BRDA:41,3,0,0
BRDA:41,3,1,0
BRDA:48,4,0,0
BRDA:48,4,1,1
BRDA:52,5,0,1
BRDA:52,5,1,0
BRDA:52,6,0,1
BRDA:52,6,1,1
BRDA:62,7,0,1
BRDA:62,7,1,0
BRDA:68,8,0,1
BRDA:68,8,1,0
BRDA:68,9,0,1
BRDA:68,9,1,1
BRDA:79,10,0,4
BRDA:79,10,1,0
BRDA:79,11,0,4
BRDA:79,11,1,4
BRDA:117,12,0,19
BRDA:117,12,1,14
BRDA:139,13,0,14
BRDA:139,13,1,14
BRDA:147,14,0,14
BRDA:147,14,1,14
BRDA:149,15,0,14
BRDA:149,15,1,14
BRDA:151,16,0,14
BRDA:151,16,1,0
BRDA:153,17,0,14
BRDA:153,17,1,14
BRDA:163,18,0,19
BRDA:163,18,1,5
BRDA:187,19,0,5
BRDA:187,19,1,5
BRDA:187,19,2,5
BRF:41
BRH:31
end_of_record
TN:
SF:src\4_molecules\BWCustomizationEdit\BWCustomizationEdit.js
FN:25,(anonymous_0)
FN:33,(anonymous_1)
FN:48,stripHtml
FN:54,handleSaveBWSingleSelectPrompt
FN:60,handleSaveBWTextPrompt
FN:66,getErrorMessage
FN:70,(anonymous_6)
FN:73,(anonymous_7)
FN:88,specialCharacterButtonMouseDown
FN:93,specialCharacterButtonClick
FN:97,handleTextPromptFocusChange
FN:104,insertSpecialCharacter
FN:114,(anonymous_12)
FN:122,renderPrompts
FN:126,(anonymous_14)
FN:142,(anonymous_15)
FN:146,(anonymous_16)
FN:156,(anonymous_17)
FN:157,(anonymous_18)
FN:168,(anonymous_19)
FN:169,(anonymous_20)
FN:176,(anonymous_21)
FN:188,(anonymous_22)
FN:189,(anonymous_23)
FN:199,(anonymous_24)
FN:210,(anonymous_25)
FN:211,(anonymous_26)
FN:226,(anonymous_27)
FN:246,(anonymous_28)
FN:246,(anonymous_29)
FN:260,(anonymous_30)
FNF:31
FNH:31
FNDA:1,(anonymous_0)
FNDA:20,(anonymous_1)
FNDA:19,stripHtml
FNDA:1,handleSaveBWSingleSelectPrompt
FNDA:1,handleSaveBWTextPrompt
FNDA:96,getErrorMessage
FNDA:96,(anonymous_6)
FNDA:38,(anonymous_7)
FNDA:1,specialCharacterButtonMouseDown
FNDA:2,specialCharacterButtonClick
FNDA:5,handleTextPromptFocusChange
FNDA:1,insertSpecialCharacter
FNDA:1,(anonymous_12)
FNDA:96,renderPrompts
FNDA:96,(anonymous_14)
FNDA:96,(anonymous_15)
FNDA:79,(anonymous_16)
FNDA:19,(anonymous_17)
FNDA:1,(anonymous_18)
FNDA:28,(anonymous_19)
FNDA:1,(anonymous_20)
FNDA:19,(anonymous_21)
FNDA:38,(anonymous_22)
FNDA:1,(anonymous_23)
FNDA:52,(anonymous_24)
FNDA:18,(anonymous_25)
FNDA:1,(anonymous_26)
FNDA:38,(anonymous_27)
FNDA:115,(anonymous_28)
FNDA:115,(anonymous_29)
FNDA:19,(anonymous_30)
DA:15,1
DA:26,1
DA:27,1
DA:32,1
DA:33,1
DA:42,20
DA:44,20
DA:45,20
DA:46,20
DA:49,19
DA:50,19
DA:51,19
DA:55,1
DA:56,1
DA:61,1
DA:62,1
DA:67,96
DA:70,96
DA:71,96
DA:73,96
DA:74,38
DA:75,19
DA:78,19
DA:79,19
DA:85,96
DA:90,1
DA:94,2
DA:98,5
DA:99,5
DA:100,1
DA:105,1
DA:107,1
DA:108,1
DA:109,1
DA:110,1
DA:111,1
DA:112,1
DA:113,1
DA:114,1
DA:115,1
DA:116,1
DA:118,1
DA:123,96
DA:124,96
DA:125,96
DA:126,96
DA:127,96
DA:129,96
DA:143,96
DA:145,39
DA:146,79
DA:147,39
DA:148,39
DA:150,39
DA:156,19
DA:157,1
DA:168,28
DA:170,1
DA:177,19
DA:183,38
DA:185,38
DA:188,38
DA:189,1
DA:199,52
DA:204,19
DA:210,18
DA:211,1
DA:227,38
DA:244,20
DA:246,115
DA:247,115
DA:248,96
DA:250,96
DA:255,19
DA:256,19
DA:260,19
DA:270,1
LF:77
LH:77
BRDA:51,0,0,19
BRDA:51,0,1,0
BRDA:51,0,2,0
BRDA:55,1,0,1
BRDA:55,1,1,0
BRDA:61,2,0,1
BRDA:61,2,1,0
BRDA:71,3,0,0
BRDA:71,3,1,96
BRDA:74,4,0,19
BRDA:74,4,1,19
BRDA:78,5,0,19
BRDA:78,5,1,0
BRDA:99,6,0,1
BRDA:99,6,1,4
BRDA:99,7,0,5
BRDA:99,7,1,5
BRDA:107,8,0,1
BRDA:107,8,1,0
BRDA:124,9,0,0
BRDA:124,9,1,96
BRDA:124,10,0,96
BRDA:124,10,1,0
BRDA:127,11,0,96
BRDA:127,11,1,45
BRDA:127,11,2,9
BRDA:133,12,0,96
BRDA:133,12,1,38
BRDA:133,12,2,7
BRDA:143,13,0,39
BRDA:143,13,1,38
BRDA:143,13,2,19
BRDA:146,14,0,39
BRDA:146,14,1,39
BRDA:147,15,0,0
BRDA:147,15,1,39
BRDA:150,16,0,20
BRDA:150,16,1,19
BRDA:155,17,0,0
BRDA:155,17,1,20
BRDA:156,18,0,19
BRDA:156,18,1,0
BRDA:156,18,2,19
BRDA:168,19,0,28
BRDA:168,19,1,0
BRDA:168,19,2,28
BRDA:172,20,0,0
BRDA:172,20,1,19
BRDA:173,21,0,0
BRDA:173,21,1,19
BRDA:174,22,0,19
BRDA:174,22,1,0
BRDA:188,23,0,38
BRDA:188,23,1,0
BRDA:188,23,2,38
BRDA:195,24,0,0
BRDA:195,24,1,38
BRDA:196,25,0,0
BRDA:196,25,1,38
BRDA:197,26,0,38
BRDA:197,26,1,0
BRDA:198,27,0,19
BRDA:198,27,1,19
BRDA:209,28,0,0
BRDA:209,28,1,19
BRDA:212,29,0,19
BRDA:212,29,1,0
BRDA:221,30,0,96
BRDA:221,30,1,38
BRDA:235,31,0,96
BRDA:235,31,1,38
BRDA:235,31,2,7
BRDA:235,31,3,2
BRDA:247,32,0,96
BRDA:247,32,1,19
BRDA:247,33,0,115
BRDA:247,33,1,96
BRDA:250,34,0,0
BRDA:250,34,1,96
BRDA:250,35,0,96
BRDA:250,35,1,96
BRDA:255,36,0,19
BRDA:255,36,1,0
BRDA:255,37,0,19
BRDA:255,37,1,19
BRF:85
BRH:61
end_of_record
TN:
SF:src\4_molecules\BWCustomizationFlyout\BWCustomizationFlyout.js
FN:55,(anonymous_0)
FN:71,(anonymous_1)
FN:104,(anonymous_2)
FN:111,(anonymous_3)
FN:118,handleOpenBWUploadFlyout
FN:124,handleOpenBWImageSelectionFlyout
FN:130,closeBWUploadFlyout
FN:134,closeBWImageSelection
FN:138,handleSelectUploadFile
FN:140,(anonymous_9)
FN:155,(anonymous_10)
FN:159,handleFileDelete
FN:165,getFileUploadConfig
FN:184,(anonymous_13)
FN:190,getSpreadsheetURL
FN:194,(anonymous_15)
FN:204,handleSelectTab
FN:214,handleViewListClick
FN:221,handleSaveBWSingleSelectPrompt
FN:225,handleChangeImageSelection
FN:232,handleSaveBWTextPrompt
FN:236,renderUploadImage
FN:263,renderCustomizationPrompts
FN:293,renderBulk
FN:335,(anonymous_24)
FN:361,(anonymous_25)
FN:385,renderImageSelection
FNF:27
FNH:24
FNDA:1,(anonymous_0)
FNDA:33,(anonymous_1)
FNDA:0,(anonymous_2)
FNDA:0,(anonymous_3)
FNDA:3,handleOpenBWUploadFlyout
FNDA:2,handleOpenBWImageSelectionFlyout
FNDA:2,closeBWUploadFlyout
FNDA:1,closeBWImageSelection
FNDA:1,handleSelectUploadFile
FNDA:1,(anonymous_9)
FNDA:1,(anonymous_10)
FNDA:1,handleFileDelete
FNDA:2,getFileUploadConfig
FNDA:0,(anonymous_13)
FNDA:6,getSpreadsheetURL
FNDA:6,(anonymous_15)
FNDA:1,handleSelectTab
FNDA:1,handleViewListClick
FNDA:2,handleSaveBWSingleSelectPrompt
FNDA:1,handleChangeImageSelection
FNDA:1,handleSaveBWTextPrompt
FNDA:9,renderUploadImage
FNDA:12,renderCustomizationPrompts
FNDA:6,renderBulk
FNDA:1,(anonymous_24)
FNDA:3,(anonymous_25)
FNDA:6,renderImageSelection
DA:22,1
DA:56,1
DA:57,1
DA:71,1
DA:97,33
DA:98,33
DA:99,33
DA:100,33
DA:102,33
DA:104,33
DA:105,0
DA:107,0
DA:111,33
DA:112,0
DA:114,0
DA:119,3
DA:120,3
DA:121,3
DA:125,2
DA:126,2
DA:127,2
DA:131,2
DA:135,1
DA:139,1
DA:140,1
DA:141,1
DA:144,33
DA:155,33
DA:156,1
DA:160,1
DA:161,1
DA:166,2
DA:167,2
DA:187,2
DA:191,6
DA:193,6
DA:194,6
DA:195,6
DA:198,6
DA:201,6
DA:205,1
DA:206,0
DA:207,0
DA:210,1
DA:211,1
DA:215,1
DA:216,1
DA:217,1
DA:222,2
DA:226,1
DA:227,1
DA:229,1
DA:233,1
DA:237,9
DA:264,12
DA:294,6
DA:336,1
DA:362,3
DA:386,6
DA:389,33
DA:403,1
LF:61
LH:55
BRDA:102,0,0,33
BRDA:102,0,1,33
BRDA:105,1,0,0
BRDA:105,1,1,0
BRDA:105,2,0,0
BRDA:105,2,1,0
BRDA:105,2,2,0
BRDA:105,2,3,0
BRDA:105,2,4,0
BRDA:112,3,0,0
BRDA:112,3,1,0
BRDA:140,4,0,1
BRDA:140,4,1,0
BRDA:160,5,0,1
BRDA:160,5,1,0
BRDA:169,6,0,2
BRDA:169,6,1,0
BRDA:193,7,0,6
BRDA:193,7,1,0
BRDA:198,8,0,6
BRDA:198,8,1,6
BRDA:205,9,0,0
BRDA:205,9,1,1
BRDA:215,10,0,1
BRDA:215,10,1,0
BRDA:226,11,0,1
BRDA:226,11,1,0
BRDA:271,12,0,12
BRDA:271,12,1,12
BRDA:301,13,0,6
BRDA:301,13,1,6
BRDA:327,14,0,6
BRDA:327,14,1,2
BRDA:332,15,0,6
BRDA:332,15,1,4
BRDA:332,15,2,4
BRDA:332,15,3,3
BRDA:332,15,4,3
BRDA:332,15,5,1
BRDA:359,16,0,6
BRDA:359,16,1,5
BRDA:359,16,2,5
BRDA:359,16,3,5
BRDA:359,16,4,5
BRDA:374,17,0,1
BRDA:374,17,1,2
BRDA:391,18,0,33
BRDA:391,18,1,6
BRDA:391,18,2,27
BRDA:392,19,0,9
BRDA:392,19,1,18
BRDA:393,20,0,6
BRDA:393,20,1,12
BRDA:396,21,0,33
BRDA:396,21,1,6
BRF:55
BRH:39
end_of_record
TN:
SF:src\4_molecules\BWDecisionFlyout\BWDecisionFlyout.js
FN:21,(anonymous_0)
FN:29,handleSelectTab
FN:46,(anonymous_2)
FN:52,(anonymous_3)
FN:71,mapStateToProps
FN:76,mapDispatchToProps
FNF:6
FNH:5
FNDA:3,(anonymous_0)
FNDA:1,handleSelectTab
FNDA:1,(anonymous_2)
FNDA:0,(anonymous_3)
FNDA:1,mapStateToProps
FNDA:1,mapDispatchToProps
DA:15,1
DA:21,1
DA:30,1
DA:31,1
DA:34,3
DA:46,1
DA:52,0
DA:63,1
DA:72,1
DA:77,1
LF:10
LH:9
BRF:0
BRH:0
end_of_record
TN:
SF:src\4_molecules\BWImageSelectionFlyout\BWImageSelectionFlyout.js
FN:25,(anonymous_0)
FN:28,handleReloadData
FN:43,(anonymous_2)
FNF:3
FNH:3
FNDA:5,(anonymous_0)
FNDA:1,handleReloadData
FNDA:1,(anonymous_2)
DA:12,1
DA:25,1
DA:26,5
DA:29,1
DA:32,5
DA:34,5
DA:35,5
DA:36,5
DA:37,11
DA:38,11
DA:39,2
DA:41,9
DA:43,1
DA:50,5
DA:68,1
DA:77,1
LF:16
LH:16
BRDA:38,0,0,2
BRDA:38,0,1,9
BRDA:42,1,0,4
BRDA:42,1,1,5
BRDA:63,2,0,5
BRDA:63,2,1,3
BRF:6
BRH:6
end_of_record
TN:
SF:src\4_molecules\BorderFlyout\BorderFlyout.js
FN:42,(anonymous_0)
FN:66,handleSetColorList
FN:68,(anonymous_2)
FN:81,handleColorSelectionOptionsClick
FN:86,changeColor
FN:91,handleSelectTab
FN:106,(anonymous_6)
FN:144,(anonymous_7)
FN:150,(anonymous_8)
FN:155,(anonymous_9)
FN:156,(anonymous_10)
FN:176,(anonymous_11)
FN:195,(anonymous_12)
FN:201,(anonymous_13)
FN:234,mapStateToProps
FN:248,mapDispatchToProps
FN:250,(anonymous_16)
FN:253,(anonymous_17)
FN:256,(anonymous_18)
FN:260,(anonymous_19)
FNF:20
FNH:9
FNDA:5,(anonymous_0)
FNDA:1,handleSetColorList
FNDA:2,(anonymous_2)
FNDA:0,handleColorSelectionOptionsClick
FNDA:0,changeColor
FNDA:2,handleSelectTab
FNDA:0,(anonymous_6)
FNDA:1,(anonymous_7)
FNDA:6,(anonymous_8)
FNDA:0,(anonymous_9)
FNDA:1,(anonymous_10)
FNDA:0,(anonymous_11)
FNDA:0,(anonymous_12)
FNDA:0,(anonymous_13)
FNDA:1,mapStateToProps
FNDA:1,mapDispatchToProps
FNDA:0,(anonymous_16)
FNDA:0,(anonymous_17)
FNDA:0,(anonymous_18)
FNDA:0,(anonymous_19)
DA:27,1
DA:42,1
DA:63,5
DA:64,5
DA:67,1
DA:68,1
DA:69,2
DA:70,1
DA:73,1
DA:76,1
DA:77,1
DA:78,1
DA:82,0
DA:83,0
DA:87,0
DA:88,0
DA:92,2
DA:93,2
DA:97,5
DA:98,5
DA:100,5
DA:101,5
DA:103,5
DA:105,5
DA:107,0
DA:108,0
DA:109,0
DA:110,0
DA:117,5
DA:119,5
DA:144,1
DA:151,6
DA:155,0
DA:156,1
DA:168,0
DA:176,0
DA:187,0
DA:195,0
DA:201,0
DA:208,1
DA:230,1
DA:235,1
DA:249,1
DA:251,0
DA:254,0
DA:257,0
DA:261,0
LF:47
LH:29
BRDA:69,0,0,1
BRDA:69,0,1,1
BRDA:92,1,0,2
BRDA:92,1,1,0
BRDA:98,2,0,5
BRDA:98,2,1,5
BRDA:100,3,0,2
BRDA:100,3,1,3
BRDA:103,4,0,5
BRDA:103,4,1,3
BRDA:103,5,0,3
BRDA:103,5,1,3
BRDA:103,5,2,3
BRDA:103,5,3,0
BRDA:107,6,0,0
BRDA:107,6,1,0
BRDA:109,7,0,0
BRDA:109,7,1,0
BRDA:109,8,0,0
BRDA:109,8,1,0
BRDA:109,8,2,0
BRDA:117,9,0,5
BRDA:117,9,1,0
BRDA:117,9,2,0
BRDA:129,10,0,5
BRDA:129,10,1,5
BRDA:129,10,2,4
BRDA:139,11,0,5
BRDA:139,11,1,5
BRDA:139,11,2,4
BRDA:139,11,3,1
BRDA:148,12,0,5
BRDA:148,12,1,5
BRDA:148,12,2,3
BRDA:152,13,0,6
BRDA:152,13,1,0
BRDA:237,14,0,1
BRDA:237,14,1,1
BRDA:237,14,2,0
BRDA:244,15,0,0
BRDA:244,15,1,1
BRF:41
BRH:27
end_of_record
TN:
SF:src\4_molecules\BorderThickness\BorderThickness.js
FN:23,(anonymous_0)
FN:40,(anonymous_1)
FN:48,(anonymous_2)
FN:60,(anonymous_3)
FN:75,(anonymous_4)
FN:89,(anonymous_5)
FN:95,(anonymous_6)
FN:108,(anonymous_7)
FN:114,(anonymous_8)
FN:122,(anonymous_9)
FN:139,(anonymous_10)
FNF:11
FNH:10
FNDA:8,(anonymous_0)
FNDA:8,(anonymous_1)
FNDA:6,(anonymous_2)
FNDA:3,(anonymous_3)
FNDA:1,(anonymous_4)
FNDA:1,(anonymous_5)
FNDA:2,(anonymous_6)
FNDA:0,(anonymous_7)
FNDA:16,(anonymous_8)
FNDA:1,(anonymous_9)
FNDA:1,(anonymous_10)
DA:11,1
DA:24,8
DA:26,8
DA:32,8
DA:33,8
DA:34,8
DA:35,8
DA:36,8
DA:37,8
DA:41,8
DA:42,1
DA:49,6
DA:50,5
DA:55,6
DA:56,6
DA:61,3
DA:62,3
DA:64,3
DA:65,1
DA:68,3
DA:69,1
DA:72,3
DA:76,1
DA:77,0
DA:80,1
DA:81,0
DA:84,1
DA:85,1
DA:89,1
DA:90,1
DA:96,2
DA:97,2
DA:99,2
DA:100,0
DA:102,2
DA:103,0
DA:105,2
DA:109,0
DA:110,0
DA:115,16
DA:116,16
DA:118,16
DA:122,1
DA:139,1
DA:166,1
DA:173,1
LF:46
LH:40
BRDA:27,0,0,8
BRDA:27,0,1,0
BRDA:28,1,0,8
BRDA:28,1,1,0
BRDA:41,2,0,1
BRDA:41,2,1,7
BRDA:41,3,0,8
BRDA:41,3,1,1
BRDA:49,4,0,5
BRDA:49,4,1,1
BRDA:55,5,0,6
BRDA:55,5,1,0
BRDA:64,6,0,1
BRDA:64,6,1,2
BRDA:68,7,0,1
BRDA:68,7,1,2
BRDA:76,8,0,0
BRDA:76,8,1,1
BRDA:80,9,0,0
BRDA:80,9,1,1
BRDA:80,10,0,1
BRDA:80,10,1,1
BRDA:84,11,0,1
BRDA:84,11,1,0
BRDA:99,12,0,0
BRDA:99,12,1,2
BRDA:102,13,0,0
BRDA:102,13,1,2
BRDA:109,14,0,0
BRDA:109,14,1,0
BRDA:121,15,0,1
BRDA:121,15,1,15
BRDA:138,16,0,1
BRDA:138,16,1,15
BRF:34
BRH:24
end_of_record
TN:
SF:src\4_molecules\BorderTool\BorderTool.js
FN:19,(anonymous_0)
FN:25,(anonymous_1)
FN:30,(anonymous_2)
FNF:3
FNH:3
FNDA:3,(anonymous_0)
FNDA:1,(anonymous_1)
FNDA:3,(anonymous_2)
DA:12,1
DA:20,3
DA:22,3
DA:26,1
DA:27,1
DA:31,3
DA:33,3
DA:44,1
LF:8
LH:8
BRF:0
BRH:0
end_of_record
TN:
SF:src\4_molecules\BulkStatus\BulkStatus.js
FN:21,(anonymous_0)
FN:29,(anonymous_1)
FN:39,(anonymous_2)
FN:52,handleFixRecordsClick
FNF:4
FNH:4
FNDA:1,(anonymous_0)
FNDA:1,(anonymous_1)
FNDA:6,(anonymous_2)
FNDA:1,handleFixRecordsClick
DA:14,1
DA:22,1
DA:23,1
DA:30,1
DA:31,1
DA:39,1
DA:53,1
DA:56,6
DA:85,1
DA:91,1
LF:10
LH:10
BRDA:58,0,0,6
BRDA:58,0,1,6
BRDA:58,0,2,5
BRDA:64,1,0,6
BRDA:64,1,1,6
BRDA:64,1,2,5
BRDA:67,2,0,1
BRDA:67,2,1,4
BRDA:70,3,0,6
BRDA:70,3,1,6
BRDA:70,3,2,5
BRDA:74,4,0,4
BRDA:74,4,1,1
BRF:13
BRH:13
end_of_record
TN:
SF:src\4_molecules\ButtonOption\ButtonOption.js
FN:39,(anonymous_0)
FN:44,(anonymous_1)
FN:60,(anonymous_2)
FN:84,(anonymous_3)
FN:86,(anonymous_4)
FN:93,(anonymous_5)
FN:98,(anonymous_6)
FN:130,mapStateToProps
FN:136,mapDispatchToProps
FNF:9
FNH:9
FNDA:10,(anonymous_0)
FNDA:4,(anonymous_1)
FNDA:20,(anonymous_2)
FNDA:10,(anonymous_3)
FNDA:20,(anonymous_4)
FNDA:20,(anonymous_5)
FNDA:4,(anonymous_6)
FNDA:1,mapStateToProps
FNDA:1,mapDispatchToProps
DA:12,1
DA:40,10
DA:41,10
DA:45,4
DA:46,2
DA:48,2
DA:49,1
DA:52,1
DA:55,4
DA:56,4
DA:61,20
DA:62,20
DA:63,20
DA:65,20
DA:67,20
DA:68,18
DA:69,18
DA:70,18
DA:73,2
DA:74,2
DA:77,20
DA:78,3
DA:81,20
DA:85,10
DA:86,20
DA:88,10
DA:94,20
DA:98,4
DA:120,1
DA:131,1
DA:137,1
LF:31
LH:31
BRDA:45,0,0,2
BRDA:45,0,1,2
BRDA:48,1,0,1
BRDA:48,1,1,1
BRDA:55,2,0,4
BRDA:55,2,1,0
BRDA:65,3,0,20
BRDA:65,3,1,0
BRDA:67,4,0,18
BRDA:67,4,1,2
BRDA:67,5,0,20
BRDA:67,5,1,18
BRDA:69,6,0,1
BRDA:69,6,1,17
BRDA:77,7,0,3
BRDA:77,7,1,17
BRDA:91,8,0,10
BRDA:91,8,1,1
BRDA:95,9,0,16
BRDA:95,9,1,4
BRDA:95,10,0,0
BRDA:95,10,1,20
BRDA:100,11,0,20
BRDA:100,11,1,0
BRDA:103,12,0,20
BRDA:103,12,1,20
BRDA:104,13,0,0
BRDA:104,13,1,20
BRF:28
BRH:23
end_of_record
TN:
SF:src\4_molecules\ColorSelectionOptions\ColorSelectionOptions.js
FN:24,(anonymous_0)
FN:41,(anonymous_1)
FN:47,(anonymous_2)
FN:54,(anonymous_3)
FN:61,(anonymous_4)
FN:67,(anonymous_5)
FN:73,(anonymous_6)
FN:79,(anonymous_7)
FNF:8
FNH:7
FNDA:6,(anonymous_0)
FNDA:6,(anonymous_1)
FNDA:1,(anonymous_2)
FNDA:1,(anonymous_3)
FNDA:1,(anonymous_4)
FNDA:1,(anonymous_5)
FNDA:0,(anonymous_6)
FNDA:8,(anonymous_7)
DA:10,1
DA:25,6
DA:27,6
DA:28,6
DA:29,6
DA:30,6
DA:31,6
DA:33,6
DA:38,6
DA:42,6
DA:43,2
DA:48,1
DA:55,1
DA:62,1
DA:63,1
DA:68,1
DA:69,1
DA:74,0
DA:80,8
DA:81,8
DA:82,8
DA:83,8
DA:122,1
DA:129,1
LF:24
LH:23
BRDA:42,0,0,2
BRDA:42,0,1,4
BRDA:42,1,0,6
BRDA:42,1,1,6
BRDA:62,2,0,1
BRDA:62,2,1,0
BRDA:68,3,0,1
BRDA:68,3,1,0
BRDA:82,4,0,0
BRDA:82,4,1,8
BRDA:82,5,0,1
BRDA:82,5,1,7
BRDA:82,6,0,8
BRDA:82,6,1,8
BRDA:82,6,2,1
BRDA:87,7,0,7
BRDA:87,7,1,1
BRDA:87,8,0,7
BRDA:87,8,1,1
BRDA:93,9,0,1
BRDA:93,9,1,7
BRDA:93,10,0,1
BRDA:93,10,1,7
BRDA:99,11,0,8
BRDA:99,11,1,7
BRDA:107,12,0,8
BRDA:107,12,1,1
BRDA:111,13,0,1
BRDA:111,13,1,0
BRDA:111,13,2,0
BRDA:111,13,3,1
BRF:31
BRH:26
end_of_record
TN:
SF:src\4_molecules\ColorSwatchList\ColorSwatchList.js
FN:14,ColorSwatchList
FN:15,handleColorSwatchClick
FN:23,(anonymous_2)
FNF:3
FNH:3
FNDA:19,ColorSwatchList
FNDA:2,handleColorSwatchClick
FNDA:6,(anonymous_2)
DA:8,1
DA:16,2
DA:17,1
DA:21,19
DA:24,6
DA:32,1
DA:36,1
LF:7
LH:7
BRDA:16,0,0,1
BRDA:16,0,1,1
BRDA:24,1,0,3
BRDA:24,1,1,3
BRF:4
BRH:4
end_of_record
TN:
SF:src\4_molecules\CurvedTextUpDown\CurvedTextUpDown.js
FN:26,(anonymous_0)
FN:32,(anonymous_1)
FN:37,(anonymous_2)
FNF:3
FNH:3
FNDA:3,(anonymous_0)
FNDA:1,(anonymous_1)
FNDA:3,(anonymous_2)
DA:14,1
DA:27,3
DA:29,3
DA:33,1
DA:34,1
DA:38,3
DA:39,3
DA:41,3
DA:58,1
LF:9
LH:9
BRDA:39,0,0,1
BRDA:39,0,1,2
BRDA:43,1,0,1
BRDA:43,1,1,2
BRDA:44,2,0,2
BRDA:44,2,1,1
BRDA:45,3,0,1
BRDA:45,3,1,2
BRDA:50,4,0,1
BRDA:50,4,1,2
BRF:10
BRH:10
end_of_record
TN:
SF:src\4_molecules\CustomColorPicker\CustomColorPicker.js
FN:29,(anonymous_0)
FN:54,(anonymous_1)
FN:58,(anonymous_2)
FN:94,(anonymous_3)
FN:115,(anonymous_4)
FN:159,(anonymous_5)
FN:164,(anonymous_6)
FN:192,(anonymous_7)
FN:206,(anonymous_8)
FN:374,(anonymous_9)
FN:385,(anonymous_10)
FN:420,TextMaskCustom
FN:425,(anonymous_12)
FNF:13
FNH:13
FNDA:9,(anonymous_0)
FNDA:10,(anonymous_1)
FNDA:3,(anonymous_2)
FNDA:2,(anonymous_3)
FNDA:4,(anonymous_4)
FNDA:1,(anonymous_5)
FNDA:1,(anonymous_6)
FNDA:24,(anonymous_7)
FNDA:23,(anonymous_8)
FNDA:6,(anonymous_9)
FNDA:6,(anonymous_10)
FNDA:12,TextMaskCustom
FNDA:19,(anonymous_12)
DA:15,1
DA:30,9
DA:32,9
DA:33,9
DA:34,9
DA:35,9
DA:36,9
DA:37,9
DA:39,9
DA:48,9
DA:49,9
DA:50,9
DA:51,9
DA:55,10
DA:59,3
DA:60,3
DA:61,3
DA:63,3
DA:64,1
DA:67,3
DA:68,1
DA:73,3
DA:74,1
DA:76,2
DA:77,1
DA:79,1
DA:80,1
DA:83,3
DA:87,3
DA:88,3
DA:95,2
DA:96,2
DA:97,2
DA:98,2
DA:100,2
DA:104,2
DA:105,1
DA:106,1
DA:107,1
DA:111,1
DA:116,4
DA:117,4
DA:118,4
DA:120,4
DA:121,2
DA:124,4
DA:125,1
DA:128,4
DA:136,4
DA:137,1
DA:138,1
DA:140,3
DA:141,1
DA:142,1
DA:144,2
DA:145,1
DA:146,1
DA:148,1
DA:149,1
DA:150,1
DA:153,4
DA:154,4
DA:155,4
DA:160,1
DA:161,1
DA:165,1
DA:166,1
DA:167,1
DA:168,1
DA:188,1
DA:193,24
DA:194,24
DA:196,24
DA:197,7
DA:200,17
DA:201,17
DA:203,24
DA:207,23
DA:208,23
DA:209,23
DA:210,23
DA:374,1
DA:375,6
DA:380,1
DA:385,1
DA:386,6
DA:392,1
DA:415,1
DA:421,12
DA:422,12
DA:426,19
DA:434,1
DA:438,1
LF:93
LH:93
BRDA:39,0,0,0
BRDA:39,0,1,9
BRDA:63,1,0,1
BRDA:63,1,1,2
BRDA:63,2,0,3
BRDA:63,2,1,3
BRDA:67,3,0,1
BRDA:67,3,1,2
BRDA:73,4,0,1
BRDA:73,4,1,2
BRDA:76,5,0,1
BRDA:76,5,1,1
BRDA:79,6,0,1
BRDA:79,6,1,0
BRDA:87,7,0,3
BRDA:87,7,1,0
BRDA:98,8,0,2
BRDA:98,8,1,2
BRDA:104,9,0,1
BRDA:104,9,1,1
BRDA:106,10,0,1
BRDA:106,10,1,0
BRDA:120,11,0,2
BRDA:120,11,1,2
BRDA:120,12,0,4
BRDA:120,12,1,3
BRDA:124,13,0,1
BRDA:124,13,1,3
BRDA:136,14,0,1
BRDA:136,14,1,3
BRDA:140,15,0,1
BRDA:140,15,1,2
BRDA:144,16,0,1
BRDA:144,16,1,1
BRDA:148,17,0,1
BRDA:148,17,1,0
BRDA:154,18,0,4
BRDA:154,18,1,0
BRDA:165,19,0,1
BRDA:165,19,1,0
BRDA:196,20,0,7
BRDA:196,20,1,17
BRDA:208,21,0,23
BRDA:208,21,1,0
BRDA:426,22,0,12
BRDA:426,22,1,7
BRF:46
BRH:38
end_of_record
TN:
SF:src\4_molecules\DeleteCanvasObjectButton\DeleteCanvasObjectButton.js
FN:16,(anonymous_0)
FN:23,(anonymous_1)
FN:27,(anonymous_2)
FN:31,(anonymous_3)
FN:38,(anonymous_4)
FN:47,(anonymous_5)
FN:73,mapStateToProps
FN:77,mapDispatchToProps
FN:83,(anonymous_8)
FN:85,(anonymous_9)
FNF:10
FNH:10
FNDA:6,(anonymous_0)
FNDA:6,(anonymous_1)
FNDA:1,(anonymous_2)
FNDA:1,(anonymous_3)
FNDA:2,(anonymous_4)
FNDA:6,(anonymous_5)
FNDA:1,mapStateToProps
FNDA:1,mapDispatchToProps
FNDA:1,(anonymous_8)
FNDA:1,(anonymous_9)
DA:17,6
DA:19,6
DA:20,6
DA:24,6
DA:28,1
DA:32,1
DA:33,1
DA:34,1
DA:39,2
DA:40,1
DA:41,1
DA:42,1
DA:48,6
DA:50,6
DA:66,1
DA:74,1
DA:78,1
DA:84,1
DA:85,1
LF:19
LH:19
BRDA:33,0,0,1
BRDA:33,0,1,0
BRDA:39,1,0,1
BRDA:39,1,1,1
BRDA:39,2,0,2
BRDA:39,2,1,1
BRDA:41,3,0,1
BRDA:41,3,1,0
BRF:8
BRH:6
end_of_record
TN:
SF:src\4_molecules\ExpandableList\ExpandableList.js
FN:32,(anonymous_0)
FN:43,(anonymous_1)
FN:47,(anonymous_2)
FN:53,(anonymous_3)
FN:62,(anonymous_4)
FN:66,(anonymous_5)
FN:106,(anonymous_6)
FN:107,(anonymous_7)
FNF:8
FNH:8
FNDA:15,(anonymous_0)
FNDA:15,(anonymous_1)
FNDA:30,(anonymous_2)
FNDA:2,(anonymous_3)
FNDA:2,(anonymous_4)
FNDA:45,(anonymous_5)
FNDA:16,(anonymous_6)
FNDA:2,(anonymous_7)
DA:10,1
DA:33,15
DA:35,15
DA:40,15
DA:44,15
DA:48,30
DA:49,0
DA:54,2
DA:55,1
DA:56,1
DA:59,2
DA:63,2
DA:67,45
DA:68,45
DA:69,45
DA:71,45
DA:72,43
DA:73,73
DA:77,45
DA:79,45
DA:107,16
DA:118,1
DA:124,1
LF:23
LH:22
BRDA:48,0,0,0
BRDA:48,0,1,30
BRDA:54,1,0,1
BRDA:54,1,1,1
BRDA:54,2,0,2
BRDA:54,2,1,1
BRDA:71,3,0,43
BRDA:71,3,1,2
BRDA:77,4,0,5
BRDA:77,4,1,40
BRDA:87,5,0,5
BRDA:87,5,1,40
BRDA:95,6,0,5
BRDA:95,6,1,40
BRDA:96,7,0,5
BRDA:96,7,1,40
BRDA:99,8,0,45
BRDA:99,8,1,5
BRDA:101,9,0,5
BRDA:101,9,1,5
BRDA:105,10,0,5
BRDA:105,10,1,5
BRDA:107,11,0,2
BRDA:107,11,1,14
BRF:24
BRH:23
end_of_record
TN:
SF:src\4_molecules\FlipButton\FlipButton.js
FN:8,(anonymous_0)
FN:9,handleFlipHorizontalClick
FN:25,handleFlipVerticalClick
FNF:3
FNH:3
FNDA:6,(anonymous_0)
FNDA:1,handleFlipHorizontalClick
FNDA:1,handleFlipVerticalClick
DA:8,1
DA:10,1
DA:12,1
DA:13,1
DA:17,1
DA:18,1
DA:21,1
DA:26,1
DA:28,1
DA:29,1
DA:33,1
DA:34,1
DA:37,1
DA:40,6
DA:54,1
LF:15
LH:15
BRDA:12,0,0,1
BRDA:12,0,1,0
BRDA:17,1,0,1
BRDA:17,1,1,0
BRDA:28,2,0,1
BRDA:28,2,1,0
BRDA:33,3,0,1
BRDA:33,3,1,0
BRF:8
BRH:4
end_of_record
TN:
SF:src\4_molecules\FontSelectionList\FontSelectionList.js
FN:24,FontSelectionList
FN:25,handleChangeItem
FN:33,(anonymous_2)
FN:37,(anonymous_3)
FNF:4
FNH:4
FNDA:2,FontSelectionList
FNDA:1,handleChangeItem
FNDA:4,(anonymous_2)
FNDA:1,(anonymous_3)
DA:9,1
DA:26,1
DA:27,1
DA:31,2
DA:34,4
DA:37,1
DA:50,1
LF:7
LH:7
BRDA:26,0,0,1
BRDA:26,0,1,0
BRDA:36,1,0,0
BRDA:36,1,1,4
BRDA:36,2,0,4
BRDA:36,2,1,4
BRDA:40,3,0,4
BRDA:40,3,1,4
BRDA:40,3,2,0
BRF:9
BRH:6
end_of_record
TN:
SF:src\4_molecules\FontSizeSelection\FontSizeSelection.js
FN:40,(anonymous_0)
FN:63,(anonymous_1)
FN:87,(anonymous_2)
FN:89,(anonymous_3)
FN:97,(anonymous_4)
FN:99,(anonymous_5)
FN:107,(anonymous_6)
FN:112,(anonymous_7)
FN:126,(anonymous_8)
FN:130,(anonymous_9)
FN:135,(anonymous_10)
FN:152,(anonymous_11)
FN:158,(anonymous_12)
FN:179,(anonymous_13)
FN:187,(anonymous_14)
FN:198,(anonymous_15)
FN:208,(anonymous_16)
FN:209,(anonymous_17)
FN:216,(anonymous_18)
FNF:19
FNH:17
FNDA:8,(anonymous_0)
FNDA:13,(anonymous_1)
FNDA:8,(anonymous_2)
FNDA:8,(anonymous_3)
FNDA:8,(anonymous_4)
FNDA:8,(anonymous_5)
FNDA:1,(anonymous_6)
FNDA:3,(anonymous_7)
FNDA:1,(anonymous_8)
FNDA:1,(anonymous_9)
FNDA:2,(anonymous_10)
FNDA:1,(anonymous_11)
FNDA:5,(anonymous_12)
FNDA:5,(anonymous_13)
FNDA:21,(anonymous_14)
FNDA:1,(anonymous_15)
FNDA:0,(anonymous_16)
FNDA:0,(anonymous_17)
FNDA:1,(anonymous_18)
DA:14,1
DA:41,8
DA:43,8
DA:44,8
DA:46,8
DA:53,8
DA:54,8
DA:55,8
DA:56,8
DA:57,8
DA:58,8
DA:59,8
DA:60,8
DA:64,13
DA:65,13
DA:66,13
DA:67,0
DA:69,13
DA:70,6
DA:74,0
DA:75,0
DA:79,13
DA:80,0
DA:88,8
DA:89,8
DA:90,8
DA:91,0
DA:94,8
DA:98,8
DA:99,8
DA:100,8
DA:101,0
DA:104,8
DA:108,1
DA:109,1
DA:113,3
DA:114,3
DA:115,0
DA:117,3
DA:120,0
DA:121,0
DA:127,1
DA:128,0
DA:130,1
DA:131,1
DA:136,2
DA:137,2
DA:140,2
DA:141,1
DA:144,1
DA:147,2
DA:148,2
DA:153,1
DA:154,1
DA:159,5
DA:160,5
DA:161,5
DA:162,5
DA:164,5
DA:165,1
DA:167,4
DA:168,1
DA:171,5
DA:172,5
DA:176,5
DA:180,5
DA:181,5
DA:182,5
DA:188,21
DA:189,21
DA:190,21
DA:192,21
DA:198,1
DA:208,0
DA:209,0
DA:216,1
DA:261,1
DA:268,1
LF:78
LH:66
BRDA:43,0,0,8
BRDA:43,0,1,0
BRDA:44,1,0,8
BRDA:44,1,1,0
BRDA:65,2,0,13
BRDA:65,2,1,0
BRDA:66,3,0,0
BRDA:66,3,1,13
BRDA:69,4,0,6
BRDA:69,4,1,7
BRDA:69,5,0,13
BRDA:69,5,1,7
BRDA:74,6,0,0
BRDA:74,6,1,0
BRDA:79,7,0,0
BRDA:79,7,1,13
BRDA:90,8,0,0
BRDA:90,8,1,8
BRDA:100,9,0,0
BRDA:100,9,1,8
BRDA:113,10,0,3
BRDA:113,10,1,0
BRDA:114,11,0,0
BRDA:114,11,1,3
BRDA:114,12,0,3
BRDA:114,12,1,3
BRDA:120,13,0,0
BRDA:120,13,1,0
BRDA:120,14,0,0
BRDA:120,14,1,0
BRDA:127,15,0,0
BRDA:127,15,1,1
BRDA:140,16,0,1
BRDA:140,16,1,1
BRDA:141,17,0,1
BRDA:141,17,1,0
BRDA:144,18,0,1
BRDA:144,18,1,0
BRDA:147,19,0,2
BRDA:147,19,1,0
BRDA:147,20,0,2
BRDA:147,20,1,2
BRDA:153,21,0,1
BRDA:153,21,1,0
BRDA:164,22,0,1
BRDA:164,22,1,4
BRDA:167,23,0,1
BRDA:167,23,1,3
BRDA:171,24,0,5
BRDA:171,24,1,0
BRDA:180,25,0,5
BRDA:180,25,1,0
BRDA:181,26,0,5
BRDA:181,26,1,0
BRDA:181,27,0,5
BRDA:181,27,1,5
BRDA:194,28,0,21
BRDA:194,28,1,20
BRDA:197,29,0,1
BRDA:197,29,1,19
BRDA:207,30,0,0
BRDA:207,30,1,20
BRDA:215,31,0,1
BRDA:215,31,1,19
BRDA:220,32,0,21
BRDA:220,32,1,1
BRDA:221,33,0,0
BRDA:221,33,1,1
BRF:68
BRH:43
end_of_record
TN:
SF:src\4_molecules\ImageFlyout\ImageFlyout.js
FN:79,(anonymous_0)
FN:128,(anonymous_1)
FN:135,(anonymous_2)
FN:143,handleSetColorList
FN:145,(anonymous_4)
FN:159,handleOpenCategoryFilter
FN:163,handlecloseCategoryFilter
FN:167,handleExpandClick
FN:172,triggerMoreOrLess
FN:176,handleSelectCategory
FN:182,handleRemoveChip
FN:183,(anonymous_11)
FN:186,handleSelectTab
FN:192,selectedZIndex
FN:196,handleBringToFrontClick
FN:202,handleSendToBackClick
FN:208,handleColorSelectionOptionsClick
FN:213,changeColor
FN:218,handleEditImagesButtonClick
FN:222,filterPanel
FN:232,(anonymous_20)
FN:237,(anonymous_21)
FN:241,(anonymous_22)
FN:242,(anonymous_23)
FN:246,(anonymous_24)
FN:253,getAngleInBoundary
FN:270,handleRotateChange
FN:281,handleRotationInput
FN:342,(anonymous_28)
FN:366,(anonymous_29)
FN:372,(anonymous_30)
FN:379,(anonymous_31)
FN:383,(anonymous_32)
FN:414,(anonymous_33)
FN:438,(anonymous_34)
FN:457,(anonymous_35)
FN:463,(anonymous_36)
FNF:37
FNH:33
FNDA:45,(anonymous_0)
FNDA:0,(anonymous_1)
FNDA:0,(anonymous_2)
FNDA:2,handleSetColorList
FNDA:4,(anonymous_4)
FNDA:5,handleOpenCategoryFilter
FNDA:1,handlecloseCategoryFilter
FNDA:1,handleExpandClick
FNDA:1,triggerMoreOrLess
FNDA:2,handleSelectCategory
FNDA:1,handleRemoveChip
FNDA:1,(anonymous_11)
FNDA:7,handleSelectTab
FNDA:47,selectedZIndex
FNDA:1,handleBringToFrontClick
FNDA:1,handleSendToBackClick
FNDA:1,handleColorSelectionOptionsClick
FNDA:1,changeColor
FNDA:1,handleEditImagesButtonClick
FNDA:9,filterPanel
FNDA:2,(anonymous_20)
FNDA:1,(anonymous_21)
FNDA:91,(anonymous_22)
FNDA:2,(anonymous_23)
FNDA:1,(anonymous_24)
FNDA:4,getAngleInBoundary
FNDA:4,handleRotateChange
FNDA:4,handleRotationInput
FNDA:0,(anonymous_28)
FNDA:1,(anonymous_29)
FNDA:18,(anonymous_30)
FNDA:1,(anonymous_31)
FNDA:2,(anonymous_32)
FNDA:1,(anonymous_33)
FNDA:1,(anonymous_34)
FNDA:1,(anonymous_35)
FNDA:0,(anonymous_36)
DA:37,1
DA:38,1
DA:40,1
DA:79,1
DA:111,45
DA:112,45
DA:113,45
DA:114,45
DA:115,45
DA:116,45
DA:117,45
DA:118,45
DA:119,45
DA:125,45
DA:126,45
DA:128,45
DA:129,0
DA:130,0
DA:133,45
DA:135,45
DA:137,0
DA:138,0
DA:139,0
DA:144,2
DA:145,2
DA:146,4
DA:147,2
DA:150,2
DA:153,2
DA:154,2
DA:155,2
DA:156,2
DA:160,5
DA:164,1
DA:168,1
DA:169,1
DA:173,1
DA:177,2
DA:178,2
DA:183,1
DA:187,7
DA:188,7
DA:193,47
DA:197,1
DA:198,1
DA:203,1
DA:204,1
DA:209,1
DA:210,1
DA:214,1
DA:215,1
DA:219,1
DA:223,9
DA:225,9
DA:233,2
DA:237,1
DA:242,91
DA:246,1
DA:254,4
DA:255,0
DA:258,4
DA:259,0
DA:262,4
DA:263,1
DA:264,1
DA:267,4
DA:271,4
DA:273,4
DA:274,2
DA:277,2
DA:282,4
DA:284,4
DA:285,1
DA:287,3
DA:288,1
DA:290,2
DA:291,2
DA:294,4
DA:297,45
DA:298,45
DA:300,45
DA:301,45
DA:303,45
DA:304,45
DA:306,45
DA:308,18
DA:334,22
DA:342,0
DA:366,1
DA:373,18
DA:379,1
DA:383,2
DA:414,1
DA:430,2
DA:438,1
DA:449,2
DA:457,1
DA:463,0
DA:468,1
LF:99
LH:90
BRDA:116,0,0,23
BRDA:116,0,1,22
BRDA:117,1,0,45
BRDA:117,1,1,22
BRDA:129,2,0,0
BRDA:129,2,1,0
BRDA:130,3,0,0
BRDA:130,3,1,0
BRDA:137,4,0,0
BRDA:137,4,1,0
BRDA:137,5,0,0
BRDA:137,5,1,0
BRDA:137,5,2,0
BRDA:146,6,0,2
BRDA:146,6,1,2
BRDA:177,7,0,2
BRDA:177,7,1,0
BRDA:187,8,0,7
BRDA:187,8,1,0
BRDA:193,9,0,25
BRDA:193,9,1,22
BRDA:197,10,0,1
BRDA:197,10,1,0
BRDA:203,11,0,1
BRDA:203,11,1,0
BRDA:223,12,0,1
BRDA:223,12,1,8
BRDA:245,13,0,9
BRDA:245,13,1,9
BRDA:246,14,0,1
BRDA:246,14,1,8
BRDA:262,15,0,1
BRDA:262,15,1,3
BRDA:262,16,0,4
BRDA:262,16,1,1
BRDA:273,17,0,2
BRDA:273,17,1,2
BRDA:284,18,0,1
BRDA:284,18,1,3
BRDA:285,19,0,1
BRDA:285,19,1,0
BRDA:287,20,0,1
BRDA:287,20,1,2
BRDA:290,21,0,2
BRDA:290,21,1,0
BRDA:298,22,0,45
BRDA:298,22,1,45
BRDA:300,23,0,34
BRDA:300,23,1,11
BRDA:303,24,0,45
BRDA:303,24,1,11
BRDA:303,25,0,11
BRDA:303,25,1,11
BRDA:303,25,2,11
BRDA:303,25,3,0
BRDA:306,26,0,18
BRDA:306,26,1,22
BRDA:306,26,2,2
BRDA:306,26,3,2
BRDA:306,26,4,1
BRDA:310,27,0,9
BRDA:310,27,1,9
BRDA:311,28,0,9
BRDA:311,28,1,9
BRDA:313,29,0,9
BRDA:313,29,1,9
BRDA:319,30,0,0
BRDA:319,30,1,18
BRDA:349,31,0,22
BRDA:349,31,1,21
BRDA:349,31,2,21
BRDA:355,32,0,1
BRDA:355,32,1,20
BRDA:361,33,0,22
BRDA:361,33,1,21
BRDA:361,33,2,12
BRDA:370,34,0,22
BRDA:370,34,1,9
BRDA:374,35,0,18
BRDA:374,35,1,0
BRDA:393,36,0,22
BRDA:393,36,1,21
BRDA:393,36,2,21
BRDA:401,37,0,22
BRDA:401,37,1,21
BRDA:401,37,2,21
BRDA:410,38,0,22
BRDA:410,38,1,21
BRDA:410,38,2,21
BRDA:414,39,0,21
BRDA:414,39,1,20
BRDA:459,40,0,2
BRDA:459,40,1,0
BRDA:459,41,0,0
BRDA:459,41,1,0
BRF:95
BRH:74
end_of_record
TN:
SF:src\4_molecules\ImageSelector\ImageSelector.js
FN:106,(anonymous_0)
FN:156,(anonymous_1)
FN:173,(anonymous_2)
FN:177,(anonymous_3)
FN:194,(anonymous_4)
FN:201,(anonymous_5)
FN:205,(anonymous_6)
FN:209,(anonymous_7)
FN:221,(anonymous_8)
FN:233,(anonymous_9)
FN:239,(anonymous_10)
FN:244,(anonymous_11)
FN:252,(anonymous_12)
FN:293,(anonymous_13)
FN:298,(anonymous_14)
FN:303,(anonymous_15)
FN:304,(anonymous_16)
FN:309,(anonymous_17)
FN:320,(anonymous_18)
FN:347,(anonymous_19)
FN:348,(anonymous_20)
FN:349,(anonymous_21)
FNF:22
FNH:16
FNDA:12,(anonymous_0)
FNDA:0,(anonymous_1)
FNDA:1,(anonymous_2)
FNDA:1,(anonymous_3)
FNDA:2,(anonymous_4)
FNDA:1,(anonymous_5)
FNDA:1,(anonymous_6)
FNDA:1,(anonymous_7)
FNDA:1,(anonymous_8)
FNDA:14,(anonymous_9)
FNDA:1,(anonymous_10)
FNDA:26,(anonymous_11)
FNDA:26,(anonymous_12)
FNDA:3,(anonymous_13)
FNDA:1,(anonymous_14)
FNDA:36,(anonymous_15)
FNDA:0,(anonymous_16)
FNDA:1,(anonymous_17)
FNDA:0,(anonymous_18)
FNDA:0,(anonymous_19)
FNDA:0,(anonymous_20)
FNDA:0,(anonymous_21)
DA:14,1
DA:107,12
DA:109,12
DA:110,12
DA:111,12
DA:112,12
DA:114,12
DA:123,12
DA:124,12
DA:125,12
DA:139,12
DA:159,12
DA:174,1
DA:177,1
DA:178,1
DA:179,1
DA:182,1
DA:191,12
DA:195,2
DA:196,1
DA:197,1
DA:202,1
DA:206,1
DA:210,1
DA:212,1
DA:213,1
DA:215,1
DA:216,1
DA:222,1
DA:224,1
DA:225,1
DA:227,1
DA:228,1
DA:234,14
DA:235,1
DA:240,1
DA:241,1
DA:245,26
DA:246,26
DA:247,26
DA:249,26
DA:253,26
DA:277,26
DA:294,3
DA:298,1
DA:304,36
DA:309,1
DA:320,0
DA:329,1
DA:345,1
LF:50
LH:49
BRDA:178,0,0,1
BRDA:178,0,1,0
BRDA:178,1,0,1
BRDA:178,1,1,1
BRDA:178,1,2,1
BRDA:195,2,0,1
BRDA:195,2,1,1
BRDA:197,3,0,1
BRDA:197,3,1,1
BRDA:212,4,0,1
BRDA:212,4,1,0
BRDA:215,5,0,1
BRDA:215,5,1,0
BRDA:224,6,0,1
BRDA:224,6,1,0
BRDA:227,7,0,1
BRDA:227,7,1,0
BRDA:234,8,0,1
BRDA:234,8,1,13
BRDA:234,9,0,14
BRDA:234,9,1,1
BRDA:240,10,0,1
BRDA:240,10,1,0
BRDA:252,11,0,26
BRDA:252,11,1,13
BRDA:253,12,0,13
BRDA:253,12,1,13
BRDA:281,13,0,26
BRDA:281,13,1,20
BRDA:284,14,0,0
BRDA:284,14,1,26
BRDA:284,15,0,3
BRDA:284,15,1,23
BRDA:285,16,0,26
BRDA:285,16,1,3
BRDA:285,16,2,3
BRDA:302,17,0,0
BRDA:302,17,1,3
BRDA:307,18,0,3
BRDA:307,18,1,3
BRDA:315,19,0,26
BRDA:315,19,1,26
BRDA:315,19,2,6
BRF:43
BRH:35
end_of_record
TN:
SF:src\4_molecules\ImageVersesSelector\ImageVersesSelector.js
FN:37,(anonymous_0)
FN:75,(anonymous_1)
FN:86,(anonymous_2)
FN:90,(anonymous_3)
FN:95,(anonymous_4)
FN:111,(anonymous_5)
FN:116,(anonymous_6)
FN:121,(anonymous_7)
FN:122,(anonymous_8)
FN:127,(anonymous_9)
FN:136,(anonymous_10)
FNF:11
FNH:8
FNDA:3,(anonymous_0)
FNDA:0,(anonymous_1)
FNDA:1,(anonymous_2)
FNDA:1,(anonymous_3)
FNDA:6,(anonymous_4)
FNDA:6,(anonymous_5)
FNDA:1,(anonymous_6)
FNDA:72,(anonymous_7)
FNDA:0,(anonymous_8)
FNDA:1,(anonymous_9)
FNDA:0,(anonymous_10)
DA:12,1
DA:38,3
DA:40,3
DA:41,3
DA:43,3
DA:47,3
DA:48,3
DA:61,3
DA:83,3
DA:87,1
DA:91,1
DA:92,1
DA:96,6
DA:97,6
DA:99,6
DA:112,6
DA:116,1
DA:122,72
DA:127,1
DA:136,0
DA:145,1
DA:160,1
LF:22
LH:21
BRDA:91,0,0,1
BRDA:91,0,1,0
BRDA:102,1,0,0
BRDA:102,1,1,6
BRDA:103,2,0,6
BRDA:103,2,1,6
BRDA:120,3,0,0
BRDA:120,3,1,6
BRDA:125,4,0,6
BRDA:125,4,1,6
BRF:10
BRH:7
end_of_record
TN:
SF:src\4_molecules\LayersFlyout\LayersFlyout.js
FN:7,(anonymous_0)
FNF:1
FNH:1
FNDA:1,(anonymous_0)
DA:7,1
DA:8,1
DA:25,1
LF:3
LH:3
BRF:0
BRH:0
end_of_record
TN:
SF:src\4_molecules\LayersPanel\LayersPanel.js
FN:26,(anonymous_0)
FN:38,(anonymous_1)
FN:44,(anonymous_2)
FN:52,(anonymous_3)
FN:64,(anonymous_4)
FN:69,(anonymous_5)
FN:75,(anonymous_6)
FN:83,(anonymous_7)
FNF:8
FNH:8
FNDA:3,(anonymous_0)
FNDA:3,(anonymous_1)
FNDA:8,(anonymous_2)
FNDA:1,(anonymous_3)
FNDA:1,(anonymous_4)
FNDA:10,(anonymous_5)
FNDA:10,(anonymous_6)
FNDA:4,(anonymous_7)
DA:11,1
DA:27,3
DA:29,3
DA:30,3
DA:31,3
DA:33,3
DA:39,3
DA:45,8
DA:46,1
DA:53,1
DA:54,1
DA:55,1
DA:57,1
DA:58,1
DA:59,1
DA:60,1
DA:65,1
DA:66,1
DA:70,10
DA:72,10
DA:76,10
DA:77,10
DA:78,10
DA:80,10
DA:84,4
DA:100,1
LF:26
LH:26
BRDA:45,0,0,1
BRDA:45,0,1,7
BRDA:53,1,0,1
BRDA:53,1,1,0
BRDA:55,2,0,1
BRDA:55,2,1,0
BRDA:65,3,0,1
BRDA:65,3,1,0
BRDA:83,4,0,10
BRDA:83,4,1,1
BRF:10
BRH:7
end_of_record
TN:
SF:src\4_molecules\LayersRow\LayersRow.js
FN:50,(anonymous_0)
FN:55,(anonymous_1)
FN:89,(anonymous_2)
FN:121,(anonymous_3)
FN:143,(anonymous_4)
FN:167,(anonymous_5)
FN:171,(anonymous_6)
FN:205,(anonymous_7)
FN:207,(anonymous_8)
FNF:9
FNH:8
FNDA:4,(anonymous_0)
FNDA:2,(anonymous_1)
FNDA:0,(anonymous_2)
FNDA:1,(anonymous_3)
FNDA:1,(anonymous_4)
FNDA:1,(anonymous_5)
FNDA:4,(anonymous_6)
FNDA:1,(anonymous_7)
FNDA:1,(anonymous_8)
DA:15,1
DA:51,4
DA:52,4
DA:56,2
DA:57,2
DA:58,2
DA:59,2
DA:60,2
DA:61,2
DA:62,2
DA:65,2
DA:66,2
DA:70,2
DA:71,2
DA:74,2
DA:90,0
DA:91,0
DA:92,0
DA:95,0
DA:96,0
DA:97,0
DA:103,0
DA:106,0
DA:122,1
DA:123,1
DA:124,1
DA:125,1
DA:126,1
DA:127,1
DA:130,1
DA:144,1
DA:145,1
DA:146,1
DA:147,1
DA:148,1
DA:149,1
DA:152,1
DA:168,1
DA:172,4
DA:173,4
DA:174,4
DA:187,1
DA:199,1
DA:203,1
DA:205,1
DA:206,1
DA:207,1
LF:47
LH:39
BRDA:65,0,0,2
BRDA:65,0,1,0
BRDA:70,1,0,2
BRDA:70,1,1,0
BRDA:70,2,0,2
BRDA:70,2,1,2
BRDA:70,2,2,2
BRDA:95,3,0,0
BRDA:95,3,1,0
BRDA:103,4,0,0
BRDA:103,4,1,0
BRDA:115,5,0,0
BRDA:115,5,1,0
BRDA:126,6,0,1
BRDA:126,6,1,0
BRDA:145,7,0,1
BRDA:145,7,1,0
BRDA:146,8,0,1
BRDA:146,8,1,0
BRDA:147,9,0,1
BRDA:147,9,1,0
BRDA:148,10,0,1
BRDA:148,10,1,0
BRDA:148,11,0,1
BRDA:148,11,1,1
BRDA:173,12,0,0
BRDA:173,12,1,4
BRDA:177,13,0,4
BRDA:177,13,1,2
BRDA:178,14,0,4
BRDA:178,14,1,1
BRDA:179,15,0,4
BRDA:179,15,1,1
BRDA:180,16,0,4
BRDA:180,16,1,4
BRDA:180,16,2,0
BRF:36
BRH:21
end_of_record
TN:
SF:src\4_molecules\LeftFlyout\LeftFlyout.js
FN:40,(anonymous_0)
FN:51,handleExpandClick
FN:72,(anonymous_2)
FN:85,(anonymous_3)
FN:93,(anonymous_4)
FN:105,(anonymous_5)
FN:108,(anonymous_6)
FN:131,ExpandButton
FNF:8
FNH:7
FNDA:9,(anonymous_0)
FNDA:1,handleExpandClick
FNDA:5,(anonymous_2)
FNDA:3,(anonymous_3)
FNDA:0,(anonymous_4)
FNDA:5,(anonymous_5)
FNDA:4,(anonymous_6)
FNDA:1,ExpandButton
DA:13,1
DA:40,1
DA:41,9
DA:42,9
DA:44,9
DA:45,1
DA:47,8
DA:48,1
DA:52,1
DA:53,1
DA:56,9
DA:64,1
DA:72,1
DA:73,5
DA:85,1
DA:86,3
DA:93,1
DA:94,0
DA:101,1
DA:105,1
DA:106,5
DA:108,5
DA:119,5
DA:126,1
DA:132,1
DA:141,1
LF:26
LH:25
BRDA:44,0,0,1
BRDA:44,0,1,8
BRDA:47,1,0,1
BRDA:47,1,1,7
BRDA:47,2,0,8
BRDA:47,2,1,2
BRDA:47,2,2,1
BRDA:58,3,0,2
BRDA:58,3,1,7
BRDA:76,4,0,5
BRDA:76,4,1,5
BRDA:120,5,0,0
BRDA:120,5,1,5
BRDA:135,6,0,0
BRDA:135,6,1,1
BRF:15
BRH:13
end_of_record
TN:
SF:src\4_molecules\LeftToolbar\LeftToolbar.js
FN:95,(anonymous_0)
FN:99,(anonymous_1)
FN:111,(anonymous_2)
FN:131,(anonymous_3)
FN:143,(anonymous_4)
FN:145,(anonymous_5)
FN:156,(anonymous_6)
FN:168,(anonymous_7)
FN:170,(anonymous_8)
FN:181,(anonymous_9)
FN:193,(anonymous_10)
FN:197,(anonymous_11)
FN:209,(anonymous_12)
FN:213,(anonymous_13)
FN:225,(anonymous_14)
FN:229,(anonymous_15)
FN:241,(anonymous_16)
FN:245,(anonymous_17)
FN:257,(anonymous_18)
FN:261,(anonymous_19)
FN:273,(anonymous_20)
FN:277,(anonymous_21)
FN:293,(anonymous_22)
FN:296,(anonymous_23)
FN:310,(anonymous_24)
FN:333,(anonymous_25)
FN:362,(anonymous_26)
FN:423,(anonymous_27)
FN:471,(anonymous_28)
FN:473,(anonymous_29)
FNF:30
FNH:26
FNDA:10,(anonymous_0)
FNDA:2,(anonymous_1)
FNDA:1,(anonymous_2)
FNDA:8,(anonymous_3)
FNDA:1,(anonymous_4)
FNDA:1,(anonymous_5)
FNDA:8,(anonymous_6)
FNDA:1,(anonymous_7)
FNDA:1,(anonymous_8)
FNDA:10,(anonymous_9)
FNDA:1,(anonymous_10)
FNDA:8,(anonymous_11)
FNDA:1,(anonymous_12)
FNDA:8,(anonymous_13)
FNDA:1,(anonymous_14)
FNDA:8,(anonymous_15)
FNDA:1,(anonymous_16)
FNDA:8,(anonymous_17)
FNDA:0,(anonymous_18)
FNDA:10,(anonymous_19)
FNDA:0,(anonymous_20)
FNDA:8,(anonymous_21)
FNDA:0,(anonymous_22)
FNDA:0,(anonymous_23)
FNDA:78,(anonymous_24)
FNDA:2,(anonymous_25)
FNDA:8,(anonymous_26)
FNDA:10,(anonymous_27)
FNDA:1,(anonymous_28)
FNDA:1,(anonymous_29)
DA:30,1
DA:96,10
DA:100,2
DA:101,2
DA:114,1
DA:116,1
DA:117,1
DA:119,0
DA:120,0
DA:122,0
DA:123,0
DA:126,1
DA:132,8
DA:133,8
DA:144,1
DA:145,1
DA:146,1
DA:147,1
DA:150,1
DA:151,1
DA:157,8
DA:158,8
DA:169,1
DA:170,1
DA:171,1
DA:172,0
DA:175,1
DA:176,1
DA:182,10
DA:183,10
DA:193,1
DA:198,8
DA:199,8
DA:209,1
DA:214,8
DA:215,8
DA:225,1
DA:230,8
DA:231,8
DA:241,1
DA:246,8
DA:247,8
DA:257,0
DA:262,10
DA:263,10
DA:273,0
DA:278,8
DA:279,8
DA:294,0
DA:295,0
DA:296,0
DA:297,0
DA:298,0
DA:300,0
DA:301,0
DA:304,0
DA:305,0
DA:311,78
DA:312,78
DA:334,2
DA:336,2
DA:363,8
DA:365,8
DA:424,10
DA:426,10
DA:437,1
DA:446,1
DA:469,1
DA:471,1
DA:472,1
DA:473,1
LF:71
LH:55
BRDA:107,0,0,2
BRDA:107,0,1,2
BRDA:109,1,0,2
BRDA:109,1,1,2
BRDA:109,1,2,2
BRDA:114,2,0,1
BRDA:114,2,1,0
BRDA:114,2,2,0
BRDA:119,3,0,0
BRDA:119,3,1,0
BRDA:119,4,0,0
BRDA:119,4,1,0
BRDA:122,5,0,0
BRDA:122,5,1,0
BRDA:139,6,0,8
BRDA:139,6,1,8
BRDA:146,7,0,1
BRDA:146,7,1,0
BRDA:150,8,0,0
BRDA:150,8,1,1
BRDA:150,9,0,1
BRDA:150,9,1,0
BRDA:164,10,0,8
BRDA:164,10,1,8
BRDA:171,11,0,0
BRDA:171,11,1,1
BRDA:175,12,0,1
BRDA:175,12,1,0
BRDA:175,13,0,1
BRDA:175,13,1,1
BRDA:205,14,0,8
BRDA:205,14,1,8
BRDA:221,15,0,8
BRDA:221,15,1,8
BRDA:237,16,0,8
BRDA:237,16,1,8
BRDA:253,17,0,8
BRDA:253,17,1,8
BRDA:289,18,0,8
BRDA:289,18,1,8
BRDA:297,19,0,0
BRDA:297,19,1,0
BRDA:300,20,0,0
BRDA:300,20,1,0
BRDA:304,21,0,0
BRDA:304,21,1,0
BRDA:304,22,0,0
BRDA:304,22,1,0
BRDA:304,22,2,0
BRDA:310,23,0,0
BRDA:310,24,0,0
BRDA:313,25,0,78
BRDA:313,25,1,54
BRDA:319,26,0,0
BRDA:319,26,1,54
BRDA:338,27,0,2
BRDA:338,27,1,0
BRDA:351,28,0,2
BRDA:351,28,1,2
BRDA:368,29,0,8
BRDA:368,29,1,0
BRDA:406,30,0,8
BRDA:406,30,1,8
BRDA:431,31,0,2
BRDA:431,31,1,8
BRF:65
BRH:38
end_of_record
TN:
SF:src\4_molecules\LimitedColorSelectionOptions\LimitedColorSelectionOptions.js
FN:29,(anonymous_0)
FN:37,(anonymous_1)
FN:48,(anonymous_2)
FN:50,(anonymous_3)
FN:57,(anonymous_4)
FN:64,(anonymous_5)
FN:70,(anonymous_6)
FN:73,(anonymous_7)
FN:82,(anonymous_8)
FN:88,(anonymous_9)
FN:93,(anonymous_10)
FN:105,(anonymous_11)
FN:111,(anonymous_12)
FN:134,(anonymous_13)
FN:140,(anonymous_14)
FN:142,(anonymous_15)
FN:149,(anonymous_16)
FN:149,(anonymous_17)
FN:151,(anonymous_18)
FN:152,(anonymous_19)
FN:173,(anonymous_20)
FNF:21
FNH:18
FNDA:3,(anonymous_0)
FNDA:6,(anonymous_1)
FNDA:5,(anonymous_2)
FNDA:8,(anonymous_3)
FNDA:8,(anonymous_4)
FNDA:4,(anonymous_5)
FNDA:6,(anonymous_6)
FNDA:2,(anonymous_7)
FNDA:1,(anonymous_8)
FNDA:2,(anonymous_9)
FNDA:0,(anonymous_10)
FNDA:1,(anonymous_11)
FNDA:12,(anonymous_12)
FNDA:8,(anonymous_13)
FNDA:0,(anonymous_14)
FNDA:0,(anonymous_15)
FNDA:12,(anonymous_16)
FNDA:12,(anonymous_17)
FNDA:12,(anonymous_18)
FNDA:16,(anonymous_19)
FNDA:6,(anonymous_20)
DA:13,1
DA:30,3
DA:32,3
DA:33,3
DA:35,3
DA:37,3
DA:38,6
DA:41,3
DA:49,5
DA:50,5
DA:51,8
DA:52,8
DA:53,8
DA:56,5
DA:57,5
DA:58,8
DA:61,5
DA:65,4
DA:66,1
DA:72,6
DA:73,1
DA:74,2
DA:77,1
DA:78,1
DA:83,1
DA:84,1
DA:85,1
DA:86,1
DA:87,1
DA:88,1
DA:89,2
DA:93,1
DA:94,0
DA:97,1
DA:100,0
DA:106,1
DA:107,1
DA:112,12
DA:113,12
DA:114,12
DA:115,12
DA:116,12
DA:117,12
DA:119,12
DA:135,8
DA:136,8
DA:138,8
DA:139,8
DA:140,0
DA:141,0
DA:142,0
DA:143,0
DA:149,12
DA:151,12
DA:152,16
DA:154,8
DA:174,6
DA:175,6
DA:188,1
DA:194,1
LF:60
LH:54
BRDA:52,0,0,8
BRDA:52,0,1,8
BRDA:65,1,0,1
BRDA:65,1,1,3
BRDA:65,2,0,4
BRDA:65,2,1,1
BRDA:72,3,0,1
BRDA:72,3,1,5
BRDA:86,4,0,1
BRDA:86,4,1,0
BRDA:87,5,0,1
BRDA:87,5,1,0
BRDA:87,6,0,1
BRDA:87,6,1,1
BRDA:89,7,0,2
BRDA:89,7,1,2
BRDA:106,8,0,1
BRDA:106,8,1,0
BRDA:116,9,0,0
BRDA:116,9,1,12
BRDA:125,10,0,6
BRDA:125,10,1,6
BRDA:139,11,0,0
BRDA:139,11,1,8
BRDA:141,12,0,0
BRDA:141,12,1,0
BRDA:149,13,0,6
BRDA:149,13,1,2
BRDA:149,14,0,6
BRDA:149,14,1,0
BRDA:151,15,0,8
BRDA:151,15,1,0
BRDA:152,16,0,8
BRDA:152,16,1,0
BRDA:171,17,0,8
BRDA:171,17,1,6
BRDA:172,18,0,8
BRDA:172,18,1,6
BRDA:174,19,0,6
BRDA:174,19,1,0
BRF:40
BRH:29
end_of_record
TN:
SF:src\4_molecules\LineSpacing\LineSpacing.js
FN:20,(anonymous_0)
FN:42,(anonymous_1)
FN:62,(anonymous_2)
FN:76,(anonymous_3)
FN:80,(anonymous_4)
FN:85,(anonymous_5)
FN:89,(anonymous_6)
FN:93,(anonymous_7)
FN:99,(anonymous_8)
FN:120,(anonymous_9)
FN:128,(anonymous_10)
FN:154,(anonymous_11)
FN:155,(anonymous_12)
FNF:13
FNH:13
FNDA:13,(anonymous_0)
FNDA:21,(anonymous_1)
FNDA:5,(anonymous_2)
FNDA:2,(anonymous_3)
FNDA:2,(anonymous_4)
FNDA:1,(anonymous_5)
FNDA:1,(anonymous_6)
FNDA:1,(anonymous_7)
FNDA:7,(anonymous_8)
FNDA:11,(anonymous_9)
FNDA:34,(anonymous_10)
FNDA:1,(anonymous_11)
FNDA:1,(anonymous_12)
DA:10,1
DA:21,13
DA:23,13
DA:24,13
DA:25,13
DA:27,13
DA:32,13
DA:33,13
DA:34,13
DA:35,13
DA:36,13
DA:37,13
DA:38,13
DA:39,13
DA:43,21
DA:44,21
DA:45,14
DA:46,1
DA:48,14
DA:49,7
DA:53,7
DA:54,1
DA:56,7
DA:57,4
DA:63,5
DA:64,3
DA:65,0
DA:67,3
DA:70,2
DA:71,2
DA:77,2
DA:78,0
DA:80,2
DA:81,2
DA:86,1
DA:90,1
DA:94,1
DA:95,1
DA:100,7
DA:101,7
DA:102,7
DA:103,7
DA:105,7
DA:106,1
DA:108,6
DA:109,0
DA:112,7
DA:113,6
DA:117,7
DA:121,11
DA:122,11
DA:123,10
DA:129,34
DA:130,34
DA:131,34
DA:133,34
DA:154,1
DA:155,1
DA:164,1
DA:191,1
LF:60
LH:57
BRDA:23,0,0,13
BRDA:23,0,1,0
BRDA:24,1,0,13
BRDA:24,1,1,0
BRDA:28,2,0,9
BRDA:28,2,1,4
BRDA:44,3,0,14
BRDA:44,3,1,7
BRDA:45,4,0,1
BRDA:45,4,1,13
BRDA:48,5,0,7
BRDA:48,5,1,7
BRDA:48,6,0,14
BRDA:48,6,1,8
BRDA:53,7,0,1
BRDA:53,7,1,6
BRDA:56,8,0,4
BRDA:56,8,1,3
BRDA:56,9,0,7
BRDA:56,9,1,4
BRDA:63,10,0,3
BRDA:63,10,1,2
BRDA:64,11,0,0
BRDA:64,11,1,3
BRDA:64,12,0,3
BRDA:64,12,1,3
BRDA:70,13,0,2
BRDA:70,13,1,0
BRDA:70,14,0,2
BRDA:70,14,1,2
BRDA:77,15,0,0
BRDA:77,15,1,2
BRDA:94,16,0,1
BRDA:94,16,1,0
BRDA:105,17,0,1
BRDA:105,17,1,6
BRDA:108,18,0,0
BRDA:108,18,1,6
BRDA:112,19,0,6
BRDA:112,19,1,1
BRDA:121,20,0,11
BRDA:121,20,1,0
BRDA:122,21,0,10
BRDA:122,21,1,1
BRDA:122,22,0,11
BRDA:122,22,1,7
BRDA:135,23,0,11
BRDA:135,23,1,23
BRDA:153,24,0,11
BRDA:153,24,1,23
BRF:50
BRH:42
end_of_record
TN:
SF:src\4_molecules\OptionsFlyout\OptionsFlyout.js
FN:9,(anonymous_0)
FNF:1
FNH:1
FNDA:1,(anonymous_0)
DA:9,1
DA:11,1
DA:12,1
DA:14,1
DA:42,1
LF:5
LH:5
BRF:0
BRH:0
end_of_record
TN:
SF:src\4_molecules\OrderTool\OrderTool.js
FN:27,OrderTool
FNF:1
FNH:1
FNDA:1,OrderTool
DA:13,1
DA:28,1
DA:29,1
DA:31,1
DA:47,1
LF:5
LH:5
BRDA:29,0,0,0
BRDA:29,0,1,1
BRDA:34,1,0,0
BRDA:34,1,1,1
BRDA:37,2,0,0
BRDA:37,2,1,1
BRF:6
BRH:3
end_of_record
TN:
SF:src\4_molecules\Pagination\Pagination.js
FN:19,(anonymous_0)
FN:28,(anonymous_1)
FN:76,(anonymous_2)
FN:83,(anonymous_3)
FN:97,(anonymous_4)
FN:102,(anonymous_5)
FN:105,(anonymous_6)
FN:115,(anonymous_7)
FNF:8
FNH:8
FNDA:6,(anonymous_0)
FNDA:10,(anonymous_1)
FNDA:3,(anonymous_2)
FNDA:10,(anonymous_3)
FNDA:1,(anonymous_4)
FNDA:77,(anonymous_5)
FNDA:1,(anonymous_6)
FNDA:1,(anonymous_7)
DA:20,6
DA:22,6
DA:23,6
DA:29,10
DA:31,10
DA:32,0
DA:35,10
DA:36,1
DA:37,7
DA:41,9
DA:42,6
DA:43,6
DA:45,6
DA:46,30
DA:49,6
DA:50,6
DA:53,3
DA:54,2
DA:55,6
DA:58,2
[...]
FNDA:1,mapBorderToSvc
FNDA:3,getLayerByName
FNDA:22,getBoundaryByName
FNDA:3,getDefaultBoundary
FNDA:0,(anonymous_17)
FNDA:1,(anonymous_18)
FNDA:0,(anonymous_19)
FNDA:0,(anonymous_20)
FNDA:0,(anonymous_21)
FNDA:6,createServiceLayer
FNDA:1,createServiceBorder
FNDA:2,getLayerSizeInInches
FNDA:3,getLayerPositionInInches
FNDA:0,getTextLayerPositionInInches
FNDA:0,getBoxLayerSizeInInches
FNDA:0,getBoxLayerPositionInInches
FNDA:2,getLayerRotation
FNDA:2,createCropObject
FNDA:2,getImageSizeOfLayer
FNDA:0,mapTextElementToLayer
FNDA:0,createLayerText
FNDA:0,mapTextToServiceLines
FNDA:0,(anonymous_35)
FNDA:0,(anonymous_36)
FNDA:0,createServiceTextValue
FNDA:0,createTextSegment
FNDA:9,getRemovedLayers
FNDA:2,(anonymous_40)
FNDA:2,(anonymous_41)
FNDA:3,(anonymous_42)
FNDA:1,(anonymous_43)
FNDA:1,createLayerImage
DA:10,9
DA:11,9
DA:13,9
DA:26,9
DA:28,9
DA:29,2
DA:30,2
DA:32,2
DA:34,2
DA:36,2
DA:37,2
DA:41,9
DA:46,2
DA:48,2
DA:50,0
DA:52,0
DA:56,0
DA:58,0
DA:64,2
DA:65,0
DA:66,0
DA:67,0
DA:68,0
DA:69,0
DA:72,2
DA:73,2
DA:77,2
DA:78,2
DA:80,2
DA:81,2
DA:83,2
DA:85,2
DA:86,2
DA:88,2
DA:90,2
DA:91,2
DA:93,2
DA:94,1
DA:95,0
DA:96,0
DA:97,0
DA:100,1
DA:101,1
DA:102,1
DA:105,1
DA:106,1
DA:110,2
DA:111,2
DA:114,2
DA:118,0
DA:119,0
DA:120,0
DA:121,0
DA:124,0
DA:125,0
DA:127,0
DA:128,0
DA:130,0
DA:132,0
DA:134,0
DA:135,0
DA:137,0
DA:139,0
DA:143,0
DA:144,0
DA:145,0
DA:146,0
DA:149,0
DA:150,0
DA:152,0
DA:153,0
DA:155,0
DA:157,0
DA:159,0
DA:160,0
DA:162,0
DA:164,0
DA:168,0
DA:170,0
DA:171,0
DA:172,0
DA:173,0
DA:174,0
DA:177,0
DA:178,0
DA:179,0
DA:182,0
DA:183,0
DA:185,0
DA:187,0
DA:189,0
DA:191,0
DA:192,0
DA:194,0
DA:195,0
DA:198,0
DA:199,0
DA:200,0
DA:201,0
DA:202,0
DA:205,0
DA:206,0
DA:207,0
DA:209,0
DA:213,0
DA:214,0
DA:218,0
DA:222,1
DA:223,1
DA:231,1
DA:232,1
DA:234,1
DA:235,1
DA:236,1
DA:239,1
DA:245,3
DA:246,1
DA:249,2
DA:250,2
DA:251,2
DA:255,0
DA:261,22
DA:262,3
DA:265,19
DA:266,25
DA:267,13
DA:271,6
DA:275,3
DA:277,3
DA:278,2
DA:280,0
DA:281,0
DA:283,1
DA:284,1
DA:286,0
DA:287,0
DA:289,0
DA:290,0
DA:293,2
DA:295,1
DA:299,3
DA:328,6
DA:365,1
DA:379,2
DA:387,3
DA:392,3
DA:393,3
DA:394,3
DA:402,0
DA:404,0
DA:405,0
DA:407,0
DA:408,0
DA:411,0
DA:415,0
DA:416,0
DA:418,0
DA:426,0
DA:427,0
DA:429,0
DA:437,2
DA:441,2
DA:442,2
DA:443,2
DA:444,2
DA:445,2
DA:447,2
DA:457,2
DA:464,0
DA:465,0
DA:466,0
DA:467,0
DA:470,0
DA:471,0
DA:472,0
DA:473,0
DA:474,0
DA:475,0
DA:476,0
DA:477,0
DA:479,0
DA:480,0
DA:481,0
DA:482,0
DA:483,0
DA:484,0
DA:486,0
DA:490,0
DA:498,0
DA:499,0
DA:501,0
DA:502,0
DA:504,0
DA:506,0
DA:507,0
DA:508,0
DA:509,0
DA:510,0
DA:511,0
DA:512,0
DA:513,0
DA:514,0
DA:516,0
DA:517,0
DA:518,0
DA:519,0
DA:520,0
DA:525,0
DA:526,0
DA:527,0
DA:530,0
DA:531,0
DA:534,0
DA:538,0
DA:539,0
DA:542,0
DA:547,0
DA:562,9
DA:563,1
DA:566,8
DA:567,2
DA:569,8
DA:570,3
DA:571,1
DA:579,1
LF:225
LH:87
BRDA:30,0,0,0
BRDA:30,0,1,2
BRDA:31,1,0,2
BRDA:31,1,1,0
BRDA:31,2,0,2
BRDA:31,2,1,2
BRDA:32,3,0,2
BRDA:32,3,1,0
BRDA:36,4,0,2
BRDA:36,4,1,0
BRDA:46,5,0,2
BRDA:46,5,1,0
BRDA:46,5,2,0
BRDA:46,5,3,0
BRDA:46,5,4,0
BRDA:64,6,0,0
BRDA:64,6,1,2
BRDA:72,7,0,2
BRDA:72,7,1,0
BRDA:93,8,0,1
BRDA:93,8,1,1
BRDA:94,9,0,0
BRDA:94,9,1,1
BRDA:101,10,0,1
BRDA:101,10,1,1
BRDA:102,11,0,1
BRDA:102,11,1,1
BRDA:105,12,0,0
BRDA:105,12,1,1
BRDA:110,13,0,1
BRDA:110,13,1,1
BRDA:110,14,0,2
BRDA:110,14,1,1
BRDA:110,14,2,1
BRDA:118,15,0,0
BRDA:118,15,1,0
BRDA:120,16,0,0
BRDA:120,16,1,0
BRDA:120,17,0,0
BRDA:120,17,1,0
BRDA:143,18,0,0
BRDA:143,18,1,0
BRDA:145,19,0,0
BRDA:145,19,1,0
BRDA:145,20,0,0
BRDA:145,20,1,0
BRDA:168,21,0,0
BRDA:168,21,1,0
BRDA:170,22,0,0
BRDA:170,22,1,0
BRDA:198,23,0,0
BRDA:198,23,1,0
BRDA:199,24,0,0
BRDA:199,24,1,0
BRDA:206,25,0,0
BRDA:206,25,1,0
BRDA:207,26,0,0
BRDA:207,26,1,0
BRDA:213,27,0,0
BRDA:213,27,1,0
BRDA:213,28,0,0
BRDA:213,28,1,0
BRDA:213,28,2,0
BRDA:222,29,0,1
BRDA:222,29,1,0
BRDA:234,30,0,1
BRDA:234,30,1,0
BRDA:236,31,0,1
BRDA:236,31,1,0
BRDA:245,32,0,1
BRDA:245,32,1,2
BRDA:250,33,0,2
BRDA:250,33,1,0
BRDA:261,34,0,3
BRDA:261,34,1,19
BRDA:266,35,0,13
BRDA:266,35,1,12
BRDA:277,36,0,2
BRDA:277,36,1,1
BRDA:278,37,0,0
BRDA:278,37,1,1
BRDA:278,37,2,0
BRDA:278,37,3,0
BRDA:293,38,0,1
BRDA:293,38,1,1
BRDA:304,39,0,4
BRDA:305,40,0,4
BRDA:306,41,0,6
BRDA:307,42,0,4
BRDA:308,43,0,6
BRDA:309,44,0,6
BRDA:310,45,0,6
BRDA:311,46,0,6
BRDA:312,47,0,6
BRDA:313,48,0,4
BRDA:318,49,0,6
BRDA:319,50,0,6
BRDA:320,51,0,4
BRDA:321,52,0,4
BRDA:326,53,0,6
BRDA:346,54,0,0
BRDA:347,55,0,1
BRDA:348,56,0,0
BRDA:349,57,0,1
BRDA:350,58,0,0
BRDA:351,59,0,0
BRDA:356,60,0,1
BRDA:357,61,0,1
BRDA:358,62,0,0
BRDA:363,63,0,1
BRDA:392,64,0,2
BRDA:392,64,1,1
BRDA:393,65,0,2
BRDA:393,65,1,1
BRDA:404,66,0,0
BRDA:404,66,1,0
BRDA:404,67,0,0
BRDA:404,67,1,0
BRDA:407,68,0,0
BRDA:407,68,1,0
BRDA:407,69,0,0
BRDA:407,69,1,0
BRDA:437,70,0,0
BRDA:437,70,1,2
BRDA:464,71,0,0
BRDA:464,71,1,0
BRDA:480,72,0,0
BRDA:480,72,1,0
BRDA:497,73,0,0
BRDA:504,74,0,0
BRDA:504,74,1,0
BRDA:504,74,2,0
BRDA:508,75,0,0
BRDA:508,75,1,0
BRDA:519,76,0,0
BRDA:519,76,1,0
BRDA:526,77,0,0
BRDA:526,77,1,0
BRDA:538,78,0,0
BRDA:538,78,1,0
BRDA:538,79,0,0
BRDA:538,79,1,0
BRDA:562,80,0,1
BRDA:562,80,1,8
BRDA:566,81,0,2
BRDA:566,81,1,0
BRDA:566,81,2,0
BRDA:574,82,0,1
BRDA:575,83,0,1
BRDA:576,84,0,1
BRDA:577,85,0,1
BRF:151
BRH:69
end_of_record
TN:
SF:src\utils\setupUtils.js
FN:1,isServiceSetup
FNF:1
FNH:1
FNDA:12,isServiceSetup
DA:2,12
LF:1
LH:1
BRDA:2,0,0,12
BRDA:2,0,1,3
BRF:2
BRH:2
end_of_record
TN:
SF:src\utils\stockUtils.js
FN:5,getStockInCanvas
FN:19,createStockRGBObject
FN:62,createStockImageObject
FNF:3
FNH:3
FNDA:2,getStockInCanvas
FNDA:1,createStockRGBObject
FNDA:12,createStockImageObject
DA:6,2
DA:9,2
DA:10,1
DA:11,1
DA:12,1
DA:16,2
DA:20,1
DA:21,1
DA:22,1
DA:23,1
DA:24,1
DA:26,1
DA:28,1
DA:31,1
DA:32,1
DA:33,1
DA:35,1
DA:36,1
DA:38,1
DA:40,1
DA:63,12
DA:65,12
DA:66,12
DA:68,12
DA:69,12
DA:71,12
DA:73,12
DA:74,1
DA:77,12
DA:78,12
DA:80,12
DA:81,12
DA:83,12
DA:84,12
DA:86,12
DA:93,12
LF:36
LH:36
BRDA:10,0,0,1
BRDA:10,0,1,0
BRDA:26,1,0,1
BRDA:26,1,1,0
BRDA:31,2,0,1
BRDA:31,2,1,0
BRDA:31,3,0,1
BRDA:31,3,1,1
BRDA:73,4,0,1
BRDA:73,4,1,11
BRF:10
BRH:7
end_of_record
TN:
SF:src\utils\stringUtils.js
FN:1,(anonymous_0)
FN:5,(anonymous_1)
FNF:2
FNH:2
FNDA:2,(anonymous_0)
FNDA:10,(anonymous_1)
DA:1,1
DA:2,2
DA:5,1
DA:6,10
DA:7,1
DA:10,9
LF:6
LH:6
BRDA:2,0,0,1
BRDA:2,0,1,1
BRDA:2,1,0,2
BRDA:2,1,1,1
BRDA:6,2,0,1
BRDA:6,2,1,9
BRDA:6,3,0,10
BRDA:6,3,1,9
BRF:8
BRH:8
end_of_record
TN:
SF:src\utils\textUtils.js
FN:20,createEditorState
FN:37,(anonymous_1)
FN:39,(anonymous_2)
FN:61,createCurvedEditorState
FN:75,(anonymous_4)
FN:77,(anonymous_5)
FN:103,createTextModel
FN:108,(anonymous_7)
FN:112,(anonymous_8)
FN:134,editorContentAreSame
FN:139,defaultSelection
FN:164,generateComponentKey
FN:173,refreshKey
FN:180,refreshAllKeys
FN:181,(anonymous_14)
FN:185,getFontsOfHighlightedCharacters
FN:189,(anonymous_16)
FN:196,getFontSizesOfHighlightedCharacters
FN:200,(anonymous_18)
FN:207,getFontColorsOfHighlightedCharacters
FN:211,(anonymous_20)
FN:218,getBoldOfHighlightedCharacters
FN:222,(anonymous_22)
FN:231,getItalicOfHighlightedCharacters
FN:235,(anonymous_24)
FN:243,getUnderscoreOfHighlightedCharacters
FN:247,(anonymous_26)
FN:256,getSelectionOrDefault
FN:273,getHighlightedSegments
FN:301,getAllSegments
FN:316,getHighlightedOrAllSegments
FN:329,isNotRangeSelection
FN:335,startAtSegmentEnd
FN:339,endAtSegmentStart
FN:343,getTextEditorHeightInPercentage
FN:350,getTextEditorRealContentPixelSize
FN:370,getTextEditorRealContentPixelSizeWidthElement
FN:371,(anonymous_37)
FN:373,(anonymous_38)
FN:375,(anonymous_39)
FN:390,getTextElementWidthInPixel
FN:394,getTextElementHeightInPixel
FN:398,editorInchToPixel
FN:402,getFontsOfText
FN:405,(anonymous_44)
FN:406,(anonymous_45)
FN:414,editorPixelToInch
FN:418,fontBehaviorAutoSize
FN:429,fontBehaviorCurved
FN:448,isAutoSizingText
FN:467,isAutoFontMinSize
FN:473,autoFontMinSizeAdjustCoords
FN:506,isCurveText
FN:510,isCurveFontBehavior
FN:514,getCurveBehavior
FN:525,addTextAction
FN:529,getTextAction
FN:536,getNormalTextMaxHeight
FN:553,getLineHeightsOfHighlightedCharacters
FN:556,(anonymous_59)
FNF:60
FNH:55
FNDA:11,createEditorState
FNDA:11,(anonymous_1)
FNDA:11,(anonymous_2)
FNDA:7,createCurvedEditorState
FNDA:7,(anonymous_4)
FNDA:7,(anonymous_5)
FNDA:29,createTextModel
FNDA:28,(anonymous_7)
FNDA:28,(anonymous_8)
FNDA:5,editorContentAreSame
FNDA:6,defaultSelection
FNDA:5,generateComponentKey
FNDA:34,refreshKey
FNDA:4,refreshAllKeys
FNDA:4,(anonymous_14)
FNDA:17,getFontsOfHighlightedCharacters
FNDA:17,(anonymous_16)
FNDA:18,getFontSizesOfHighlightedCharacters
FNDA:18,(anonymous_18)
FNDA:19,getFontColorsOfHighlightedCharacters
FNDA:19,(anonymous_20)
FNDA:18,getBoldOfHighlightedCharacters
FNDA:18,(anonymous_22)
FNDA:18,getItalicOfHighlightedCharacters
FNDA:18,(anonymous_24)
FNDA:18,getUnderscoreOfHighlightedCharacters
FNDA:18,(anonymous_26)
FNDA:128,getSelectionOrDefault
FNDA:124,getHighlightedSegments
FNDA:0,getAllSegments
FNDA:124,getHighlightedOrAllSegments
FNDA:124,isNotRangeSelection
FNDA:3,startAtSegmentEnd
FNDA:3,endAtSegmentStart
FNDA:13,getTextEditorHeightInPercentage
FNDA:7,getTextEditorRealContentPixelSize
FNDA:0,getTextEditorRealContentPixelSizeWidthElement
FNDA:0,(anonymous_37)
FNDA:0,(anonymous_38)
FNDA:0,(anonymous_39)
FNDA:26,getTextElementWidthInPixel
FNDA:24,getTextElementHeightInPixel
FNDA:58,editorInchToPixel
FNDA:1,getFontsOfText
FNDA:1,(anonymous_44)
FNDA:1,(anonymous_45)
FNDA:46,editorPixelToInch
FNDA:2,fontBehaviorAutoSize
FNDA:2,fontBehaviorCurved
FNDA:145,isAutoSizingText
FNDA:7,isAutoFontMinSize
FNDA:1,autoFontMinSizeAdjustCoords
FNDA:151,isCurveText
FNDA:22,isCurveFontBehavior
FNDA:9,getCurveBehavior
FNDA:5,addTextAction
FNDA:8,getTextAction
FNDA:9,getNormalTextMaxHeight
FNDA:16,getLineHeightsOfHighlightedCharacters
FNDA:16,(anonymous_59)
DA:9,1
DA:11,1
DA:12,1
DA:21,11
DA:22,11
DA:23,11
DA:25,11
DA:32,11
DA:37,11
DA:38,11
DA:39,11
DA:40,11
DA:51,11
DA:52,11
DA:54,11
DA:56,11
DA:58,11
DA:62,7
DA:63,7
DA:64,7
DA:70,7
DA:75,7
DA:76,7
DA:77,7
DA:78,7
DA:88,7
DA:89,7
DA:91,7
DA:92,7
DA:94,7
DA:96,7
DA:97,7
DA:99,7
DA:104,29
DA:109,28
DA:111,28
DA:113,28
DA:131,29
DA:135,5
DA:140,6
DA:141,6
DA:142,6
DA:143,6
DA:144,6
DA:145,6
DA:147,6
DA:163,1
DA:165,5
DA:166,1
DA:169,5
DA:174,34
DA:175,9
DA:181,4
DA:186,17
DA:187,17
DA:189,17
DA:190,17
DA:192,17
DA:197,18
DA:198,18
DA:200,18
DA:201,18
DA:203,18
DA:208,19
DA:209,19
DA:211,19
DA:212,19
DA:214,19
DA:219,18
DA:220,18
DA:222,18
DA:223,18
DA:224,17
DA:227,18
DA:232,18
DA:233,18
DA:235,18
DA:236,18
DA:237,17
DA:240,18
DA:244,18
DA:245,18
DA:247,18
DA:248,18
DA:249,17
DA:252,18
DA:257,128
DA:270,128
DA:274,124
DA:276,124
DA:277,121
DA:278,121
DA:281,3
DA:282,3
DA:283,3
DA:284,3
DA:285,3
DA:287,3
DA:288,3
DA:290,3
DA:291,3
DA:294,3
DA:298,3
DA:302,0
DA:304,0
DA:305,0
DA:307,0
DA:308,0
DA:309,0
DA:313,0
DA:317,124
DA:318,124
DA:319,124
DA:320,124
DA:323,0
DA:326,124
DA:330,124
DA:332,124
DA:336,3
DA:340,3
DA:344,13
DA:345,13
DA:347,13
DA:352,7
DA:354,7
DA:355,0
DA:358,7
DA:359,7
DA:360,7
DA:362,7
DA:363,7
DA:371,0
DA:372,0
DA:374,0
DA:376,0
DA:381,0
DA:382,0
DA:387,0
DA:391,26
DA:395,24
DA:399,58
DA:403,1
DA:405,1
DA:406,1
DA:407,1
DA:411,1
DA:415,46
DA:419,2
DA:430,2
DA:449,145
DA:451,145
DA:452,136
DA:455,9
DA:456,9
DA:458,9
DA:459,3
DA:460,3
DA:464,9
DA:468,7
DA:469,7
DA:470,7
DA:474,1
DA:475,1
DA:479,1
DA:485,1
DA:487,1
DA:498,1
DA:503,1
DA:507,151
DA:511,22
DA:515,9
DA:516,9
DA:517,9
DA:521,0
DA:524,1
DA:526,5
DA:530,8
DA:531,8
DA:533,8
DA:537,9
DA:538,7
DA:541,2
DA:542,2
DA:543,2
DA:544,2
DA:545,2
DA:546,2
DA:547,2
DA:549,2
DA:554,16
DA:555,16
DA:556,16
DA:557,16
DA:558,0
DA:561,16
LF:195
LH:177
BRDA:20,0,0,1
BRDA:20,1,0,1
BRDA:22,2,0,11
BRDA:22,2,1,0
BRDA:45,3,0,0
BRDA:45,3,1,11
BRDA:46,4,0,0
BRDA:46,4,1,11
BRDA:49,5,0,10
BRDA:49,5,1,1
BRDA:49,6,0,11
BRDA:49,6,1,10
BRDA:61,7,0,7
BRDA:83,8,0,0
BRDA:83,8,1,7
BRDA:84,9,0,0
BRDA:84,9,1,7
BRDA:88,10,0,7
BRDA:88,10,1,0
BRDA:107,11,0,29
BRDA:107,11,1,0
BRDA:114,12,0,0
BRDA:114,12,1,28
BRDA:119,13,0,24
BRDA:119,13,1,4
BRDA:135,14,0,5
BRDA:135,14,1,3
BRDA:165,15,0,1
BRDA:165,15,1,4
BRDA:174,16,0,9
BRDA:174,16,1,25
BRDA:223,17,0,17
BRDA:223,17,1,1
BRDA:236,18,0,17
BRDA:236,18,1,1
BRDA:248,19,0,17
BRDA:248,19,1,1
BRDA:270,20,0,124
BRDA:270,20,1,4
BRDA:276,21,0,121
BRDA:276,21,1,3
BRDA:284,22,0,3
BRDA:284,22,1,0
BRDA:285,23,0,3
BRDA:285,23,1,0
BRDA:290,24,0,3
BRDA:290,24,1,0
BRDA:290,25,0,3
BRDA:290,25,1,3
BRDA:318,26,0,124
BRDA:318,26,1,0
BRDA:332,27,0,124
BRDA:332,27,1,124
BRDA:332,27,2,124
BRDA:336,28,0,3
BRDA:336,28,1,3
BRDA:336,28,2,3
BRDA:340,29,0,3
BRDA:340,29,1,3
BRDA:340,29,2,3
BRDA:352,30,0,6
BRDA:352,30,1,1
BRDA:354,31,0,0
BRDA:354,31,1,7
BRDA:358,32,0,6
BRDA:358,32,1,1
BRDA:359,33,0,7
BRDA:359,33,1,4
BRDA:360,34,0,3
BRDA:360,34,1,4
BRDA:361,35,0,0
BRDA:361,35,1,4
BRDA:361,36,0,7
BRDA:361,36,1,4
BRDA:362,37,0,7
BRDA:362,37,1,4
BRDA:365,38,0,7
BRDA:365,38,1,1
BRDA:366,39,0,7
BRDA:366,39,1,4
BRDA:371,40,0,0
BRDA:371,40,1,0
BRDA:372,41,0,0
BRDA:372,41,1,0
BRDA:376,42,0,0
BRDA:376,42,1,0
BRDA:376,42,2,0
BRDA:382,43,0,0
BRDA:382,43,1,0
BRDA:451,44,0,136
BRDA:451,44,1,9
BRDA:451,45,0,145
BRDA:451,45,1,135
BRDA:458,46,0,3
BRDA:458,46,1,6
BRDA:458,47,0,9
BRDA:458,47,1,9
BRDA:458,47,2,3
BRDA:468,48,0,0
BRDA:468,48,1,7
BRDA:507,49,0,151
BRDA:507,49,1,79
BRDA:507,49,2,135
BRDA:511,50,0,22
BRDA:511,50,1,17
BRDA:516,51,0,9
BRDA:516,51,1,0
BRDA:537,52,0,7
BRDA:537,52,1,2
BRDA:557,53,0,0
BRDA:557,53,1,16
BRF:111
BRH:85
end_of_record
TN:
SF:src\utils\themeUtil.js
FN:45,customizeTheme
FNF:1
FNH:1
FNDA:2,customizeTheme
DA:4,1
DA:46,2
DA:48,2
DA:53,2
DA:59,2
DA:65,2
DA:74,2
DA:116,2
DA:123,2
DA:233,2
DA:235,2
DA:236,1
DA:237,1
DA:240,1
DA:241,1
DA:244,1
DA:249,2
DA:251,2
DA:252,1
DA:253,1
DA:256,1
DA:257,1
DA:258,1
DA:261,1
DA:262,1
DA:265,1
DA:266,1
DA:274,2
DA:280,2
DA:282,2
LF:30
LH:30
BRDA:235,0,0,1
BRDA:235,0,1,1
BRDA:235,1,0,2
BRDA:235,1,1,1
BRDA:235,1,2,1
BRDA:236,2,0,1
BRDA:236,2,1,0
BRDA:240,3,0,1
BRDA:240,3,1,0
BRDA:245,4,0,1
BRDA:245,4,1,0
BRDA:245,4,2,0
BRDA:246,5,0,1
BRDA:246,5,1,0
BRDA:251,6,0,1
BRDA:251,6,1,1
BRDA:251,7,0,2
BRDA:251,7,1,1
BRDA:251,7,2,1
BRDA:252,8,0,1
BRDA:252,8,1,0
BRDA:256,9,0,1
BRDA:256,9,1,0
BRDA:261,10,0,1
BRDA:261,10,1,0
BRDA:265,11,0,1
BRDA:265,11,1,0
BRDA:265,12,0,1
BRDA:265,12,1,0
BRDA:268,13,0,1
BRDA:268,13,1,0
BRDA:269,14,0,1
BRDA:269,14,1,0
BRDA:270,15,0,1
BRDA:270,15,1,0
BRF:35
BRH:22
end_of_record
TN:
SF:src\utils\toolbarUtils.js
FN:5,getFontSelectionValue
FN:11,(anonymous_1)
FN:14,(anonymous_2)
FN:22,(anonymous_3)
FN:29,getFontSizeSelectionValue
FN:35,(anonymous_5)
FN:38,(anonymous_6)
FN:48,getFontImageColorSelectionValue
FN:54,(anonymous_8)
FN:58,(anonymous_9)
FN:66,(anonymous_10)
FN:75,(anonymous_11)
FN:84,(anonymous_12)
FN:102,getTextAlignmentValue
FN:108,(anonymous_14)
FN:118,getTextBold
FN:124,(anonymous_16)
FN:135,getTextItalic
FN:141,(anonymous_18)
FN:152,getTextUnderscore
FN:158,(anonymous_20)
FN:169,getTextLineHeights
FN:175,(anonymous_22)
FN:179,(anonymous_23)
FN:190,getCurveInvertYRadius
FNF:25
FNH:23
FNDA:26,getFontSelectionValue
FNDA:17,(anonymous_1)
FNDA:17,(anonymous_2)
FNDA:17,(anonymous_3)
FNDA:27,getFontSizeSelectionValue
FNDA:18,(anonymous_5)
FNDA:18,(anonymous_6)
FNDA:133,getFontImageColorSelectionValue
FNDA:19,(anonymous_8)
FNDA:19,(anonymous_9)
FNDA:36,(anonymous_10)
FNDA:6,(anonymous_11)
FNDA:0,(anonymous_12)
FNDA:25,getTextAlignmentValue
FNDA:17,(anonymous_14)
FNDA:25,getTextBold
FNDA:17,(anonymous_16)
FNDA:25,getTextItalic
FNDA:17,(anonymous_18)
FNDA:25,getTextUnderscore
FNDA:17,(anonymous_20)
FNDA:25,getTextLineHeights
FNDA:17,(anonymous_22)
FNDA:0,(anonymous_23)
FNDA:25,getCurveInvertYRadius
DA:6,26
DA:7,9
DA:10,17
DA:11,17
DA:12,17
DA:13,17
DA:14,17
DA:15,17
DA:16,17
DA:21,17
DA:22,17
DA:23,17
DA:26,17
DA:30,27
DA:31,9
DA:34,18
DA:35,18
DA:36,18
DA:37,18
DA:38,18
DA:39,18
DA:40,18
DA:45,18
DA:49,133
DA:50,0
DA:53,133
DA:54,133
DA:55,19
DA:56,19
DA:58,19
DA:59,19
DA:60,19
DA:61,19
DA:66,133
DA:67,36
DA:68,1
DA:69,1
DA:70,1
DA:75,133
DA:76,6
DA:77,1
DA:78,1
DA:79,1
DA:84,133
DA:85,0
DA:86,0
DA:87,0
DA:88,0
DA:92,0
DA:93,0
DA:94,0
DA:99,133
DA:103,25
DA:104,8
DA:107,17
DA:108,17
DA:109,17
DA:110,17
DA:111,17
DA:115,17
DA:119,25
DA:120,8
DA:123,17
DA:124,17
DA:125,17
DA:126,17
DA:127,17
DA:128,17
DA:132,17
DA:136,25
DA:137,8
DA:140,17
DA:141,17
DA:142,17
DA:143,17
DA:144,17
DA:145,17
DA:149,17
DA:153,25
DA:154,8
DA:157,17
DA:158,17
DA:159,17
DA:160,17
DA:161,17
DA:162,17
DA:166,17
DA:170,25
DA:171,8
DA:174,17
DA:175,17
DA:176,17
DA:177,17
DA:178,16
DA:179,16
DA:180,0
DA:181,0
DA:187,17
DA:191,25
DA:192,8
DA:195,17
DA:196,17
DA:197,17
DA:198,16
DA:199,16
DA:202,1
DA:203,1
DA:206,0
DA:207,0
DA:208,0
DA:213,17
LF:111
LH:98
BRDA:6,0,0,9
BRDA:6,0,1,17
BRDA:6,1,0,26
BRDA:6,1,1,25
BRDA:15,2,0,17
BRDA:15,2,1,0
BRDA:30,3,0,9
BRDA:30,3,1,18
BRDA:30,4,0,27
BRDA:30,4,1,26
BRDA:39,5,0,18
BRDA:39,5,1,0
BRDA:48,6,0,38
BRDA:49,7,0,0
BRDA:49,7,1,133
BRDA:49,8,0,133
BRDA:49,8,1,0
BRDA:49,8,2,0
BRDA:49,8,3,0
BRDA:60,9,0,19
BRDA:60,9,1,0
BRDA:67,10,0,1
BRDA:67,10,1,35
BRDA:69,11,0,1
BRDA:69,11,1,0
BRDA:76,12,0,1
BRDA:76,12,1,5
BRDA:78,13,0,1
BRDA:78,13,1,0
BRDA:85,14,0,0
BRDA:85,14,1,0
BRDA:87,15,0,0
BRDA:87,15,1,0
BRDA:93,16,0,0
BRDA:93,16,1,0
BRDA:103,17,0,8
BRDA:103,17,1,17
BRDA:103,18,0,25
BRDA:103,18,1,25
BRDA:110,19,0,17
BRDA:110,19,1,0
BRDA:119,20,0,8
BRDA:119,20,1,17
BRDA:119,21,0,25
BRDA:119,21,1,25
BRDA:127,22,0,17
BRDA:127,22,1,0
BRDA:136,23,0,8
BRDA:136,23,1,17
BRDA:136,24,0,25
BRDA:136,24,1,25
BRDA:144,25,0,17
BRDA:144,25,1,0
BRDA:153,26,0,8
BRDA:153,26,1,17
BRDA:153,27,0,25
BRDA:153,27,1,25
BRDA:161,28,0,17
BRDA:161,28,1,0
BRDA:170,29,0,8
BRDA:170,29,1,17
BRDA:170,30,0,25
BRDA:170,30,1,25
BRDA:177,31,0,16
BRDA:177,31,1,1
BRDA:180,32,0,0
BRDA:180,32,1,0
BRDA:191,33,0,8
BRDA:191,33,1,17
BRDA:191,34,0,25
BRDA:191,34,1,25
BRDA:197,35,0,16
BRDA:197,35,1,1
BRDA:202,36,0,1
BRDA:202,36,1,0
BRDA:206,37,0,0
BRDA:206,37,1,0
BRF:77
BRH:53
end_of_record
TN:
SF:src\utils\trackUserActiveUtils.js
FN:4,trackUserActivity
FN:11,(anonymous_1)
FN:15,(anonymous_2)
FNF:3
FNH:3
FNDA:10,trackUserActivity
FNDA:1,(anonymous_1)
FNDA:1706,(anonymous_2)
DA:5,10
DA:6,5
DA:9,5
DA:11,5
DA:12,1
DA:15,5
DA:16,1706
DA:17,1706
LF:8
LH:8
BRDA:5,0,0,5
BRDA:5,0,1,5
BRF:2
BRH:2
end_of_record
TN:
SF:src\utils\trimProcessFileUtils.js
FN:2,getSelectedFileImage
FN:6,(anonymous_1)
FN:16,setSelectedImageInCanvas
FN:17,(anonymous_3)
FNF:4
FNH:4
FNDA:3,getSelectedFileImage
FNDA:1,(anonymous_1)
FNDA:1,setSelectedImageInCanvas
FNDA:2,(anonymous_3)
DA:3,3
DA:5,3
DA:6,1
DA:7,1
DA:8,1
DA:13,3
DA:17,1
DA:18,2
DA:19,1
DA:23,1
LF:10
LH:10
BRDA:5,0,0,1
BRDA:5,0,1,2
BRDA:5,1,0,3
BRDA:5,1,1,3
BRDA:7,2,0,1
BRDA:7,2,1,0
BRDA:8,3,0,1
BRDA:8,3,1,0
BRDA:18,4,0,1
BRDA:18,4,1,1
BRF:10
BRH:8
end_of_record
TN:
SF:src\utils\zoomUtils.js
FN:6,getDefaultZoomOnCanvas
FN:30,getDefaultZoomOnPreview
FN:54,getDefaultZoomOnCropEdit
FN:75,getViewportSize
FN:85,getLargeScreenRatio
FNF:5
FNH:5
FNDA:3,getDefaultZoomOnCanvas
FNDA:7,getDefaultZoomOnPreview
FNDA:3,getDefaultZoomOnCropEdit
FNDA:15,getViewportSize
FNDA:10,getLargeScreenRatio
DA:4,1
DA:7,3
DA:10,3
DA:11,3
DA:12,3
DA:14,3
DA:15,3
DA:18,3
DA:19,1
DA:20,1
DA:23,3
DA:24,3
DA:25,3
DA:27,3
DA:31,7
DA:34,7
DA:35,7
DA:36,7
DA:38,7
DA:39,7
DA:42,7
DA:43,1
DA:44,1
DA:47,7
DA:48,7
DA:49,7
DA:51,7
DA:55,3
DA:58,3
DA:59,3
DA:60,3
DA:62,3
DA:63,3
DA:64,3
DA:67,3
DA:68,1
DA:71,3
DA:72,3
DA:76,15
DA:77,15
DA:79,15
DA:86,10
DA:88,10
DA:89,4
DA:90,2
DA:92,2
DA:93,2
DA:97,10
LF:48
LH:48
BRDA:10,0,0,3
BRDA:10,0,1,0
BRDA:10,1,0,3
BRDA:10,1,1,3
BRDA:18,2,0,1
BRDA:18,2,1,2
BRDA:19,3,0,0
BRDA:19,3,1,1
BRDA:23,4,0,0
BRDA:23,4,1,3
BRDA:23,5,0,3
BRDA:23,5,1,3
BRDA:34,6,0,7
BRDA:34,6,1,5
BRDA:42,7,0,1
BRDA:42,7,1,6
BRDA:43,8,0,0
BRDA:43,8,1,1
BRDA:58,9,0,3
BRDA:58,9,1,0
BRDA:58,10,0,3
BRDA:58,10,1,3
BRDA:62,11,0,0
BRDA:62,11,1,3
BRDA:67,12,0,1
BRDA:67,12,1,2
BRDA:76,13,0,14
BRDA:76,13,1,1
BRDA:77,14,0,14
BRDA:77,14,1,1
BRDA:88,15,0,4
BRDA:88,15,1,6
BRDA:88,16,0,10
BRDA:88,16,1,10
BRDA:88,16,2,10
BRDA:89,17,0,2
BRDA:89,17,1,2
BRDA:92,18,0,2
BRDA:92,18,1,0
BRF:39
BRH:32
end_of_record
