TN:
SF:src\1_environment\App\App.js
FN:23,(anonymous_0)
FN:30,(anonymous_1)
FN:44,(anonymous_2)
FN:51,(anonymous_3)
FN:55,(anonymous_4)
FN:63,(anonymous_5)
FN:98,mapStateToProps
FNF:7
FNH:7
FNDA:7,(anonymous_0)
FNDA:8,(anonymous_1)
FNDA:1,(anonymous_2)
FNDA:3,(anonymous_3)
FNDA:1784,(anonymous_4)
FNDA:7,(anonymous_5)
FNDA:1,mapStateToProps
DA:24,7
DA:25,7
DA:26,7
DA:27,7
DA:31,8
DA:33,8
DA:34,7
DA:35,7
DA:45,1
DA:47,1
DA:52,3
DA:56,1784
DA:58,1784
DA:59,1
DA:64,7
DA:89,1
DA:99,1
LF:17
LH:17
BRDA:33,0,0,7
BRDA:33,0,1,1
BRDA:45,1,0,1
BRDA:45,1,1,0
BRDA:58,2,0,1
BRDA:58,2,1,1783
BRDA:81,3,0,7
BRDA:81,3,1,1
BRDA:81,3,2,6
BRF:9
BRH:8
end_of_record
TN:
SF:src\2_ecosystems\Configurator\Configurator.js
FN:92,(anonymous_0)
FN:182,(anonymous_1)
FN:188,(anonymous_2)
FN:233,(anonymous_3)
FN:286,(anonymous_4)
FN:296,(anonymous_5)
FN:300,(anonymous_6)
FN:302,(anonymous_7)
FN:302,(anonymous_8)
FN:303,(anonymous_9)
FN:303,(anonymous_10)
FN:304,(anonymous_11)
FN:304,(anonymous_12)
FN:304,(anonymous_13)
FN:318,(anonymous_14)
FN:320,(anonymous_15)
FN:348,(anonymous_16)
FN:369,(anonymous_17)
FN:385,(anonymous_18)
FN:443,(anonymous_19)
FN:447,(anonymous_20)
FN:461,(anonymous_21)
FN:464,(anonymous_22)
FN:475,(anonymous_23)
FN:508,(anonymous_24)
FN:512,(anonymous_25)
FN:514,(anonymous_26)
FN:529,(anonymous_27)
FN:544,(anonymous_28)
FN:565,(anonymous_29)
FN:571,(anonymous_30)
FN:583,(anonymous_31)
FN:587,(anonymous_32)
FN:592,(anonymous_33)
FN:597,(anonymous_34)
FN:611,(anonymous_35)
FN:625,(anonymous_36)
FN:626,(anonymous_37)
FN:655,(anonymous_38)
FN:659,(anonymous_39)
FN:663,(anonymous_40)
FN:667,(anonymous_41)
FN:671,(anonymous_42)
FN:675,(anonymous_43)
FN:681,(anonymous_44)
FN:689,(anonymous_45)
FN:696,(anonymous_46)
FN:744,(anonymous_47)
FN:750,(anonymous_48)
FN:754,(anonymous_49)
FN:758,(anonymous_50)
FN:763,(anonymous_51)
FN:767,(anonymous_52)
FN:771,(anonymous_53)
FN:776,(anonymous_54)
FN:781,(anonymous_55)
FN:785,(anonymous_56)
FN:809,(anonymous_57)
FN:813,(anonymous_58)
FN:821,(anonymous_59)
FN:822,(anonymous_60)
FN:835,(anonymous_61)
FN:869,(anonymous_62)
FN:880,(anonymous_63)
FN:884,(anonymous_64)
FN:888,(anonymous_65)
FN:892,(anonymous_66)
FN:896,(anonymous_67)
FN:901,(anonymous_68)
FN:906,(anonymous_69)
FN:911,(anonymous_70)
FN:919,(anonymous_71)
FN:925,(anonymous_72)
FN:933,(anonymous_73)
FN:937,(anonymous_74)
FN:941,(anonymous_75)
FN:945,(anonymous_76)
FN:950,(anonymous_77)
FN:952,(anonymous_78)
FN:960,(anonymous_79)
FN:966,(anonymous_80)
FN:997,(anonymous_81)
FN:1005,(anonymous_82)
FN:1009,(anonymous_83)
FN:1022,(anonymous_84)
FN:1056,(anonymous_85)
FN:1057,(anonymous_86)
FN:1060,(anonymous_87)
FN:1187,(anonymous_88)
FN:1196,(anonymous_89)
FN:1225,(anonymous_90)
FN:1229,(anonymous_91)
FN:1236,(anonymous_92)
FN:1389,(anonymous_93)
FN:1483,(anonymous_94)
FN:1484,(anonymous_95)
FNF:96
FNH:70
FNDA:75,(anonymous_0)
FNDA:142,(anonymous_1)
FNDA:75,(anonymous_2)
FNDA:68,(anonymous_3)
FNDA:1,(anonymous_4)
FNDA:1573,(anonymous_5)
FNDA:3,(anonymous_6)
FNDA:0,(anonymous_7)
FNDA:0,(anonymous_8)
FNDA:0,(anonymous_9)
FNDA:0,(anonymous_10)
FNDA:0,(anonymous_11)
FNDA:0,(anonymous_12)
FNDA:0,(anonymous_13)
FNDA:3,(anonymous_14)
FNDA:1,(anonymous_15)
FNDA:9,(anonymous_16)
FNDA:6,(anonymous_17)
FNDA:4,(anonymous_18)
FNDA:145,(anonymous_19)
FNDA:13,(anonymous_20)
FNDA:71,(anonymous_21)
FNDA:0,(anonymous_22)
FNDA:0,(anonymous_23)
FNDA:0,(anonymous_24)
FNDA:144,(anonymous_25)
FNDA:432,(anonymous_26)
FNDA:288,(anonymous_27)
FNDA:6,(anonymous_28)
FNDA:1,(anonymous_29)
FNDA:3,(anonymous_30)
FNDA:1,(anonymous_31)
FNDA:1,(anonymous_32)
FNDA:1,(anonymous_33)
FNDA:0,(anonymous_34)
FNDA:0,(anonymous_35)
FNDA:0,(anonymous_36)
FNDA:0,(anonymous_37)
FNDA:1,(anonymous_38)
FNDA:1,(anonymous_39)
FNDA:1,(anonymous_40)
FNDA:1,(anonymous_41)
FNDA:1,(anonymous_42)
FNDA:1,(anonymous_43)
FNDA:1,(anonymous_44)
FNDA:1,(anonymous_45)
FNDA:2,(anonymous_46)
FNDA:1,(anonymous_47)
FNDA:1,(anonymous_48)
FNDA:1,(anonymous_49)
FNDA:1,(anonymous_50)
FNDA:0,(anonymous_51)
FNDA:1,(anonymous_52)
FNDA:1,(anonymous_53)
FNDA:1,(anonymous_54)
FNDA:0,(anonymous_55)
FNDA:15,(anonymous_56)
FNDA:7,(anonymous_57)
FNDA:2,(anonymous_58)
FNDA:13,(anonymous_59)
FNDA:1,(anonymous_60)
FNDA:3,(anonymous_61)
FNDA:2,(anonymous_62)
FNDA:1,(anonymous_63)
FNDA:0,(anonymous_64)
FNDA:0,(anonymous_65)
FNDA:0,(anonymous_66)
FNDA:1,(anonymous_67)
FNDA:2,(anonymous_68)
FNDA:1,(anonymous_69)
FNDA:4,(anonymous_70)
FNDA:0,(anonymous_71)
FNDA:143,(anonymous_72)
FNDA:0,(anonymous_73)
FNDA:0,(anonymous_74)
FNDA:1,(anonymous_75)
FNDA:0,(anonymous_76)
FNDA:3,(anonymous_77)
FNDA:3,(anonymous_78)
FNDA:3,(anonymous_79)
FNDA:10,(anonymous_80)
FNDA:2,(anonymous_81)
FNDA:0,(anonymous_82)
FNDA:142,(anonymous_83)
FNDA:1,(anonymous_84)
FNDA:39,(anonymous_85)
FNDA:1,(anonymous_86)
FNDA:142,(anonymous_87)
FNDA:2,(anonymous_88)
FNDA:142,(anonymous_89)
FNDA:0,(anonymous_90)
FNDA:428,(anonymous_91)
FNDA:142,(anonymous_92)
FNDA:0,(anonymous_93)
FNDA:393,(anonymous_94)
FNDA:393,(anonymous_95)
DA:76,1
DA:93,75
DA:95,75
DA:96,75
DA:97,75
DA:98,75
DA:99,75
DA:100,75
DA:101,75
DA:102,75
DA:103,75
DA:104,75
DA:105,75
DA:106,75
DA:107,75
DA:108,75
DA:109,75
DA:110,75
DA:111,75
DA:112,75
DA:113,75
DA:114,75
DA:115,75
DA:116,75
DA:117,75
DA:118,75
DA:119,75
DA:120,75
DA:121,75
DA:122,75
DA:123,75
DA:124,75
DA:125,75
DA:126,75
DA:127,75
DA:128,75
DA:129,75
DA:130,75
DA:131,75
DA:132,75
DA:133,75
DA:134,75
DA:135,75
DA:136,75
DA:137,75
DA:138,75
DA:139,75
DA:140,75
DA:141,75
DA:142,75
DA:143,75
DA:144,75
DA:145,75
DA:146,75
DA:147,75
DA:148,75
DA:149,75
DA:150,75
DA:151,75
DA:152,75
DA:153,75
DA:155,75
DA:163,75
DA:164,1
DA:167,75
DA:177,75
DA:178,75
DA:179,75
DA:183,142
DA:185,142
DA:189,75
DA:190,75
DA:191,75
DA:192,75
DA:200,75
DA:201,2
DA:204,75
DA:205,3
DA:208,75
DA:210,75
DA:211,75
DA:212,0
DA:213,0
DA:216,0
DA:218,0
DA:220,0
DA:221,0
DA:223,0
DA:224,0
DA:227,0
DA:228,0
DA:235,68
DA:238,1
DA:241,68
DA:242,2
DA:246,68
DA:247,1
DA:250,68
DA:253,68
DA:256,1
DA:259,68
DA:260,1
DA:263,68
DA:264,0
DA:267,68
DA:268,6
DA:271,68
DA:273,68
DA:274,0
DA:278,68
DA:279,0
DA:281,0
DA:282,0
DA:287,1
DA:288,1
DA:289,1
DA:290,1
DA:293,1
DA:297,1573
DA:301,3
DA:302,0
DA:303,0
DA:304,0
DA:307,3
DA:314,3
DA:315,3
DA:319,3
DA:320,3
DA:321,1
DA:322,1
DA:331,1
DA:332,1
DA:333,1
DA:334,1
DA:335,1
DA:339,1
DA:343,1
DA:349,9
DA:350,9
DA:352,9
DA:353,6
DA:356,6
DA:357,0
DA:358,0
DA:360,0
DA:361,0
DA:364,0
DA:368,6
DA:369,6
DA:371,6
DA:372,0
DA:373,0
DA:374,0
DA:378,6
DA:379,4
DA:380,4
DA:386,4
DA:391,3
DA:394,1
DA:395,0
DA:396,0
DA:399,1
DA:401,1
DA:402,1
DA:409,1
DA:410,1
DA:415,1
DA:416,1
DA:421,1
DA:422,1
DA:427,1
DA:428,1
DA:433,1
DA:438,1
DA:440,1
DA:444,145
DA:445,145
DA:447,145
DA:448,13
DA:449,12
DA:450,12
DA:451,8
DA:452,8
DA:454,12
DA:456,13
DA:462,71
DA:464,0
DA:465,0
DA:466,0
DA:473,71
DA:475,0
DA:476,0
DA:477,0
DA:484,71
DA:485,1
DA:491,71
DA:492,1
DA:498,71
DA:500,1
DA:509,0
DA:513,144
DA:514,144
DA:515,432
DA:517,432
DA:518,3
DA:520,3
DA:521,0
DA:524,3
DA:528,144
DA:529,144
DA:530,288
DA:532,288
DA:533,2
DA:535,2
DA:536,0
DA:539,2
DA:545,6
DA:546,1
DA:548,5
DA:549,1
DA:550,1
DA:552,4
DA:553,1
DA:554,1
DA:556,3
DA:557,1
DA:559,2
DA:560,1
DA:561,1
DA:566,1
DA:567,1
DA:572,3
DA:573,3
DA:574,3
DA:575,3
DA:577,3
DA:579,1
DA:584,1
DA:588,1
DA:589,1
DA:593,1
DA:594,1
DA:598,0
DA:602,0
DA:603,0
DA:604,0
DA:605,0
DA:606,0
DA:607,0
DA:612,0
DA:616,0
DA:617,0
DA:618,0
DA:619,0
DA:620,0
DA:621,0
DA:626,0
DA:627,0
DA:630,0
DA:631,0
DA:632,0
DA:634,0
DA:635,0
DA:636,0
DA:638,0
DA:639,0
DA:641,0
DA:648,0
DA:649,0
DA:651,0
DA:656,1
DA:660,1
DA:664,1
DA:668,1
DA:672,1
DA:676,1
DA:682,1
DA:683,1
DA:684,1
DA:686,1
DA:690,1
DA:691,1
DA:698,2
DA:699,0
DA:700,0
DA:701,0
DA:705,2
DA:706,6
DA:707,6
DA:708,0
DA:709,0
DA:710,0
DA:715,2
DA:717,1
DA:725,1
DA:726,1
DA:729,1
DA:736,1
DA:737,1
DA:741,1
DA:745,1
DA:746,1
DA:751,1
DA:755,1
DA:759,1
DA:760,1
DA:764,0
DA:768,1
DA:772,1
DA:773,1
DA:777,1
DA:778,1
DA:782,0
DA:786,15
DA:787,8
DA:796,7
DA:797,6
DA:798,6
DA:810,7
DA:814,2
DA:815,1
DA:817,1
DA:822,13
DA:823,1
DA:824,1
DA:836,3
DA:838,1
DA:839,1
DA:842,2
DA:844,1
DA:845,1
DA:846,0
DA:847,0
DA:851,3
DA:852,0
DA:853,0
DA:856,3
DA:857,1
DA:859,1
DA:860,0
DA:863,1
DA:865,2
DA:870,2
DA:872,1
DA:876,1
DA:881,1
DA:885,0
DA:889,0
DA:893,0
DA:897,1
DA:898,1
DA:902,2
DA:903,2
DA:907,1
DA:908,1
DA:912,4
DA:913,1
DA:915,3
DA:920,0
DA:921,0
DA:926,143
DA:927,143
DA:928,143
DA:930,143
DA:934,0
DA:938,0
DA:942,1
DA:947,0
DA:951,3
DA:952,3
DA:953,3
DA:956,0
DA:961,3
DA:962,3
DA:963,3
DA:967,10
DA:968,1
DA:971,9
DA:972,9
DA:974,9
DA:983,9
DA:984,9
DA:986,9
DA:989,7
DA:992,9
DA:993,6
DA:998,2
DA:999,1
DA:1001,1
DA:1006,0
DA:1013,142
DA:1015,142
DA:1024,1
DA:1025,1
DA:1028,0
DA:1029,0
DA:1032,1
DA:1057,39
DA:1061,142
DA:1063,142
DA:1065,5
DA:1082,1
DA:1093,0
DA:1104,7
DA:1121,5
DA:1138,6
DA:1143,7
DA:1154,1
DA:1160,1
DA:1168,1
DA:1179,3
DA:1186,2
DA:1187,2
DA:1197,142
DA:1198,142
DA:1199,142
DA:1200,142
DA:1202,142
DA:1226,0
DA:1230,428
DA:1231,428
DA:1243,142
DA:1270,142
DA:1271,142
DA:1272,142
DA:1273,142
DA:1274,142
DA:1275,142
DA:1276,142
DA:1277,142
DA:1278,142
DA:1279,142
DA:1283,142
DA:1284,9
DA:1287,133
DA:1290,142
DA:1291,142
DA:1292,142
DA:1293,10
DA:1294,1
DA:1295,1
DA:1300,142
DA:1301,142
DA:1302,142
DA:1303,142
DA:1304,142
DA:1308,142
DA:1313,142
DA:1315,142
DA:1317,142
DA:1390,0
DA:1391,0
DA:1484,393
DA:1485,393
LF:454
LH:360
BRDA:163,0,0,1
BRDA:163,0,1,74
BRDA:163,1,0,75
BRDA:163,1,1,1
BRDA:163,1,2,1
BRDA:172,2,0,1
BRDA:172,2,1,74
BRDA:178,3,0,0
BRDA:178,3,1,75
BRDA:183,4,0,3
BRDA:183,4,1,139
BRDA:183,5,0,142
BRDA:183,5,1,142
BRDA:200,6,0,2
BRDA:200,6,1,73
BRDA:200,7,0,75
BRDA:200,7,1,74
BRDA:204,8,0,3
BRDA:204,8,1,72
BRDA:211,9,0,0
BRDA:211,9,1,75
BRDA:211,10,0,75
BRDA:211,10,1,73
BRDA:211,10,2,73
BRDA:213,11,0,0
BRDA:213,11,1,0
BRDA:213,11,2,0
BRDA:213,11,3,0
BRDA:213,11,4,0
BRDA:213,11,5,0
BRDA:217,12,0,0
BRDA:217,12,1,0
BRDA:217,13,0,0
BRDA:217,13,1,0
BRDA:235,14,0,1
BRDA:235,14,1,67
BRDA:235,15,0,68
BRDA:235,15,1,68
BRDA:235,15,2,67
BRDA:235,15,3,1
BRDA:235,15,4,0
BRDA:241,16,0,2
BRDA:241,16,1,66
BRDA:241,17,0,68
BRDA:241,17,1,2
BRDA:246,18,0,1
BRDA:246,18,1,67
BRDA:246,19,0,68
BRDA:246,19,1,2
BRDA:246,19,2,1
BRDA:246,19,3,1
BRDA:253,20,0,1
BRDA:253,20,1,67
BRDA:253,21,0,68
BRDA:253,21,1,66
BRDA:253,21,2,5
BRDA:253,21,3,4
BRDA:259,22,0,1
BRDA:259,22,1,67
BRDA:259,23,0,68
BRDA:259,23,1,2
BRDA:259,23,2,2
BRDA:263,24,0,0
BRDA:263,24,1,68
BRDA:263,25,0,68
BRDA:263,25,1,6
BRDA:267,26,0,6
BRDA:267,26,1,62
BRDA:273,27,0,0
BRDA:273,27,1,68
BRDA:273,28,0,68
BRDA:273,28,1,0
BRDA:273,28,2,0
BRDA:278,29,0,0
BRDA:278,29,1,68
BRDA:278,30,0,68
BRDA:278,30,1,0
BRDA:278,30,2,0
BRDA:303,31,0,3
BRDA:303,31,1,3
BRDA:303,32,0,0
BRDA:303,32,1,0
BRDA:304,33,0,0
BRDA:304,33,1,0
BRDA:331,34,0,1
BRDA:331,34,1,0
BRDA:348,35,0,9
BRDA:352,36,0,6
BRDA:352,36,1,3
BRDA:356,37,0,0
BRDA:356,37,1,6
BRDA:356,38,0,6
BRDA:356,38,1,6
BRDA:357,39,0,0
BRDA:357,39,1,0
BRDA:360,40,0,0
BRDA:360,40,1,0
BRDA:360,41,0,0
BRDA:360,41,1,0
BRDA:368,42,0,6
BRDA:368,42,1,0
BRDA:371,43,0,0
BRDA:371,43,1,6
BRDA:378,44,0,4
BRDA:378,44,1,2
BRDA:386,45,0,3
BRDA:386,45,1,1
BRDA:386,46,0,4
BRDA:386,46,1,1
BRDA:386,46,2,1
BRDA:386,46,3,1
BRDA:386,46,4,1
BRDA:394,47,0,0
BRDA:394,47,1,1
BRDA:394,48,0,1
BRDA:394,48,1,0
BRDA:415,49,0,0
BRDA:415,49,1,1
BRDA:417,50,0,0
BRDA:417,50,1,1
BRDA:418,51,0,0
BRDA:418,51,1,1
BRDA:423,52,0,1
BRDA:423,52,1,0
BRDA:424,53,0,1
BRDA:424,53,1,0
BRDA:435,54,0,0
BRDA:435,54,1,1
BRDA:447,55,0,145
BRDA:447,55,1,0
BRDA:448,56,0,12
BRDA:448,56,1,1
BRDA:448,57,0,13
BRDA:448,57,1,13
BRDA:448,57,2,1
BRDA:450,58,0,8
BRDA:450,58,1,4
BRDA:454,59,0,12
BRDA:454,59,1,12
BRDA:462,60,0,0
BRDA:462,60,1,71
BRDA:462,61,0,71
BRDA:462,61,1,0
BRDA:465,62,0,0
BRDA:465,62,1,0
BRDA:473,63,0,0
BRDA:473,63,1,71
BRDA:473,64,0,71
BRDA:473,64,1,0
BRDA:476,65,0,0
BRDA:476,65,1,0
BRDA:484,66,0,1
BRDA:484,66,1,70
BRDA:484,67,0,71
BRDA:484,67,1,3
BRDA:491,68,0,1
BRDA:491,68,1,70
BRDA:491,69,0,71
BRDA:491,69,1,3
BRDA:498,70,0,1
BRDA:498,70,1,70
BRDA:498,71,0,71
BRDA:498,71,1,71
BRDA:498,71,2,71
BRDA:498,71,3,68
BRDA:498,71,4,65
BRDA:520,72,0,0
BRDA:520,72,1,3
BRDA:535,73,0,0
BRDA:535,73,1,2
BRDA:545,74,0,1
BRDA:545,74,1,5
BRDA:545,75,0,6
BRDA:545,75,1,6
BRDA:548,76,0,1
BRDA:548,76,1,4
BRDA:548,77,0,5
BRDA:548,77,1,2
BRDA:552,78,0,1
BRDA:552,78,1,3
BRDA:552,79,0,4
BRDA:552,79,1,2
BRDA:552,79,2,2
BRDA:556,80,0,1
BRDA:556,80,1,2
BRDA:556,81,0,3
BRDA:556,81,1,1
BRDA:556,81,2,1
BRDA:559,82,0,1
BRDA:559,82,1,1
BRDA:559,83,0,2
BRDA:559,83,1,1
BRDA:559,83,2,1
BRDA:566,84,0,1
BRDA:566,84,1,0
BRDA:566,85,0,1
BRDA:566,85,1,1
BRDA:572,86,0,2
BRDA:572,86,1,1
BRDA:573,87,0,2
BRDA:573,87,1,1
BRDA:574,88,0,2
BRDA:574,88,1,1
BRDA:575,89,0,2
BRDA:575,89,1,1
BRDA:577,90,0,1
BRDA:577,90,1,2
BRDA:577,91,0,3
BRDA:577,91,1,2
BRDA:598,92,0,0
BRDA:598,92,1,0
BRDA:598,93,0,0
BRDA:598,93,1,0
BRDA:598,93,2,0
BRDA:598,93,3,0
BRDA:602,94,0,0
BRDA:602,94,1,0
BRDA:612,95,0,0
BRDA:612,95,1,0
BRDA:612,96,0,0
BRDA:612,96,1,0
BRDA:612,96,2,0
BRDA:612,96,3,0
BRDA:616,97,0,0
BRDA:616,97,1,0
BRDA:626,98,0,0
BRDA:626,98,1,0
BRDA:627,99,0,0
BRDA:627,99,1,0
BRDA:627,100,0,0
BRDA:627,100,1,0
BRDA:630,101,0,0
BRDA:630,101,1,0
BRDA:631,102,0,0
BRDA:631,102,1,0
BRDA:632,103,0,0
BRDA:632,103,1,0
BRDA:651,104,0,0
BRDA:651,104,1,0
BRDA:698,105,0,0
BRDA:698,105,1,2
BRDA:707,106,0,0
BRDA:707,106,1,6
BRDA:715,107,0,1
BRDA:715,107,1,1
BRDA:715,108,0,2
BRDA:715,108,1,2
BRDA:715,108,2,2
BRDA:736,109,0,1
BRDA:736,109,1,0
BRDA:745,110,0,1
BRDA:745,110,1,0
BRDA:745,111,0,1
BRDA:745,111,1,1
BRDA:785,112,0,1
BRDA:785,113,0,5
BRDA:786,114,0,8
BRDA:786,114,1,7
BRDA:786,115,0,15
BRDA:786,115,1,9
BRDA:786,115,2,1
BRDA:786,115,3,1
BRDA:792,116,0,3
BRDA:792,116,1,5
BRDA:796,117,0,6
BRDA:796,117,1,1
BRDA:797,118,0,6
BRDA:797,118,1,6
BRDA:797,118,2,4
BRDA:797,118,3,1
BRDA:801,119,0,5
BRDA:801,119,1,1
BRDA:802,120,0,5
BRDA:802,120,1,1
BRDA:803,121,0,0
BRDA:803,121,1,6
BRDA:803,122,0,6
BRDA:803,122,1,1
BRDA:814,123,0,1
BRDA:814,123,1,1
BRDA:823,124,0,1
BRDA:823,124,1,0
BRDA:835,125,0,1
BRDA:835,126,0,2
BRDA:835,127,0,2
BRDA:836,128,0,1
BRDA:836,128,1,2
BRDA:836,129,0,3
BRDA:836,129,1,1
BRDA:838,130,0,1
BRDA:838,130,1,0
BRDA:842,131,0,1
BRDA:842,131,1,1
BRDA:842,132,0,2
BRDA:842,132,1,1
BRDA:845,133,0,0
BRDA:845,133,1,1
BRDA:851,134,0,0
BRDA:851,134,1,3
BRDA:851,135,0,3
BRDA:851,135,1,0
BRDA:851,135,2,0
BRDA:856,136,0,1
BRDA:856,136,1,2
BRDA:859,137,0,0
BRDA:859,137,1,1
BRDA:859,138,0,1
BRDA:859,138,1,1
BRDA:870,139,0,1
BRDA:870,139,1,1
BRDA:912,140,0,1
BRDA:912,140,1,3
BRDA:920,141,0,0
BRDA:920,141,1,0
BRDA:928,142,0,143
BRDA:928,142,1,143
BRDA:928,142,2,141
BRDA:928,142,3,0
BRDA:930,143,0,143
BRDA:930,143,1,143
BRDA:930,143,2,0
BRDA:930,143,3,143
BRDA:951,144,0,3
BRDA:951,144,1,0
BRDA:963,145,0,3
BRDA:963,145,1,0
BRDA:963,146,0,0
BRDA:963,146,1,0
BRDA:967,147,0,1
BRDA:967,147,1,9
BRDA:967,148,0,10
BRDA:967,148,1,4
BRDA:971,149,0,3
BRDA:971,149,1,6
BRDA:971,150,0,2
BRDA:971,150,1,1
BRDA:971,151,0,3
BRDA:971,151,1,3
BRDA:971,152,0,1
BRDA:971,152,1,2
BRDA:971,153,0,3
BRDA:971,153,1,3
BRDA:976,154,0,1
BRDA:976,154,1,8
BRDA:976,155,0,9
BRDA:976,155,1,6
BRDA:983,156,0,9
BRDA:983,156,1,7
BRDA:984,157,0,4
BRDA:984,157,1,5
BRDA:984,158,0,9
BRDA:984,158,1,8
BRDA:986,159,0,7
BRDA:986,159,1,2
BRDA:986,160,0,9
BRDA:986,160,1,3
BRDA:986,160,2,2
BRDA:986,160,3,2
BRDA:992,161,0,6
BRDA:992,161,1,3
BRDA:998,162,0,1
BRDA:998,162,1,1
BRDA:1024,163,0,1
BRDA:1024,163,1,0
BRDA:1063,164,0,5
BRDA:1063,164,1,1
BRDA:1063,164,2,0
BRDA:1063,164,3,7
BRDA:1063,164,4,5
BRDA:1063,164,5,6
BRDA:1063,164,6,7
BRDA:1063,164,7,1
BRDA:1063,164,8,1
BRDA:1063,164,9,1
BRDA:1063,164,10,3
BRDA:1063,164,11,2
BRDA:1187,165,0,2
BRDA:1187,165,1,0
BRDA:1199,166,0,3
BRDA:1199,166,1,139
BRDA:1200,167,0,142
BRDA:1200,167,1,133
BRDA:1200,167,2,133
BRDA:1205,168,0,9
BRDA:1205,168,1,133
BRDA:1206,169,0,142
BRDA:1206,169,1,9
BRDA:1210,170,0,44
BRDA:1210,170,1,98
BRDA:1211,171,0,44
BRDA:1211,171,1,98
BRDA:1219,172,0,142
BRDA:1219,172,1,0
BRDA:1231,173,0,428
BRDA:1231,173,1,419
BRDA:1231,173,2,419
BRDA:1231,173,3,419
BRDA:1231,173,4,419
BRDA:1231,173,5,419
BRDA:1231,173,6,419
BRDA:1271,174,0,142
BRDA:1271,174,1,142
BRDA:1271,174,2,142
BRDA:1279,175,0,142
BRDA:1279,175,1,44
BRDA:1283,176,0,9
BRDA:1283,176,1,133
BRDA:1284,177,0,0
BRDA:1284,177,1,9
BRDA:1287,178,0,0
BRDA:1287,178,1,133
BRDA:1291,179,0,142
BRDA:1291,179,1,0
BRDA:1293,180,0,1
BRDA:1293,180,1,9
BRDA:1293,181,0,10
BRDA:1293,181,1,10
BRDA:1293,181,2,7
BRDA:1293,181,3,1
BRDA:1293,181,4,9
BRDA:1293,181,5,9
BRDA:1293,181,6,0
BRDA:1293,181,7,0
BRDA:1293,181,8,0
BRDA:1300,182,0,142
BRDA:1300,182,1,142
BRDA:1300,182,2,6
BRDA:1301,183,0,142
BRDA:1301,183,1,141
BRDA:1301,183,2,6
BRDA:1302,184,0,142
BRDA:1302,184,1,135
BRDA:1302,184,2,2
BRDA:1303,185,0,3
BRDA:1303,185,1,139
BRDA:1304,186,0,142
BRDA:1304,186,1,9
BRDA:1304,186,2,9
BRDA:1304,186,3,142
BRDA:1304,186,4,135
BRDA:1315,187,0,142
BRDA:1315,187,1,139
BRDA:1315,187,2,139
BRDA:1315,188,0,139
BRDA:1315,188,1,44
BRDA:1315,188,2,38
BRDA:1319,189,0,142
BRDA:1319,189,1,3
BRDA:1331,190,0,142
BRDA:1331,190,1,139
BRDA:1331,190,2,9
BRDA:1331,190,3,8
BRDA:1331,190,4,2
BRDA:1335,191,0,142
BRDA:1335,191,1,137
BRDA:1342,192,0,44
BRDA:1342,192,1,98
BRDA:1342,193,0,8
BRDA:1342,193,1,134
BRDA:1346,194,0,44
BRDA:1346,194,1,98
BRDA:1346,195,0,8
BRDA:1346,195,1,134
BRDA:1347,196,0,142
BRDA:1347,196,1,5
BRDA:1355,197,0,1
BRDA:1355,197,1,141
BRDA:1355,198,0,142
BRDA:1355,198,1,131
BRDA:1357,199,0,142
BRDA:1357,199,1,139
BRDA:1357,199,2,139
BRDA:1360,200,0,139
BRDA:1360,200,1,136
BRDA:1360,200,2,42
BRDA:1361,201,0,139
BRDA:1361,201,1,132
BRDA:1362,202,0,139
BRDA:1362,202,1,133
BRDA:1368,203,0,139
BRDA:1368,203,1,139
BRDA:1368,203,2,9
BRDA:1369,204,0,9
BRDA:1369,204,1,130
BRDA:1370,205,0,139
BRDA:1370,205,1,0
BRDA:1375,206,0,142
BRDA:1375,206,1,139
BRDA:1375,206,2,0
BRDA:1375,206,3,0
BRDA:1375,206,4,0
BRDA:1375,206,5,0
BRDA:1387,207,0,142
BRDA:1387,207,1,139
BRDA:1390,208,0,0
BRDA:1390,208,1,0
BRDA:1404,209,0,139
BRDA:1404,209,1,0
BRDA:1434,210,0,139
BRDA:1434,210,1,139
BRDA:1436,211,0,139
BRDA:1436,211,1,134
BRDA:1441,212,0,139
BRDA:1441,212,1,5
BRDA:1452,213,0,142
BRDA:1452,213,1,139
BRDA:1452,213,2,9
BRDA:1456,214,0,9
BRDA:1456,214,1,9
BRDA:1456,214,2,0
BRDA:1457,215,0,9
BRDA:1457,215,1,0
BRDA:1458,216,0,9
BRDA:1458,216,1,0
BRDA:1466,217,0,9
BRDA:1466,217,1,0
BRDA:1467,218,0,9
BRDA:1467,218,1,0
BRDA:1470,219,0,9
BRDA:1470,219,1,8
BRDA:1470,219,2,2
BRDA:1477,220,0,142
BRDA:1477,220,1,131
BRDA:1487,221,0,0
BRDA:1487,221,1,393
BRDA:1496,222,0,142
BRDA:1496,222,1,0
BRF:527
BRH:398
end_of_record
TN:
SF:src\2_ecosystems\CropEdit\CropEdit.js
FN:52,(anonymous_0)
FN:58,(anonymous_1)
FN:94,(anonymous_2)
FN:99,(anonymous_3)
FN:104,(anonymous_4)
FN:145,(anonymous_5)
FN:154,(anonymous_6)
FN:162,(anonymous_7)
FN:214,(anonymous_8)
FN:228,(anonymous_9)
FN:232,(anonymous_10)
FN:239,(anonymous_11)
FN:243,(anonymous_12)
FN:250,(anonymous_13)
FN:258,(anonymous_14)
FN:267,(anonymous_15)
FN:278,(anonymous_16)
FN:282,(anonymous_17)
FN:414,mapStateToProps
FN:426,mapDispatchToProps
FN:433,CropEditWithStringsContext
FN:436,(anonymous_21)
FNF:22
FNH:20
FNDA:12,(anonymous_0)
FNDA:12,(anonymous_1)
FNDA:1,(anonymous_2)
FNDA:1,(anonymous_3)
FNDA:1,(anonymous_4)
FNDA:1,(anonymous_5)
FNDA:1,(anonymous_6)
FNDA:2,(anonymous_7)
FNDA:1,(anonymous_8)
FNDA:4,(anonymous_9)
FNDA:1,(anonymous_10)
FNDA:1,(anonymous_11)
FNDA:0,(anonymous_12)
FNDA:0,(anonymous_13)
FNDA:19,(anonymous_14)
FNDA:1,(anonymous_15)
FNDA:1,(anonymous_16)
FNDA:19,(anonymous_17)
FNDA:1,mapStateToProps
FNDA:1,mapDispatchToProps
FNDA:1,CropEditWithStringsContext
FNDA:1,(anonymous_21)
DA:28,1
DA:53,12
DA:56,12
DA:58,12
DA:59,12
DA:60,12
DA:61,12
DA:63,12
DA:75,12
DA:76,12
DA:77,12
DA:78,12
DA:79,12
DA:80,12
DA:81,12
DA:82,12
DA:83,12
DA:84,12
DA:85,12
DA:87,12
DA:88,12
DA:89,12
DA:90,12
DA:91,12
DA:95,1
DA:96,1
DA:100,1
DA:101,1
DA:105,1
DA:106,1
DA:111,1
DA:112,0
DA:113,0
DA:116,1
DA:117,1
DA:121,1
DA:126,1
DA:131,1
DA:132,1
DA:139,1
DA:142,1
DA:146,1
DA:148,1
DA:155,1
DA:156,1
DA:159,1
DA:163,2
DA:165,2
DA:166,1
DA:171,1
DA:172,1
DA:174,1
DA:176,1
DA:177,1
DA:178,1
DA:179,1
DA:182,1
DA:183,1
DA:186,1
DA:187,1
DA:189,1
DA:190,1
DA:193,1
DA:198,1
DA:199,1
DA:200,1
DA:201,1
DA:203,1
DA:204,1
DA:207,2
DA:208,0
DA:211,2
DA:215,1
DA:217,1
DA:218,1
DA:219,1
DA:221,1
DA:222,1
DA:225,1
DA:229,4
DA:233,1
DA:240,1
DA:244,0
DA:251,0
DA:259,19
DA:260,19
DA:261,19
DA:262,19
DA:264,19
DA:268,1
DA:269,1
DA:279,1
DA:283,19
DA:284,19
DA:285,19
DA:287,19
DA:398,1
DA:415,1
DA:427,1
DA:434,1
DA:436,1
LF:101
LH:96
BRDA:56,0,0,12
BRDA:56,0,1,12
BRDA:56,0,2,12
BRDA:59,1,0,12
BRDA:59,1,1,0
BRDA:60,2,0,0
BRDA:60,2,1,12
BRDA:60,3,0,12
BRDA:60,3,1,0
BRDA:61,4,0,12
BRDA:61,4,1,0
BRDA:111,5,0,0
BRDA:111,5,1,1
BRDA:127,6,0,1
BRDA:127,6,1,0
BRDA:146,7,0,1
BRDA:146,7,1,0
BRDA:155,8,0,1
BRDA:155,8,1,0
BRDA:163,9,0,2
BRDA:163,9,1,0
BRDA:165,10,0,1
BRDA:165,10,1,1
BRDA:174,11,0,1
BRDA:174,11,1,0
BRDA:207,12,0,0
BRDA:207,12,1,2
BRDA:221,13,0,1
BRDA:221,13,1,0
BRDA:259,14,0,18
BRDA:259,14,1,1
BRDA:259,15,0,19
BRDA:259,15,1,1
BRDA:260,16,0,2
BRDA:260,16,1,17
BRDA:262,17,0,19
BRDA:262,17,1,0
BRDA:269,18,0,1
BRDA:269,18,1,1
BRDA:279,19,0,1
BRDA:279,19,1,1
BRDA:302,20,0,19
BRDA:302,20,1,0
BRDA:307,21,0,19
BRDA:307,21,1,0
BRDA:307,21,2,0
BRDA:307,21,3,0
BRDA:311,22,0,2
BRDA:311,22,1,17
BRDA:320,23,0,19
BRDA:320,23,1,0
BRDA:323,24,0,19
BRDA:323,24,1,19
BRDA:343,25,0,19
BRDA:343,25,1,0
BRDA:358,26,0,19
BRDA:358,26,1,17
BRF:57
BRH:38
end_of_record
TN:
SF:src\2_ecosystems\DesignTemplate\DesignTemplate.js
FN:44,(anonymous_0)
FN:65,(anonymous_1)
FN:72,(anonymous_2)
FN:77,(anonymous_3)
FN:81,(anonymous_4)
FN:85,(anonymous_5)
FN:91,(anonymous_6)
FN:101,(anonymous_7)
FN:105,(anonymous_8)
FN:113,(anonymous_9)
FN:120,(anonymous_10)
FN:125,(anonymous_11)
FN:126,(anonymous_12)
FN:133,(anonymous_13)
FN:141,(anonymous_14)
FN:145,(anonymous_15)
FN:149,(anonymous_16)
FN:219,(anonymous_17)
FN:260,mapStateToProps
FN:272,mapDispatchToProps
FN:280,DesignTemplateWithStringsContext
FN:283,(anonymous_21)
FNF:22
FNH:22
FNDA:15,(anonymous_0)
FNDA:2,(anonymous_1)
FNDA:2,(anonymous_2)
FNDA:11,(anonymous_3)
FNDA:1,(anonymous_4)
FNDA:1,(anonymous_5)
FNDA:1,(anonymous_6)
FNDA:4,(anonymous_7)
FNDA:1,(anonymous_8)
FNDA:1,(anonymous_9)
FNDA:1,(anonymous_10)
FNDA:1,(anonymous_11)
FNDA:1,(anonymous_12)
FNDA:1,(anonymous_13)
FNDA:1,(anonymous_14)
FNDA:1,(anonymous_15)
FNDA:18,(anonymous_16)
FNDA:51,(anonymous_17)
FNDA:1,mapStateToProps
FNDA:1,mapDispatchToProps
FNDA:1,DesignTemplateWithStringsContext
FNDA:1,(anonymous_21)
DA:28,1
DA:45,15
DA:47,15
DA:51,15
DA:52,15
DA:53,15
DA:54,15
DA:55,15
DA:56,15
DA:57,15
DA:58,15
DA:59,15
DA:60,15
DA:61,15
DA:62,15
DA:66,2
DA:68,2
DA:69,1
DA:72,2
DA:73,2
DA:78,11
DA:82,1
DA:86,1
DA:87,1
DA:92,1
DA:93,1
DA:95,1
DA:96,1
DA:97,1
DA:102,4
DA:106,1
DA:107,1
DA:108,1
DA:110,1
DA:114,1
DA:116,1
DA:117,1
DA:120,1
DA:121,1
DA:126,1
DA:127,1
DA:128,1
DA:134,1
DA:136,1
DA:137,1
DA:142,1
DA:146,1
DA:150,18
DA:151,18
DA:152,18
DA:154,18
DA:220,51
DA:245,1
DA:261,1
DA:273,1
DA:279,1
DA:281,1
DA:283,1
LF:58
LH:58
BRDA:68,0,0,1
BRDA:68,0,1,1
BRDA:86,1,0,1
BRDA:86,1,1,0
BRDA:93,2,0,0
BRDA:93,2,1,1
BRDA:93,3,0,1
BRDA:93,3,1,1
BRDA:95,4,0,1
BRDA:95,4,1,0
BRDA:95,5,0,1
BRDA:95,5,1,1
BRDA:116,6,0,1
BRDA:116,6,1,0
BRDA:127,7,0,1
BRDA:127,7,1,0
BRDA:136,8,0,1
BRDA:136,8,1,0
BRDA:151,9,0,1
BRDA:151,9,1,17
BRDA:151,10,0,18
BRDA:151,10,1,18
BRDA:152,11,0,18
BRDA:152,11,1,18
BRDA:152,11,2,18
BRDA:152,11,3,18
BRDA:155,12,0,7
BRDA:155,12,1,11
BRDA:155,13,0,18
BRDA:155,13,1,18
BRDA:157,14,0,2
BRDA:157,14,1,16
BRDA:157,15,0,7
BRDA:157,15,1,11
BRDA:161,16,0,0
BRDA:161,16,1,18
BRDA:180,17,0,18
BRDA:180,17,1,7
BRDA:206,18,0,18
BRDA:206,18,1,1
BRDA:212,19,0,18
BRDA:212,19,1,17
BRDA:212,19,2,0
BRDA:219,20,0,18
BRDA:219,20,1,18
BRDA:219,20,2,17
BRDA:221,21,0,51
BRDA:221,21,1,3
BRDA:227,22,0,18
BRDA:227,22,1,18
BRDA:227,22,2,1
BRDA:232,23,0,18
BRDA:232,23,1,17
BRDA:232,23,2,0
BRDA:268,24,0,0
BRDA:268,24,1,1
BRF:56
BRH:46
end_of_record
TN:
SF:src\2_ecosystems\Error\Error.js
FN:20,Error
FN:23,backClickHandler
FN:61,(anonymous_2)
FNF:3
FNH:2
FNDA:1,Error
FNDA:1,backClickHandler
FNDA:0,(anonymous_2)
DA:11,1
DA:21,1
DA:24,1
DA:29,1
DA:41,1
DA:45,1
DA:59,1
DA:61,1
DA:62,0
LF:9
LH:8
BRF:0
BRH:0
end_of_record
TN:
SF:src\2_ecosystems\Loading\Loading.js
FN:15,Loading
FN:33,(anonymous_1)
FN:35,(anonymous_2)
FNF:3
FNH:3
FNDA:2,Loading
FNDA:2,(anonymous_1)
FNDA:2,(anonymous_2)
DA:9,1
DA:16,2
DA:18,2
DA:28,1
DA:34,2
DA:35,2
LF:6
LH:6
BRF:0
BRH:0
end_of_record
TN:
SF:src\2_ecosystems\Preview\Preview.js
FN:101,(anonymous_0)
FN:139,(anonymous_1)
FN:173,(anonymous_2)
FN:193,(anonymous_3)
FN:204,(anonymous_4)
FN:206,(anonymous_5)
FN:217,(anonymous_6)
FN:219,(anonymous_7)
FN:286,(anonymous_8)
FN:309,(anonymous_9)
FN:314,(anonymous_10)
FN:318,(anonymous_11)
FN:322,(anonymous_12)
FN:327,(anonymous_13)
FN:340,(anonymous_14)
FN:344,(anonymous_15)
FN:348,(anonymous_16)
FN:352,(anonymous_17)
FN:356,(anonymous_18)
FN:360,(anonymous_19)
FN:364,(anonymous_20)
FN:388,(anonymous_21)
FN:394,(anonymous_22)
FN:419,(anonymous_23)
FN:435,(anonymous_24)
FN:447,(anonymous_25)
FN:451,(anonymous_26)
FN:455,(anonymous_27)
FN:579,(anonymous_28)
FN:581,(anonymous_29)
FN:588,(anonymous_30)
FN:596,(anonymous_31)
FN:644,(anonymous_32)
FN:700,mapStateToProps
FN:732,mapDispatchToProps
FN:746,(anonymous_35)
FN:748,(anonymous_36)
FNF:37
FNH:31
FNDA:24,(anonymous_0)
FNDA:4,(anonymous_1)
FNDA:24,(anonymous_2)
FNDA:0,(anonymous_3)
FNDA:0,(anonymous_4)
FNDA:0,(anonymous_5)
FNDA:5,(anonymous_6)
FNDA:2,(anonymous_7)
FNDA:15,(anonymous_8)
FNDA:0,(anonymous_9)
FNDA:15,(anonymous_10)
FNDA:1,(anonymous_11)
FNDA:1,(anonymous_12)
FNDA:1,(anonymous_13)
FNDA:1,(anonymous_14)
FNDA:1,(anonymous_15)
FNDA:1,(anonymous_16)
FNDA:1,(anonymous_17)
FNDA:1,(anonymous_18)
FNDA:1,(anonymous_19)
FNDA:3,(anonymous_20)
FNDA:3,(anonymous_21)
FNDA:1,(anonymous_22)
FNDA:38,(anonymous_23)
FNDA:6,(anonymous_24)
FNDA:179,(anonymous_25)
FNDA:77,(anonymous_26)
FNDA:38,(anonymous_27)
FNDA:2,(anonymous_28)
FNDA:1,(anonymous_29)
FNDA:0,(anonymous_30)
FNDA:0,(anonymous_31)
FNDA:1,(anonymous_32)
FNDA:1,mapStateToProps
FNDA:1,mapDispatchToProps
FNDA:1,(anonymous_35)
FNDA:1,(anonymous_36)
DA:47,1
DA:102,24
DA:104,24
DA:105,24
DA:106,24
DA:107,24
DA:108,24
DA:110,24
DA:111,24
DA:112,24
DA:113,24
DA:114,24
DA:115,24
DA:116,24
DA:117,24
DA:118,24
DA:119,24
DA:120,24
DA:121,24
DA:122,24
DA:123,24
DA:124,24
DA:125,24
DA:127,24
DA:140,4
DA:141,4
DA:143,4
DA:144,3
DA:145,3
DA:152,3
DA:153,3
DA:158,3
DA:163,3
DA:168,3
DA:169,3
DA:174,24
DA:175,24
DA:176,24
DA:178,24
DA:179,3
DA:182,24
DA:183,3
DA:185,21
DA:186,0
DA:188,21
DA:189,1
DA:194,0
DA:195,0
DA:197,0
DA:198,0
DA:199,0
DA:200,0
DA:205,0
DA:206,0
DA:208,0
DA:209,0
DA:210,0
DA:211,0
DA:214,0
DA:218,5
DA:219,5
DA:220,2
DA:230,2
DA:231,2
DA:233,2
DA:234,2
DA:235,2
DA:242,2
DA:243,2
DA:248,2
DA:253,2
DA:263,2
DA:268,2
DA:270,2
DA:272,1
DA:276,1
DA:280,2
DA:283,5
DA:287,15
DA:288,0
DA:289,0
DA:292,15
DA:293,0
DA:297,15
DA:298,1
DA:301,15
DA:303,15
DA:304,0
DA:305,0
DA:310,0
DA:311,0
DA:315,15
DA:319,1
DA:323,1
DA:324,1
DA:328,1
DA:329,1
DA:331,1
DA:332,0
DA:333,0
DA:336,1
DA:341,1
DA:345,1
DA:349,1
DA:353,1
DA:357,1
DA:361,1
DA:365,3
DA:366,3
DA:367,3
DA:368,3
DA:369,3
DA:370,3
DA:372,3
DA:373,1
DA:376,2
DA:377,1
DA:379,1
DA:382,1
DA:385,3
DA:389,3
DA:390,3
DA:393,3
DA:394,1
DA:395,1
DA:396,1
DA:397,1
DA:401,1
DA:404,2
DA:405,1
DA:411,1
DA:414,1
DA:420,38
DA:421,1
DA:423,1
DA:425,1
DA:427,1
DA:429,1
DA:432,38
DA:436,6
DA:437,6
DA:448,179
DA:452,77
DA:474,38
DA:475,38
DA:476,38
DA:478,38
DA:479,38
DA:480,38
DA:481,38
DA:482,38
DA:484,38
DA:579,2
DA:581,1
DA:588,0
DA:596,0
DA:644,1
DA:661,1
DA:701,1
DA:703,1
DA:733,1
DA:744,1
DA:747,1
DA:748,1
LF:164
LH:139
BRDA:125,0,0,1
BRDA:125,0,1,23
BRDA:143,1,0,3
BRDA:143,1,1,1
BRDA:143,2,0,4
BRDA:143,2,1,3
BRDA:165,3,0,3
BRDA:165,3,1,1
BRDA:178,4,0,3
BRDA:178,4,1,21
BRDA:182,5,0,3
BRDA:182,5,1,21
BRDA:182,6,0,24
BRDA:182,6,1,3
BRDA:185,7,0,0
BRDA:185,7,1,21
BRDA:188,8,0,1
BRDA:188,8,1,20
BRDA:195,9,0,0
BRDA:195,9,1,0
BRDA:197,10,0,0
BRDA:197,10,1,0
BRDA:197,11,0,0
BRDA:197,11,1,0
BRDA:208,12,0,0
BRDA:208,12,1,0
BRDA:233,13,0,2
BRDA:233,13,1,0
BRDA:233,14,0,2
BRDA:233,14,1,2
BRDA:256,15,0,2
BRDA:256,15,1,1
BRDA:257,16,0,2
BRDA:257,16,1,1
BRDA:258,17,0,2
BRDA:258,17,1,2
BRDA:270,18,0,1
BRDA:270,18,1,1
BRDA:283,19,0,5
BRDA:283,19,1,4
BRDA:287,20,0,0
BRDA:287,20,1,15
BRDA:287,21,0,15
BRDA:287,21,1,15
BRDA:292,22,0,0
BRDA:292,22,1,15
BRDA:297,23,0,1
BRDA:297,23,1,14
BRDA:297,24,0,15
BRDA:297,24,1,2
BRDA:297,24,2,1
BRDA:303,25,0,0
BRDA:303,25,1,15
BRDA:303,26,0,15
BRDA:303,26,1,0
BRDA:303,26,2,0
BRDA:303,26,3,0
BRDA:315,27,0,15
BRDA:315,27,1,15
BRDA:331,28,0,0
BRDA:331,28,1,1
BRDA:366,29,0,3
BRDA:366,29,1,1
BRDA:367,30,0,3
BRDA:367,30,1,0
BRDA:372,31,0,1
BRDA:372,31,1,2
BRDA:376,32,0,1
BRDA:376,32,1,1
BRDA:393,33,0,1
BRDA:393,33,1,2
BRDA:395,34,0,1
BRDA:395,34,1,0
BRDA:404,35,0,1
BRDA:404,35,1,1
BRDA:420,36,0,1
BRDA:420,36,1,37
BRDA:441,37,0,0
BRDA:441,37,1,6
BRDA:441,38,0,0
BRDA:441,38,1,6
BRDA:482,39,0,4
BRDA:482,39,1,34
BRDA:482,40,0,4
BRDA:482,40,1,4
BRDA:500,41,0,38
BRDA:500,41,1,37
BRDA:504,42,0,37
BRDA:504,42,1,1
BRDA:506,43,0,5
BRDA:506,43,1,32
BRDA:516,44,0,5
BRDA:516,44,1,33
BRDA:517,45,0,38
BRDA:517,45,1,38
BRDA:517,45,2,0
BRDA:530,46,0,38
BRDA:530,46,1,38
BRDA:530,46,2,4
BRDA:537,47,0,38
BRDA:537,47,1,33
BRDA:537,47,2,32
BRDA:544,48,0,32
BRDA:544,48,1,1
BRDA:552,49,0,38
BRDA:552,49,1,5
BRDA:558,50,0,5
BRDA:558,50,1,0
BRDA:559,51,0,5
BRDA:559,51,1,0
BRDA:564,52,0,38
BRDA:564,52,1,1
BRDA:576,53,0,38
BRDA:576,53,1,6
BRDA:576,54,0,38
BRDA:576,54,1,35
BRDA:579,55,0,0
BRDA:579,55,1,6
BRDA:580,56,0,1
BRDA:580,56,1,5
BRDA:585,57,0,38
BRDA:585,57,1,0
BRDA:588,58,0,0
BRDA:588,58,1,0
BRDA:596,59,0,0
BRDA:596,59,1,0
BRDA:616,60,0,38
BRDA:616,60,1,1
BRDA:620,61,0,1
BRDA:620,61,1,1
BRDA:620,61,2,1
BRDA:623,62,0,1
BRDA:623,62,1,1
BRDA:623,62,2,1
BRDA:628,63,0,38
BRDA:628,63,1,5
BRDA:633,64,0,5
BRDA:633,64,1,5
BRDA:646,65,0,5
BRDA:646,65,1,5
BRDA:646,65,2,5
BRDA:647,66,0,0
BRDA:647,66,1,5
BRDA:647,67,0,5
BRDA:647,67,1,5
BRDA:704,68,0,0
BRDA:704,68,1,1
BRDA:705,69,0,0
BRDA:705,69,1,1
BRDA:718,70,0,0
BRDA:718,70,1,1
BRDA:720,71,0,0
BRDA:720,71,1,1
BRDA:721,72,0,0
BRDA:721,72,1,1
BRDA:726,73,0,1
BRDA:726,73,1,1
BRF:157
BRH:121
end_of_record
TN:
SF:src\2_ecosystems\ProductSize\ProductSize.js
FN:69,ProductSize
FN:99,(anonymous_1)
FN:102,(anonymous_2)
FN:112,(anonymous_3)
FN:115,(anonymous_4)
FN:128,(anonymous_5)
FN:144,checkRange
FN:159,(anonymous_7)
FN:176,onExitClick
FN:180,handleExit
FN:185,handleClose
FN:189,numberToFixed
FN:201,onWidthChange
FN:206,onHeightChange
FN:211,onApplyClick
FN:216,getCenterTop
FN:225,renderWarningModals
FN:247,handleKeyup
FN:304,(anonymous_18)
FN:341,ProductList
FN:351,(anonymous_20)
FN:366,mapStateToProps
FN:376,mapDispatchToProps
FN:378,(anonymous_23)
FNF:24
FNH:21
FNDA:36,ProductSize
FNDA:108,(anonymous_1)
FNDA:12,(anonymous_2)
FNDA:9,(anonymous_3)
FNDA:6,(anonymous_4)
FNDA:8,(anonymous_5)
FNDA:12,checkRange
FNDA:9,(anonymous_7)
FNDA:3,onExitClick
FNDA:1,handleExit
FNDA:1,handleClose
FNDA:6,numberToFixed
FNDA:3,onWidthChange
FNDA:3,onHeightChange
FNDA:1,onApplyClick
FNDA:37,getCenterTop
FNDA:36,renderWarningModals
FNDA:1,handleKeyup
FNDA:108,(anonymous_18)
FNDA:34,ProductList
FNDA:68,(anonymous_20)
FNDA:0,mapStateToProps
FNDA:0,mapDispatchToProps
FNDA:0,(anonymous_23)
DA:24,1
DA:67,1
DA:70,36
DA:71,36
DA:72,36
DA:73,36
DA:74,36
DA:75,36
DA:76,36
DA:77,36
DA:78,36
DA:79,36
DA:80,36
DA:81,36
DA:82,36
DA:84,36
DA:85,36
DA:99,108
DA:102,36
DA:103,12
DA:104,12
DA:105,3
DA:108,9
DA:112,36
DA:113,9
DA:114,9
DA:115,6
DA:116,3
DA:117,2
DA:118,2
DA:121,7
DA:123,0
DA:124,0
DA:128,36
DA:129,8
DA:130,2
DA:131,2
DA:132,2
DA:133,2
DA:134,2
DA:137,6
DA:138,6
DA:139,6
DA:140,6
DA:145,12
DA:146,12
DA:148,12
DA:149,9
DA:150,9
DA:153,3
DA:158,3
DA:159,3
DA:160,9
DA:162,9
DA:163,9
DA:166,9
DA:171,9
DA:173,3
DA:177,3
DA:181,1
DA:182,1
DA:186,1
DA:190,6
DA:191,0
DA:193,6
DA:194,6
DA:195,6
DA:196,2
DA:198,4
DA:202,3
DA:203,3
DA:207,3
DA:208,3
DA:212,1
DA:213,1
DA:217,37
DA:218,37
DA:219,37
DA:220,37
DA:221,37
DA:222,37
DA:226,36
DA:228,36
DA:248,1
DA:249,1
DA:253,36
DA:255,36
DA:304,108
DA:332,1
DA:342,34
DA:343,34
DA:345,34
DA:352,68
DA:361,1
DA:367,0
DA:377,0
DA:379,0
DA:384,1
LF:98
LH:92
BRDA:81,0,0,36
BRDA:81,0,1,0
BRDA:104,1,0,3
BRDA:104,1,1,9
BRDA:104,2,0,12
BRDA:104,2,1,6
BRDA:113,3,0,9
BRDA:113,3,1,0
BRDA:114,4,0,3
BRDA:114,4,1,6
BRDA:114,5,0,9
BRDA:114,5,1,3
BRDA:115,6,0,6
BRDA:115,6,1,6
BRDA:116,7,0,2
BRDA:116,7,1,1
BRDA:123,8,0,0
BRDA:123,8,1,0
BRDA:124,9,0,0
BRDA:124,9,1,0
BRDA:124,9,2,0
BRDA:129,10,0,2
BRDA:129,10,1,6
BRDA:134,11,0,2
BRDA:134,11,1,2
BRDA:134,11,2,2
BRDA:148,12,0,9
BRDA:148,12,1,3
BRDA:148,13,0,12
BRDA:148,13,1,6
BRDA:148,13,2,3
BRDA:162,14,0,9
BRDA:162,14,1,0
BRDA:163,15,0,9
BRDA:163,15,1,9
BRDA:190,16,0,0
BRDA:190,16,1,6
BRDA:195,17,0,2
BRDA:195,17,1,4
BRDA:198,18,0,4
BRDA:198,18,1,4
BRDA:248,19,0,1
BRDA:248,19,1,0
BRDA:248,20,0,1
BRDA:248,20,1,1
BRDA:253,21,0,36
BRDA:253,21,1,36
BRDA:257,22,0,36
BRDA:257,22,1,1
BRDA:279,23,0,3
BRDA:279,23,1,33
BRDA:284,24,0,0
BRDA:284,24,1,36
BRDA:284,25,0,36
BRDA:284,25,1,36
BRDA:284,25,2,36
BRDA:291,26,0,0
BRDA:291,26,1,36
BRDA:291,27,0,36
BRDA:291,27,1,36
BRDA:291,27,2,36
BRDA:298,28,0,0
BRDA:298,28,1,36
BRDA:304,29,0,0
BRDA:304,29,1,108
BRDA:305,30,0,0
BRDA:305,30,1,108
BRDA:310,31,0,26
BRDA:310,31,1,10
BRDA:314,32,0,36
BRDA:314,32,1,36
BRDA:316,33,0,36
BRDA:316,33,1,3
BRDA:352,34,0,5
BRDA:352,34,1,63
BRF:75
BRH:60
end_of_record
TN:
SF:src\2_ecosystems\Spinner\Spinner.js
FN:15,Spinner
FNF:1
FNH:1
FNDA:8,Spinner
DA:9,1
DA:16,8
DA:18,8
DA:19,8
DA:20,1
DA:21,1
DA:22,1
DA:24,7
DA:25,6
DA:26,6
DA:27,6
DA:28,6
DA:31,1
DA:34,8
DA:36,8
DA:42,8
DA:49,1
DA:55,1
LF:18
LH:18
BRDA:19,0,0,1
BRDA:19,0,1,7
BRDA:24,1,0,6
BRDA:24,1,1,1
BRDA:34,2,0,0
BRDA:34,2,1,8
BRF:6
BRH:5
end_of_record
TN:
SF:src\2_ecosystems\ViewPDFProof\ViewPDFProof.js
FN:52,(anonymous_0)
FN:70,(anonymous_1)
FN:84,(anonymous_2)
FN:85,(anonymous_3)
FN:96,(anonymous_4)
FN:100,(anonymous_5)
FN:117,(anonymous_6)
FN:133,(anonymous_7)
FN:150,(anonymous_8)
FN:177,(anonymous_9)
FN:205,mapStateToProps
FN:216,mapDispatchToProps
FN:222,(anonymous_12)
FN:224,(anonymous_13)
FNF:14
FNH:14
FNDA:8,(anonymous_0)
FNDA:8,(anonymous_1)
FNDA:9,(anonymous_2)
FNDA:27,(anonymous_3)
FNDA:5,(anonymous_4)
FNDA:1,(anonymous_5)
FNDA:3,(anonymous_6)
FNDA:22,(anonymous_7)
FNDA:1,(anonymous_8)
FNDA:1,(anonymous_9)
FNDA:1,mapStateToProps
FNDA:1,mapDispatchToProps
FNDA:1,(anonymous_12)
FNDA:1,(anonymous_13)
DA:19,1
DA:53,8
DA:55,8
DA:57,8
DA:58,8
DA:60,8
DA:71,8
DA:74,8
DA:75,3
DA:76,3
DA:79,5
DA:80,5
DA:85,9
DA:86,27
DA:88,27
DA:89,9
DA:91,9
DA:97,5
DA:101,1
DA:103,1
DA:104,1
DA:107,1
DA:108,1
DA:109,1
DA:110,1
DA:114,1
DA:118,3
DA:120,3
DA:121,1
DA:123,2
DA:124,1
DA:127,1
DA:128,1
DA:134,22
DA:135,22
DA:136,22
DA:138,22
DA:150,1
DA:177,1
DA:194,1
DA:206,1
DA:207,1
DA:217,1
DA:220,1
DA:223,1
DA:224,1
LF:46
LH:46
BRDA:66,0,0,0
BRDA:66,0,1,8
BRDA:66,1,0,8
BRDA:66,1,1,8
BRDA:74,2,0,3
BRDA:74,2,1,5
BRDA:88,3,0,9
BRDA:88,3,1,18
BRDA:88,4,0,27
BRDA:88,4,1,9
BRDA:103,5,0,1
BRDA:103,5,1,0
BRDA:103,6,0,1
BRDA:103,6,1,1
BRDA:120,7,0,1
BRDA:120,7,1,2
BRDA:123,8,0,1
BRDA:123,8,1,1
BRDA:127,9,0,1
BRDA:127,9,1,0
BRDA:127,10,0,1
BRDA:127,10,1,1
BRDA:135,11,0,2
BRDA:135,11,1,20
BRDA:135,12,0,11
BRDA:135,12,1,9
BRDA:140,13,0,22
BRDA:140,13,1,21
BRDA:146,14,0,11
BRDA:146,14,1,11
BRDA:157,15,0,22
BRDA:157,15,1,11
BRDA:166,16,0,11
BRDA:166,16,1,11
BRDA:172,17,0,22
BRDA:172,17,1,0
BRDA:209,18,0,0
BRDA:209,18,1,1
BRF:38
BRH:33
end_of_record
TN:
SF:src\4_molecules\AddonOption\AddonOption.js
FN:37,(anonymous_0)
FN:48,(anonymous_1)
FN:56,(anonymous_2)
FN:64,(anonymous_3)
FN:70,(anonymous_4)
FN:79,(anonymous_5)
FN:91,(anonymous_6)
FN:99,(anonymous_7)
FN:103,(anonymous_8)
FN:138,mapStateToProps
FN:142,mapDispatchToProps
FNF:11
FNH:11
FNDA:4,(anonymous_0)
FNDA:2,(anonymous_1)
FNDA:2,(anonymous_2)
FNDA:1,(anonymous_3)
FNDA:14,(anonymous_4)
FNDA:28,(anonymous_5)
FNDA:7,(anonymous_6)
FNDA:14,(anonymous_7)
FNDA:1,(anonymous_8)
FNDA:1,mapStateToProps
FNDA:1,mapDispatchToProps
DA:13,1
DA:38,4
DA:39,4
DA:41,4
DA:43,4
DA:49,2
DA:50,1
DA:57,2
DA:58,1
DA:65,1
DA:66,1
DA:67,1
DA:71,14
DA:72,0
DA:75,14
DA:76,14
DA:77,14
DA:79,28
DA:80,14
DA:81,14
DA:82,14
DA:84,14
DA:85,7
DA:88,14
DA:92,7
DA:93,7
DA:95,7
DA:100,14
DA:103,1
DA:129,1
DA:139,1
DA:143,1
LF:32
LH:31
BRDA:49,0,0,1
BRDA:49,0,1,1
BRDA:57,1,0,1
BRDA:57,1,1,1
BRDA:57,2,0,2
BRDA:57,2,1,2
BRDA:71,3,0,0
BRDA:71,3,1,14
BRDA:79,4,0,14
BRDA:79,4,1,0
BRDA:81,5,0,0
BRDA:81,5,1,14
BRDA:84,6,0,7
BRDA:84,6,1,7
BRDA:100,7,0,14
BRDA:100,7,1,0
BRDA:100,8,0,7
BRDA:100,8,1,7
BRDA:111,9,0,14
BRDA:111,9,1,0
BRDA:118,10,0,7
BRDA:118,10,1,7
BRDA:118,11,0,14
BRDA:118,11,1,7
BRF:24
BRH:19
end_of_record
TN:
SF:src\4_molecules\BWBulkFlyout\BWBulkFlyout.js
FN:22,(anonymous_0)
FN:27,(anonymous_1)
FN:31,(anonymous_2)
FN:41,handleGotoUpload
FN:47,handleRemoveAll
FN:54,handleBackToListView
FN:64,renderRecordTile
FN:66,(anonymous_7)
FN:72,renderEditDetail
FN:80,selectRecord
FN:87,reloadViewList
FN:91,handleSaveBWSingleSelectPrompt
FN:95,handleSaveBWTextPrompt
FN:120,(anonymous_13)
FN:121,(anonymous_14)
FN:149,(anonymous_15)
FNF:16
FNH:14
FNDA:16,(anonymous_0)
FNDA:0,(anonymous_1)
FNDA:0,(anonymous_2)
FNDA:2,handleGotoUpload
FNDA:1,handleRemoveAll
FNDA:1,handleBackToListView
FNDA:12,renderRecordTile
FNDA:1,(anonymous_7)
FNDA:4,renderEditDetail
FNDA:1,selectRecord
FNDA:5,reloadViewList
FNDA:1,handleSaveBWSingleSelectPrompt
FNDA:1,handleSaveBWTextPrompt
FNDA:12,(anonymous_13)
FNDA:12,(anonymous_14)
FNDA:4,(anonymous_15)
DA:16,1
DA:22,1
DA:23,16
DA:24,16
DA:25,16
DA:27,16
DA:28,0
DA:31,16
DA:32,0
DA:33,0
DA:34,0
DA:37,0
DA:42,2
DA:43,2
DA:48,1
DA:49,1
DA:50,1
DA:55,1
DA:56,1
DA:57,1
DA:58,1
DA:59,1
DA:60,1
DA:65,12
DA:66,1
DA:73,4
DA:74,4
DA:75,4
DA:76,4
DA:81,1
DA:82,1
DA:83,1
DA:88,5
DA:92,1
DA:96,1
DA:99,16
DA:121,12
DA:122,12
DA:149,4
DA:163,1
LF:40
LH:35
BRDA:32,0,0,0
BRDA:32,0,1,0
BRDA:42,1,0,2
BRDA:42,1,1,0
BRDA:48,2,0,1
BRDA:48,2,1,0
BRDA:55,3,0,1
BRDA:55,3,1,0
BRDA:55,4,0,1
BRDA:55,4,1,1
BRDA:73,5,0,4
BRDA:73,5,1,0
BRDA:73,6,0,4
BRDA:73,6,1,4
BRDA:82,7,0,1
BRDA:82,7,1,0
BRDA:82,8,0,1
BRDA:82,8,1,1
BRDA:101,9,0,16
BRDA:101,9,1,12
BRDA:115,10,0,12
BRDA:115,10,1,12
BRDA:120,11,0,12
BRDA:120,11,1,12
BRDA:122,12,0,12
BRDA:122,12,1,0
BRDA:124,13,0,12
BRDA:124,13,1,12
BRDA:132,14,0,16
BRDA:132,14,1,4
BRDA:146,15,0,4
BRDA:146,15,1,4
BRDA:146,15,2,4
BRF:33
BRH:25
end_of_record
TN:
SF:src\4_molecules\BWImageFlyout\BWImageFlyout.js
FN:11,(anonymous_0)
FN:16,openBWUploadFlyout
FN:22,closeBWUploadFlyout
FN:26,handleSelectUploadFile
FN:28,(anonymous_4)
FN:32,getUpload
FN:55,getImagePrompts
FN:63,(anonymous_7)
FN:63,(anonymous_8)
FN:64,(anonymous_9)
FN:74,(anonymous_10)
FN:75,(anonymous_11)
FNF:12
FNH:12
FNDA:10,(anonymous_0)
FNDA:2,openBWUploadFlyout
FNDA:1,closeBWUploadFlyout
FNDA:1,handleSelectUploadFile
FNDA:1,(anonymous_4)
FNDA:6,getUpload
FNDA:4,getImagePrompts
FNDA:4,(anonymous_7)
FNDA:8,(anonymous_8)
FNDA:8,(anonymous_9)
FNDA:1,(anonymous_10)
FNDA:2,(anonymous_11)
DA:11,1
DA:12,10
DA:13,10
DA:14,10
DA:17,2
DA:18,2
DA:19,2
DA:23,1
DA:27,1
DA:28,1
DA:29,1
DA:33,6
DA:56,4
DA:63,8
DA:65,8
DA:67,8
DA:74,1
DA:75,2
DA:89,10
DA:96,1
LF:20
LH:20
BRDA:28,0,0,1
BRDA:28,0,1,0
BRDA:65,1,0,8
BRDA:73,2,0,0
BRDA:73,2,1,8
BRDA:74,3,0,1
BRDA:74,3,1,0
BRDA:76,4,0,8
BRDA:76,4,1,0
BRDA:91,5,0,6
BRDA:91,5,1,4
BRF:11
BRH:7
end_of_record
TN:
SF:src\4_molecules\BWTextEdit\BWTextEdit.js
FN:25,(anonymous_0)
FN:32,stripHtml
FN:38,handleSaveBWSingleSelectPrompt
FN:44,handleSaveBWTextPrompt
FN:50,getErrorMessage
FN:54,(anonymous_5)
FN:57,(anonymous_6)
FN:72,specialCharacterButtonMouseDown
FN:77,specialCharacterButtonClick
FN:81,handleTextPromptFocusChange
FN:88,insertSpecialCharacter
FN:98,(anonymous_11)
FN:106,renderPrompts
FN:110,(anonymous_13)
FN:127,(anonymous_14)
FN:130,(anonymous_15)
FN:138,(anonymous_16)
FN:139,(anonymous_17)
FN:146,(anonymous_18)
FN:158,(anonymous_19)
FN:159,(anonymous_20)
FN:169,(anonymous_21)
FN:177,(anonymous_22)
FN:193,(anonymous_23)
FN:193,(anonymous_24)
FN:204,(anonymous_25)
FNF:26
FNH:18
FNDA:4,(anonymous_0)
FNDA:4,stripHtml
FNDA:0,handleSaveBWSingleSelectPrompt
FNDA:0,handleSaveBWTextPrompt
FNDA:12,getErrorMessage
FNDA:12,(anonymous_5)
FNDA:8,(anonymous_6)
FNDA:0,specialCharacterButtonMouseDown
FNDA:0,specialCharacterButtonClick
FNDA:1,handleTextPromptFocusChange
FNDA:0,insertSpecialCharacter
FNDA:0,(anonymous_11)
FNDA:12,renderPrompts
FNDA:12,(anonymous_13)
FNDA:12,(anonymous_14)
FNDA:4,(anonymous_15)
FNDA:4,(anonymous_16)
FNDA:0,(anonymous_17)
FNDA:4,(anonymous_18)
FNDA:9,(anonymous_19)
FNDA:0,(anonymous_20)
FNDA:10,(anonymous_21)
FNDA:8,(anonymous_22)
FNDA:12,(anonymous_23)
FNDA:16,(anonymous_24)
FNDA:4,(anonymous_25)
DA:12,1
DA:24,1
DA:25,1
DA:26,4
DA:28,4
DA:29,4
DA:30,4
DA:33,4
DA:34,4
DA:35,4
DA:39,0
DA:40,0
DA:45,0
DA:46,0
DA:51,12
DA:54,12
DA:55,12
DA:57,12
DA:58,8
DA:59,4
DA:62,4
DA:63,4
DA:69,12
DA:74,0
DA:78,0
DA:82,1
DA:83,1
DA:84,0
DA:89,0
DA:91,0
DA:92,0
DA:93,0
DA:94,0
DA:95,0
DA:96,0
DA:97,0
DA:98,0
DA:99,0
DA:100,0
DA:102,0
DA:107,12
DA:108,12
DA:109,12
DA:110,12
DA:111,12
DA:113,12
DA:128,12
DA:130,4
DA:131,4
DA:132,4
DA:134,4
DA:138,4
DA:140,0
DA:147,4
DA:153,8
DA:155,8
DA:158,9
DA:159,0
DA:169,10
DA:178,8
DA:191,4
DA:193,12
DA:194,16
DA:195,12
DA:197,12
DA:202,4
DA:203,4
DA:205,4
DA:219,1
LF:69
LH:48
BRDA:35,0,0,4
BRDA:35,0,1,0
BRDA:35,0,2,0
BRDA:39,1,0,0
BRDA:39,1,1,0
BRDA:45,2,0,0
BRDA:45,2,1,0
BRDA:55,3,0,0
BRDA:55,3,1,12
BRDA:58,4,0,4
BRDA:58,4,1,4
BRDA:62,5,0,4
BRDA:62,5,1,0
BRDA:83,6,0,0
BRDA:83,6,1,1
BRDA:83,7,0,1
BRDA:83,7,1,1
BRDA:91,8,0,0
BRDA:91,8,1,0
BRDA:111,9,0,12
BRDA:111,9,1,3
BRDA:111,9,2,1
BRDA:117,10,0,12
BRDA:117,10,1,8
BRDA:117,10,2,1
BRDA:128,11,0,4
BRDA:128,11,1,8
BRDA:130,12,0,4
BRDA:130,12,1,4
BRDA:131,13,0,0
BRDA:131,13,1,4
BRDA:138,14,0,4
BRDA:138,14,1,0
BRDA:138,14,2,4
BRDA:142,15,0,0
BRDA:142,15,1,4
BRDA:143,16,0,0
BRDA:143,16,1,4
BRDA:144,17,0,4
BRDA:144,17,1,0
BRDA:158,18,0,9
BRDA:158,18,1,0
BRDA:158,18,2,9
BRDA:165,19,0,0
BRDA:165,19,1,8
BRDA:166,20,0,0
BRDA:166,20,1,8
BRDA:167,21,0,8
BRDA:167,21,1,0
BRDA:168,22,0,4
BRDA:168,22,1,4
BRDA:182,23,0,12
BRDA:182,23,1,8
BRDA:182,23,2,1
BRDA:182,23,3,0
BRDA:194,24,0,12
BRDA:194,24,1,4
BRDA:194,25,0,16
BRDA:194,25,1,12
BRDA:197,26,0,0
BRDA:197,26,1,12
BRDA:197,27,0,12
BRDA:197,27,1,12
BRDA:197,27,2,8
BRDA:202,28,0,4
BRDA:202,28,1,0
BRDA:202,29,0,4
BRDA:202,29,1,4
BRF:68
BRH:45
end_of_record
TN:
SF:src\4_molecules\BWTextFlyout\BWTextFlyout.js
FN:65,(anonymous_0)
FN:85,(anonymous_1)
FN:114,(anonymous_2)
FN:118,handleFileDelete
FN:124,getFileUploadConfig
FN:143,(anonymous_5)
FN:149,getTemplateUrl
FN:153,(anonymous_7)
FN:163,triggerShowUpload
FN:167,handleViewListClick
FN:174,handleSaveBWSingleSelectPrompt
FN:178,handleSaveBWTextPrompt
FN:182,handleUpdateClick
FN:238,(anonymous_13)
FNF:14
FNH:3
FNDA:4,(anonymous_0)
FNDA:0,(anonymous_1)
FNDA:0,(anonymous_2)
FNDA:0,handleFileDelete
FNDA:0,getFileUploadConfig
FNDA:0,(anonymous_5)
FNDA:2,getTemplateUrl
FNDA:0,(anonymous_7)
FNDA:0,triggerShowUpload
FNDA:0,handleViewListClick
FNDA:0,handleSaveBWSingleSelectPrompt
FNDA:0,handleSaveBWTextPrompt
FNDA:0,handleUpdateClick
FNDA:2,(anonymous_13)
DA:19,1
DA:65,1
DA:83,4
DA:85,4
DA:86,0
DA:87,0
DA:88,0
DA:93,4
DA:104,4
DA:105,4
DA:107,4
DA:108,2
DA:109,2
DA:112,4
DA:114,4
DA:115,0
DA:119,0
DA:120,0
DA:125,0
DA:126,0
DA:146,0
DA:150,2
DA:152,2
DA:153,0
DA:154,0
DA:157,0
DA:160,2
DA:164,0
DA:168,0
DA:169,0
DA:170,0
DA:175,0
DA:179,0
DA:183,0
DA:186,4
DA:239,2
DA:289,1
LF:37
LH:18
BRDA:83,0,0,4
BRDA:83,0,1,4
BRDA:86,1,0,0
BRDA:86,1,1,0
BRDA:87,2,0,0
BRDA:87,2,1,0
BRDA:87,3,0,0
BRDA:87,3,1,0
BRDA:87,3,2,0
BRDA:107,4,0,2
BRDA:107,4,1,2
BRDA:107,5,0,4
BRDA:107,5,1,4
BRDA:107,5,2,2
BRDA:112,6,0,4
BRDA:112,6,1,4
BRDA:119,7,0,0
BRDA:119,7,1,0
BRDA:128,8,0,0
BRDA:128,8,1,0
BRDA:152,9,0,0
BRDA:152,9,1,2
BRDA:157,10,0,0
BRDA:157,10,1,0
BRDA:168,11,0,0
BRDA:168,11,1,0
BRDA:188,12,0,4
BRDA:188,12,1,2
BRDA:193,13,0,2
BRDA:193,13,1,2
BRDA:207,14,0,4
BRDA:207,14,1,2
BRDA:214,15,0,2
BRDA:214,15,1,0
BRDA:214,15,2,0
BRDA:231,16,0,2
BRDA:231,16,1,0
BRDA:236,17,0,2
BRDA:236,17,1,2
BRDA:236,17,2,2
BRDA:255,18,0,2
BRDA:255,18,1,2
BRDA:255,18,2,2
BRDA:255,18,3,2
BRDA:267,19,0,2
BRDA:267,19,1,0
BRDA:267,19,2,0
BRF:47
BRH:26
end_of_record
TN:
SF:src\4_molecules\BorderFlyout\BorderFlyout.js
FN:42,(anonymous_0)
FN:66,handleSetColorList
FN:68,(anonymous_2)
FN:81,handleColorSelectionOptionsClick
FN:86,changeColor
FN:91,handleSelectTab
FN:106,(anonymous_6)
FN:144,(anonymous_7)
FN:150,(anonymous_8)
FN:155,(anonymous_9)
FN:156,(anonymous_10)
FN:177,(anonymous_11)
FN:196,(anonymous_12)
FN:202,(anonymous_13)
FN:235,mapStateToProps
FN:249,mapDispatchToProps
FN:251,(anonymous_16)
FN:254,(anonymous_17)
FN:257,(anonymous_18)
FN:261,(anonymous_19)
FNF:20
FNH:9
FNDA:5,(anonymous_0)
FNDA:1,handleSetColorList
FNDA:2,(anonymous_2)
FNDA:0,handleColorSelectionOptionsClick
FNDA:0,changeColor
FNDA:2,handleSelectTab
FNDA:0,(anonymous_6)
FNDA:1,(anonymous_7)
FNDA:6,(anonymous_8)
FNDA:0,(anonymous_9)
FNDA:1,(anonymous_10)
FNDA:0,(anonymous_11)
FNDA:0,(anonymous_12)
FNDA:0,(anonymous_13)
FNDA:1,mapStateToProps
FNDA:1,mapDispatchToProps
FNDA:0,(anonymous_16)
FNDA:0,(anonymous_17)
FNDA:0,(anonymous_18)
FNDA:0,(anonymous_19)
DA:27,1
DA:42,1
DA:63,5
DA:64,5
DA:67,1
DA:68,1
DA:69,2
DA:70,1
DA:73,1
DA:76,1
DA:77,1
DA:78,1
DA:82,0
DA:83,0
DA:87,0
DA:88,0
DA:92,2
DA:93,2
DA:97,5
DA:98,5
DA:100,5
DA:101,5
DA:103,5
DA:105,5
DA:107,0
DA:108,0
DA:109,0
DA:110,0
DA:117,5
DA:119,5
DA:144,1
DA:151,6
DA:155,0
DA:156,1
DA:169,0
DA:177,0
DA:188,0
DA:196,0
DA:202,0
DA:209,1
DA:231,1
DA:236,1
DA:250,1
DA:252,0
DA:255,0
DA:258,0
DA:262,0
LF:47
LH:29
BRDA:69,0,0,1
BRDA:69,0,1,1
BRDA:92,1,0,2
BRDA:92,1,1,0
BRDA:98,2,0,5
BRDA:98,2,1,5
BRDA:100,3,0,2
BRDA:100,3,1,3
BRDA:103,4,0,5
BRDA:103,4,1,3
BRDA:103,5,0,3
BRDA:103,5,1,3
BRDA:103,5,2,3
BRDA:103,5,3,0
BRDA:107,6,0,0
BRDA:107,6,1,0
BRDA:109,7,0,0
BRDA:109,7,1,0
BRDA:109,8,0,0
BRDA:109,8,1,0
BRDA:109,8,2,0
BRDA:117,9,0,5
BRDA:117,9,1,0
BRDA:117,9,2,0
BRDA:129,10,0,5
BRDA:129,10,1,5
BRDA:129,10,2,4
BRDA:139,11,0,5
BRDA:139,11,1,5
BRDA:139,11,2,4
BRDA:139,11,3,1
BRDA:148,12,0,5
BRDA:148,12,1,5
BRDA:148,12,2,3
BRDA:152,13,0,6
BRDA:152,13,1,0
BRDA:238,14,0,1
BRDA:238,14,1,1
BRDA:238,14,2,0
BRDA:245,15,0,0
BRDA:245,15,1,1
BRF:41
BRH:27
end_of_record
TN:
SF:src\4_molecules\BorderThickness\BorderThickness.js
FN:23,(anonymous_0)
FN:40,(anonymous_1)
FN:48,(anonymous_2)
FN:60,(anonymous_3)
FN:75,(anonymous_4)
FN:89,(anonymous_5)
FN:95,(anonymous_6)
FN:108,(anonymous_7)
FN:114,(anonymous_8)
FN:122,(anonymous_9)
FN:139,(anonymous_10)
FNF:11
FNH:10
FNDA:8,(anonymous_0)
FNDA:8,(anonymous_1)
FNDA:6,(anonymous_2)
FNDA:3,(anonymous_3)
FNDA:1,(anonymous_4)
FNDA:1,(anonymous_5)
FNDA:2,(anonymous_6)
FNDA:0,(anonymous_7)
FNDA:16,(anonymous_8)
FNDA:1,(anonymous_9)
FNDA:1,(anonymous_10)
DA:11,1
DA:24,8
DA:26,8
DA:32,8
DA:33,8
DA:34,8
DA:35,8
DA:36,8
DA:37,8
DA:41,8
DA:42,1
DA:49,6
DA:50,5
DA:55,6
DA:56,6
DA:61,3
DA:62,3
DA:64,3
DA:65,1
DA:68,3
DA:69,1
DA:72,3
DA:76,1
DA:77,0
DA:80,1
DA:81,0
DA:84,1
DA:85,1
DA:89,1
DA:90,1
DA:96,2
DA:97,2
DA:99,2
DA:100,0
DA:102,2
DA:103,0
DA:105,2
DA:109,0
DA:110,0
DA:115,16
DA:116,16
DA:118,16
DA:122,1
DA:139,1
DA:166,1
DA:173,1
LF:46
LH:40
BRDA:27,0,0,8
BRDA:27,0,1,0
BRDA:28,1,0,8
BRDA:28,1,1,0
BRDA:41,2,0,1
BRDA:41,2,1,7
BRDA:41,3,0,8
BRDA:41,3,1,1
BRDA:49,4,0,5
BRDA:49,4,1,1
BRDA:55,5,0,6
BRDA:55,5,1,0
BRDA:64,6,0,1
BRDA:64,6,1,2
BRDA:68,7,0,1
BRDA:68,7,1,2
BRDA:76,8,0,0
BRDA:76,8,1,1
BRDA:80,9,0,0
BRDA:80,9,1,1
BRDA:80,10,0,1
BRDA:80,10,1,1
BRDA:84,11,0,1
BRDA:84,11,1,0
BRDA:99,12,0,0
BRDA:99,12,1,2
BRDA:102,13,0,0
BRDA:102,13,1,2
BRDA:109,14,0,0
BRDA:109,14,1,0
BRDA:121,15,0,1
BRDA:121,15,1,15
BRDA:138,16,0,1
BRDA:138,16,1,15
BRF:34
BRH:24
end_of_record
TN:
SF:src\4_molecules\BorderTool\BorderTool.js
FN:19,(anonymous_0)
FN:25,(anonymous_1)
FN:30,(anonymous_2)
FNF:3
FNH:3
FNDA:3,(anonymous_0)
FNDA:1,(anonymous_1)
FNDA:3,(anonymous_2)
DA:12,1
DA:20,3
DA:22,3
DA:26,1
DA:27,1
DA:31,3
DA:33,3
DA:44,1
LF:8
LH:8
BRF:0
BRH:0
end_of_record
TN:
SF:src\4_molecules\ButtonOption\ButtonOption.js
FN:39,(anonymous_0)
FN:44,(anonymous_1)
FN:60,(anonymous_2)
FN:84,(anonymous_3)
FN:86,(anonymous_4)
FN:93,(anonymous_5)
FN:98,(anonymous_6)
FN:130,mapStateToProps
FN:136,mapDispatchToProps
FNF:9
FNH:9
FNDA:10,(anonymous_0)
FNDA:4,(anonymous_1)
FNDA:20,(anonymous_2)
FNDA:10,(anonymous_3)
FNDA:20,(anonymous_4)
FNDA:20,(anonymous_5)
FNDA:4,(anonymous_6)
FNDA:1,mapStateToProps
FNDA:1,mapDispatchToProps
DA:12,1
DA:40,10
DA:41,10
DA:45,4
DA:46,2
DA:48,2
DA:49,1
DA:52,1
DA:55,4
DA:56,4
DA:61,20
DA:62,20
DA:63,20
DA:65,20
DA:67,20
DA:68,18
DA:69,18
DA:70,18
DA:73,2
DA:74,2
DA:77,20
DA:78,3
DA:81,20
DA:85,10
DA:86,20
DA:88,10
DA:94,20
DA:98,4
DA:120,1
DA:131,1
DA:137,1
LF:31
LH:31
BRDA:45,0,0,2
BRDA:45,0,1,2
BRDA:48,1,0,1
BRDA:48,1,1,1
BRDA:55,2,0,4
BRDA:55,2,1,0
BRDA:65,3,0,20
BRDA:65,3,1,0
BRDA:67,4,0,18
BRDA:67,4,1,2
BRDA:67,5,0,20
BRDA:67,5,1,18
BRDA:69,6,0,1
BRDA:69,6,1,17
BRDA:77,7,0,3
BRDA:77,7,1,17
BRDA:91,8,0,10
BRDA:91,8,1,1
BRDA:95,9,0,16
BRDA:95,9,1,4
BRDA:95,10,0,0
BRDA:95,10,1,20
BRDA:100,11,0,20
BRDA:100,11,1,0
BRDA:103,12,0,20
BRDA:103,12,1,20
BRDA:104,13,0,0
BRDA:104,13,1,20
BRF:28
BRH:23
end_of_record
TN:
SF:src\4_molecules\ColorSelection\ColorSelection.js
FN:29,(anonymous_0)
FN:43,(anonymous_1)
FN:47,(anonymous_2)
FN:51,(anonymous_3)
FN:55,(anonymous_4)
FN:56,(anonymous_5)
FN:63,(anonymous_6)
FN:113,(anonymous_7)
FN:116,(anonymous_8)
FNF:9
FNH:9
FNDA:4,(anonymous_0)
FNDA:3,(anonymous_1)
FNDA:1,(anonymous_2)
FNDA:7,(anonymous_3)
FNDA:21,(anonymous_4)
FNDA:39,(anonymous_5)
FNDA:15,(anonymous_6)
FNDA:4,(anonymous_7)
FNDA:4,(anonymous_8)
DA:14,1
DA:30,4
DA:32,4
DA:33,4
DA:35,4
DA:39,4
DA:40,4
DA:44,3
DA:48,1
DA:52,7
DA:53,7
DA:54,7
DA:55,7
DA:56,21
DA:57,39
DA:58,13
DA:63,7
DA:64,15
DA:65,8
DA:66,7
DA:69,7
DA:70,7
DA:71,6
DA:73,1
DA:74,1
DA:77,7
DA:101,1
DA:111,1
DA:113,1
DA:114,4
DA:116,4
LF:31
LH:31
BRDA:40,0,0,0
BRDA:40,0,1,4
BRDA:57,1,0,13
BRDA:57,1,1,26
BRDA:64,2,0,7
BRDA:64,2,1,8
BRDA:64,3,0,15
BRDA:64,3,1,14
BRDA:65,4,0,1
BRDA:65,4,1,7
BRDA:65,5,0,8
BRDA:65,5,1,1
BRDA:70,6,0,6
BRDA:70,6,1,1
BRDA:73,7,0,1
BRDA:73,7,1,0
BRDA:84,8,0,5
BRDA:84,8,1,2
BRF:18
BRH:16
end_of_record
TN:
SF:src\4_molecules\ColorSelectionOptions\ColorSelectionOptions.js
FN:24,(anonymous_0)
FN:41,(anonymous_1)
FN:47,(anonymous_2)
FN:54,(anonymous_3)
FN:61,(anonymous_4)
FN:67,(anonymous_5)
FN:73,(anonymous_6)
FN:79,(anonymous_7)
FNF:8
FNH:7
FNDA:8,(anonymous_0)
FNDA:8,(anonymous_1)
FNDA:1,(anonymous_2)
FNDA:1,(anonymous_3)
FNDA:2,(anonymous_4)
FNDA:1,(anonymous_5)
FNDA:0,(anonymous_6)
FNDA:12,(anonymous_7)
DA:10,1
DA:25,8
DA:27,8
DA:28,8
DA:29,8
DA:30,8
DA:31,8
DA:33,8
DA:38,8
DA:42,8
DA:43,4
DA:48,1
DA:55,1
DA:62,2
DA:63,2
DA:68,1
DA:69,1
DA:74,0
DA:80,12
DA:81,12
DA:82,12
DA:83,12
DA:122,1
DA:129,1
LF:24
LH:23
BRDA:42,0,0,4
BRDA:42,0,1,4
BRDA:42,1,0,8
BRDA:42,1,1,8
BRDA:62,2,0,2
BRDA:62,2,1,0
BRDA:68,3,0,1
BRDA:68,3,1,0
BRDA:82,4,0,0
BRDA:82,4,1,12
BRDA:82,5,0,5
BRDA:82,5,1,7
BRDA:82,6,0,12
BRDA:82,6,1,12
BRDA:82,6,2,5
BRDA:87,7,0,11
BRDA:87,7,1,1
BRDA:87,8,0,11
BRDA:87,8,1,1
BRDA:93,9,0,1
BRDA:93,9,1,11
BRDA:93,10,0,1
BRDA:93,10,1,11
BRDA:99,11,0,12
BRDA:99,11,1,11
BRDA:107,12,0,12
BRDA:107,12,1,1
BRDA:111,13,0,1
BRDA:111,13,1,0
BRDA:111,13,2,0
BRDA:111,13,3,1
BRF:31
BRH:26
end_of_record
TN:
SF:src\4_molecules\ColorSwatchList\ColorSwatchList.js
FN:14,ColorSwatchList
FN:15,handleColorSwatchClick
FN:23,(anonymous_2)
FNF:3
FNH:3
FNDA:27,ColorSwatchList
FNDA:3,handleColorSwatchClick
FNDA:30,(anonymous_2)
DA:8,1
DA:16,3
DA:17,2
DA:21,27
DA:24,30
DA:32,1
DA:36,1
LF:7
LH:7
BRDA:16,0,0,2
BRDA:16,0,1,1
BRDA:24,1,0,15
BRDA:24,1,1,15
BRF:4
BRH:4
end_of_record
TN:
SF:src\4_molecules\CurvedTextTool\CurvedTextTool.js
FNF:0
FNH:0
DA:16,1
DA:215,1
DA:222,1
DA:248,1
LF:4
LH:4
BRF:0
BRH:0
end_of_record
TN:
SF:src\4_molecules\CurvedTextUpDown\CurvedTextUpDown.js
FN:26,(anonymous_0)
FN:32,(anonymous_1)
FN:37,(anonymous_2)
FNF:3
FNH:3
FNDA:3,(anonymous_0)
FNDA:1,(anonymous_1)
FNDA:3,(anonymous_2)
DA:14,1
DA:27,3
DA:29,3
DA:33,1
DA:34,1
DA:38,3
DA:39,3
DA:41,3
DA:58,1
LF:9
LH:9
BRDA:39,0,0,1
BRDA:39,0,1,2
BRDA:43,1,0,1
BRDA:43,1,1,2
BRDA:44,2,0,2
BRDA:44,2,1,1
BRDA:45,3,0,1
BRDA:45,3,1,2
BRDA:50,4,0,1
BRDA:50,4,1,2
BRF:10
BRH:10
end_of_record
TN:
SF:src\4_molecules\CustomColorPicker\CustomColorPicker.js
FN:29,(anonymous_0)
FN:54,(anonymous_1)
FN:58,(anonymous_2)
FN:94,(anonymous_3)
FN:115,(anonymous_4)
FN:159,(anonymous_5)
FN:164,(anonymous_6)
FN:192,(anonymous_7)
FN:206,(anonymous_8)
FN:374,(anonymous_9)
FN:385,(anonymous_10)
FN:420,TextMaskCustom
FN:425,(anonymous_12)
FNF:13
FNH:13
FNDA:9,(anonymous_0)
FNDA:10,(anonymous_1)
FNDA:3,(anonymous_2)
FNDA:2,(anonymous_3)
FNDA:4,(anonymous_4)
FNDA:1,(anonymous_5)
FNDA:1,(anonymous_6)
FNDA:24,(anonymous_7)
FNDA:23,(anonymous_8)
FNDA:6,(anonymous_9)
FNDA:6,(anonymous_10)
FNDA:12,TextMaskCustom
FNDA:19,(anonymous_12)
DA:15,1
DA:30,9
DA:32,9
DA:33,9
DA:34,9
DA:35,9
DA:36,9
DA:37,9
DA:39,9
DA:48,9
DA:49,9
DA:50,9
DA:51,9
DA:55,10
DA:59,3
DA:60,3
DA:61,3
DA:63,3
DA:64,1
DA:67,3
DA:68,1
DA:73,3
DA:74,1
DA:76,2
DA:77,1
DA:79,1
DA:80,1
DA:83,3
DA:87,3
DA:88,3
DA:95,2
DA:96,2
DA:97,2
DA:98,2
DA:100,2
DA:104,2
DA:105,1
DA:106,1
DA:107,1
DA:111,1
DA:116,4
DA:117,4
DA:118,4
DA:120,4
DA:121,2
DA:124,4
DA:125,1
DA:128,4
DA:136,4
DA:137,1
DA:138,1
DA:140,3
DA:141,1
DA:142,1
DA:144,2
DA:145,1
DA:146,1
DA:148,1
DA:149,1
DA:150,1
DA:153,4
DA:154,4
DA:155,4
DA:160,1
DA:161,1
DA:165,1
DA:166,1
DA:167,1
DA:168,1
DA:188,1
DA:193,24
DA:194,24
DA:196,24
DA:197,7
DA:200,17
DA:201,17
DA:203,24
DA:207,23
DA:208,23
DA:209,23
DA:210,23
DA:374,1
DA:375,6
DA:380,1
DA:385,1
DA:386,6
DA:392,1
DA:415,1
DA:421,12
DA:422,12
DA:426,19
DA:434,1
DA:438,1
LF:93
LH:93
BRDA:39,0,0,0
BRDA:39,0,1,9
BRDA:63,1,0,1
BRDA:63,1,1,2
BRDA:63,2,0,3
BRDA:63,2,1,3
BRDA:67,3,0,1
BRDA:67,3,1,2
BRDA:73,4,0,1
BRDA:73,4,1,2
BRDA:76,5,0,1
BRDA:76,5,1,1
BRDA:79,6,0,1
BRDA:79,6,1,0
BRDA:87,7,0,3
BRDA:87,7,1,0
BRDA:98,8,0,2
BRDA:98,8,1,2
BRDA:104,9,0,1
BRDA:104,9,1,1
BRDA:106,10,0,1
BRDA:106,10,1,0
BRDA:120,11,0,2
BRDA:120,11,1,2
BRDA:120,12,0,4
BRDA:120,12,1,3
BRDA:124,13,0,1
BRDA:124,13,1,3
BRDA:136,14,0,1
BRDA:136,14,1,3
BRDA:140,15,0,1
BRDA:140,15,1,2
BRDA:144,16,0,1
BRDA:144,16,1,1
BRDA:148,17,0,1
BRDA:148,17,1,0
BRDA:154,18,0,4
BRDA:154,18,1,0
BRDA:165,19,0,1
BRDA:165,19,1,0
BRDA:196,20,0,7
BRDA:196,20,1,17
BRDA:208,21,0,23
BRDA:208,21,1,0
BRDA:426,22,0,12
BRDA:426,22,1,7
BRF:46
BRH:38
end_of_record
TN:
SF:src\4_molecules\DeleteCanvasObjectButton\DeleteCanvasObjectButton.js
FN:16,(anonymous_0)
FN:23,(anonymous_1)
FN:27,(anonymous_2)
FN:31,(anonymous_3)
FN:38,(anonymous_4)
FN:47,(anonymous_5)
FN:73,mapStateToProps
FN:77,mapDispatchToProps
FN:83,(anonymous_8)
FN:85,(anonymous_9)
FNF:10
FNH:10
FNDA:6,(anonymous_0)
FNDA:6,(anonymous_1)
FNDA:1,(anonymous_2)
FNDA:1,(anonymous_3)
FNDA:2,(anonymous_4)
FNDA:6,(anonymous_5)
FNDA:1,mapStateToProps
FNDA:1,mapDispatchToProps
FNDA:1,(anonymous_8)
FNDA:1,(anonymous_9)
DA:17,6
DA:19,6
DA:20,6
DA:24,6
DA:28,1
DA:32,1
DA:33,1
DA:34,1
DA:39,2
DA:40,1
DA:41,1
DA:42,1
DA:48,6
DA:50,6
DA:66,1
DA:74,1
DA:78,1
DA:84,1
DA:85,1
LF:19
LH:19
BRDA:33,0,0,1
BRDA:33,0,1,0
BRDA:39,1,0,1
BRDA:39,1,1,1
BRDA:39,2,0,2
BRDA:39,2,1,1
BRDA:41,3,0,1
BRDA:41,3,1,0
BRF:8
BRH:6
end_of_record
TN:
SF:src\4_molecules\Dropdown\Dropdown.js
FN:8,(anonymous_0)
FN:26,(anonymous_1)
FN:30,(anonymous_2)
FN:63,(anonymous_3)
FN:66,(anonymous_4)
FN:71,(anonymous_5)
FN:74,(anonymous_6)
FN:88,(anonymous_7)
FN:91,(anonymous_8)
FN:110,(anonymous_9)
FN:116,(anonymous_10)
FNF:11
FNH:11
FNDA:14,(anonymous_0)
FNDA:14,(anonymous_1)
FNDA:1,(anonymous_2)
FNDA:4,(anonymous_3)
FNDA:4,(anonymous_4)
FNDA:27,(anonymous_5)
FNDA:44,(anonymous_6)
FNDA:27,(anonymous_7)
FNDA:44,(anonymous_8)
FNDA:2,(anonymous_9)
FNDA:27,(anonymous_10)
DA:9,14
DA:11,14
DA:15,14
DA:16,14
DA:17,14
DA:19,14
DA:20,14
DA:21,14
DA:22,14
DA:23,14
DA:27,14
DA:31,1
DA:64,4
DA:66,4
DA:72,27
DA:74,27
DA:75,44
DA:76,17
DA:85,27
DA:89,27
DA:91,27
DA:92,44
DA:93,27
DA:107,27
DA:111,2
DA:117,27
DA:126,1
DA:134,1
LF:28
LH:28
BRDA:75,0,0,17
BRDA:75,0,1,27
BRDA:92,1,0,27
BRDA:92,1,1,17
BRF:4
BRH:4
end_of_record
TN:
SF:src\4_molecules\ExpandableList\ExpandableList.js
FN:32,(anonymous_0)
FN:42,(anonymous_1)
FN:50,(anonymous_2)
FN:54,(anonymous_3)
FN:93,(anonymous_4)
FN:94,(anonymous_5)
FNF:6
FNH:6
FNDA:8,(anonymous_0)
FNDA:2,(anonymous_1)
FNDA:2,(anonymous_2)
FNDA:15,(anonymous_3)
FNDA:13,(anonymous_4)
FNDA:2,(anonymous_5)
DA:10,1
DA:33,8
DA:35,8
DA:39,8
DA:43,2
DA:44,1
DA:47,2
DA:51,2
DA:55,15
DA:56,15
DA:58,15
DA:59,14
DA:60,34
DA:64,15
DA:66,15
DA:94,13
DA:105,1
DA:111,1
LF:18
LH:18
BRDA:43,0,0,1
BRDA:43,0,1,1
BRDA:43,1,0,2
BRDA:43,1,1,1
BRDA:58,2,0,14
BRDA:58,2,1,1
BRDA:64,3,0,3
BRDA:64,3,1,12
BRDA:74,4,0,4
BRDA:74,4,1,11
BRDA:82,5,0,3
BRDA:82,5,1,12
BRDA:83,6,0,4
BRDA:83,6,1,11
BRDA:86,7,0,15
BRDA:86,7,1,4
BRDA:88,8,0,4
BRDA:88,8,1,4
BRDA:92,9,0,4
BRDA:92,9,1,4
BRDA:94,10,0,1
BRDA:94,10,1,12
BRF:22
BRH:22
end_of_record
TN:
SF:src\4_molecules\FlipButton\FlipButton.js
FN:8,(anonymous_0)
FN:9,handleFlipHorizontalClick
FN:25,handleFlipVerticalClick
FNF:3
FNH:3
FNDA:6,(anonymous_0)
FNDA:1,handleFlipHorizontalClick
FNDA:1,handleFlipVerticalClick
DA:8,1
DA:10,1
DA:12,1
DA:13,1
DA:17,1
DA:18,1
DA:21,1
DA:26,1
DA:28,1
DA:29,1
DA:33,1
DA:34,1
DA:37,1
DA:40,6
DA:54,1
LF:15
LH:15
BRDA:12,0,0,1
BRDA:12,0,1,0
BRDA:17,1,0,1
BRDA:17,1,1,0
BRDA:28,2,0,1
BRDA:28,2,1,0
BRDA:33,3,0,1
BRDA:33,3,1,0
BRF:8
BRH:4
end_of_record
TN:
SF:src\4_molecules\FontLoader\FontLoader.js
FN:10,(anonymous_0)
FN:23,(anonymous_1)
FN:29,(anonymous_2)
FN:35,(anonymous_3)
FN:41,(anonymous_4)
FN:49,(anonymous_5)
FN:57,(anonymous_6)
FN:65,(anonymous_7)
FNF:8
FNH:8
FNDA:7,(anonymous_0)
FNDA:8,(anonymous_1)
FNDA:1,(anonymous_2)
FNDA:1,(anonymous_3)
FNDA:8,(anonymous_4)
FNDA:1,(anonymous_5)
FNDA:1,(anonymous_6)
FNDA:7,(anonymous_7)
DA:11,7
DA:13,7
DA:14,7
DA:15,7
DA:16,7
DA:17,7
DA:18,7
DA:20,7
DA:24,8
DA:25,8
DA:30,1
DA:31,1
DA:36,1
DA:37,1
DA:42,8
DA:44,8
DA:45,8
DA:50,1
DA:52,1
DA:53,1
DA:58,1
DA:60,1
DA:61,1
DA:66,7
DA:67,7
DA:69,7
DA:70,7
DA:71,7
DA:75,7
DA:76,7
DA:79,7
DA:91,7
DA:95,1
DA:106,1
LF:34
LH:34
BRDA:24,0,0,8
BRDA:24,0,1,0
BRDA:30,1,0,1
BRDA:30,1,1,0
BRDA:36,2,0,1
BRDA:36,2,1,0
BRDA:44,3,0,8
BRDA:44,3,1,0
BRDA:52,4,0,1
BRDA:52,4,1,0
BRDA:60,5,0,1
BRDA:60,5,1,0
BRDA:67,6,0,7
BRDA:67,6,1,0
BRDA:67,7,0,7
BRDA:67,7,1,7
BRDA:67,7,2,7
BRDA:69,8,0,7
BRDA:69,8,1,0
BRDA:69,9,0,7
BRDA:69,9,1,7
BRDA:69,9,2,7
BRDA:75,10,0,7
BRDA:75,10,1,0
BRF:24
BRH:15
end_of_record
TN:
SF:src\4_molecules\FontSelection\FontSelection.js
FN:25,(anonymous_0)
FN:35,(anonymous_1)
FN:41,(anonymous_2)
FN:45,(anonymous_3)
FN:66,(anonymous_4)
FN:70,(anonymous_5)
FNF:6
FNH:6
FNDA:5,(anonymous_0)
FNDA:2,(anonymous_1)
FNDA:1,(anonymous_2)
FNDA:6,(anonymous_3)
FNDA:12,(anonymous_4)
FNDA:2,(anonymous_5)
DA:13,1
DA:26,5
DA:27,5
DA:29,5
DA:31,5
DA:32,5
DA:36,2
DA:37,1
DA:42,1
DA:46,6
DA:47,6
DA:49,6
DA:67,12
DA:70,2
DA:81,1
LF:15
LH:15
BRDA:32,0,0,0
BRDA:32,0,1,5
BRDA:36,1,0,1
BRDA:36,1,1,1
BRDA:36,2,0,2
BRDA:36,2,1,2
BRDA:52,3,0,5
BRDA:52,3,1,1
BRDA:53,4,0,6
BRDA:53,4,1,6
BRDA:53,4,2,5
BRDA:56,5,0,6
BRDA:56,5,1,6
BRDA:56,5,2,1
BRF:14
BRH:13
end_of_record
TN:
SF:src\4_molecules\FontSelectionList\FontSelectionList.js
FN:24,FontSelectionList
FN:25,handleChangeItem
FN:33,(anonymous_2)
FN:37,(anonymous_3)
FNF:4
FNH:4
FNDA:2,FontSelectionList
FNDA:1,handleChangeItem
FNDA:4,(anonymous_2)
FNDA:1,(anonymous_3)
DA:9,1
DA:26,1
DA:27,1
DA:31,2
DA:34,4
DA:37,1
DA:50,1
LF:7
LH:7
BRDA:26,0,0,1
BRDA:26,0,1,0
BRDA:36,1,0,0
BRDA:36,1,1,4
BRDA:36,2,0,4
BRDA:36,2,1,4
BRDA:40,3,0,4
BRDA:40,3,1,4
BRDA:40,3,2,0
BRF:9
BRH:6
end_of_record
TN:
SF:src\4_molecules\FontSizeSelection\FontSizeSelection.js
FN:40,(anonymous_0)
FN:63,(anonymous_1)
FN:87,(anonymous_2)
FN:89,(anonymous_3)
FN:97,(anonymous_4)
FN:99,(anonymous_5)
FN:107,(anonymous_6)
FN:112,(anonymous_7)
FN:126,(anonymous_8)
FN:130,(anonymous_9)
FN:135,(anonymous_10)
FN:152,(anonymous_11)
FN:158,(anonymous_12)
FN:179,(anonymous_13)
FN:187,(anonymous_14)
FN:198,(anonymous_15)
FN:208,(anonymous_16)
FN:209,(anonymous_17)
FN:216,(anonymous_18)
FNF:19
FNH:17
FNDA:8,(anonymous_0)
FNDA:13,(anonymous_1)
FNDA:8,(anonymous_2)
FNDA:8,(anonymous_3)
FNDA:8,(anonymous_4)
FNDA:8,(anonymous_5)
FNDA:1,(anonymous_6)
FNDA:3,(anonymous_7)
FNDA:1,(anonymous_8)
FNDA:1,(anonymous_9)
FNDA:2,(anonymous_10)
FNDA:1,(anonymous_11)
FNDA:5,(anonymous_12)
FNDA:5,(anonymous_13)
FNDA:21,(anonymous_14)
FNDA:1,(anonymous_15)
FNDA:0,(anonymous_16)
FNDA:0,(anonymous_17)
FNDA:1,(anonymous_18)
DA:14,1
DA:41,8
DA:43,8
DA:44,8
DA:46,8
DA:53,8
DA:54,8
DA:55,8
DA:56,8
DA:57,8
DA:58,8
DA:59,8
DA:60,8
DA:64,13
DA:65,13
DA:66,13
DA:67,0
DA:69,13
DA:70,6
DA:74,0
DA:75,0
DA:79,13
DA:80,0
DA:88,8
DA:89,8
DA:90,8
DA:91,0
DA:94,8
DA:98,8
DA:99,8
DA:100,8
DA:101,0
DA:104,8
DA:108,1
DA:109,1
DA:113,3
DA:114,3
DA:115,0
DA:117,3
DA:120,0
DA:121,0
DA:127,1
DA:128,0
DA:130,1
DA:131,1
DA:136,2
DA:137,2
DA:140,2
DA:141,1
DA:144,1
DA:147,2
DA:148,2
DA:153,1
DA:154,1
DA:159,5
DA:160,5
DA:161,5
DA:162,5
DA:164,5
DA:165,1
DA:167,4
DA:168,1
DA:171,5
DA:172,5
DA:176,5
DA:180,5
DA:181,5
DA:182,5
DA:188,21
DA:189,21
DA:190,21
DA:192,21
DA:198,1
DA:208,0
DA:209,0
DA:216,1
DA:261,1
DA:268,1
LF:78
LH:66
BRDA:43,0,0,8
BRDA:43,0,1,0
BRDA:44,1,0,8
BRDA:44,1,1,0
BRDA:65,2,0,13
BRDA:65,2,1,0
BRDA:66,3,0,0
BRDA:66,3,1,13
BRDA:69,4,0,6
BRDA:69,4,1,7
BRDA:69,5,0,13
BRDA:69,5,1,7
BRDA:74,6,0,0
BRDA:74,6,1,0
BRDA:79,7,0,0
BRDA:79,7,1,13
BRDA:90,8,0,0
BRDA:90,8,1,8
BRDA:100,9,0,0
BRDA:100,9,1,8
BRDA:113,10,0,3
BRDA:113,10,1,0
BRDA:114,11,0,0
BRDA:114,11,1,3
BRDA:114,12,0,3
BRDA:114,12,1,3
BRDA:120,13,0,0
BRDA:120,13,1,0
BRDA:120,14,0,0
BRDA:120,14,1,0
BRDA:127,15,0,0
BRDA:127,15,1,1
BRDA:140,16,0,1
BRDA:140,16,1,1
BRDA:141,17,0,1
BRDA:141,17,1,0
BRDA:144,18,0,1
BRDA:144,18,1,0
BRDA:147,19,0,2
BRDA:147,19,1,0
BRDA:147,20,0,2
BRDA:147,20,1,2
BRDA:153,21,0,1
BRDA:153,21,1,0
BRDA:164,22,0,1
BRDA:164,22,1,4
BRDA:167,23,0,1
BRDA:167,23,1,3
BRDA:171,24,0,5
BRDA:171,24,1,0
BRDA:180,25,0,5
BRDA:180,25,1,0
BRDA:181,26,0,5
BRDA:181,26,1,0
BRDA:181,27,0,5
BRDA:181,27,1,5
BRDA:194,28,0,21
BRDA:194,28,1,20
BRDA:197,29,0,1
BRDA:197,29,1,19
BRDA:207,30,0,0
BRDA:207,30,1,20
BRDA:215,31,0,1
BRDA:215,31,1,19
BRDA:220,32,0,21
BRDA:220,32,1,1
BRDA:221,33,0,0
BRDA:221,33,1,1
BRF:68
BRH:43
end_of_record
TN:
SF:src\4_molecules\FontSizeSelectionOptions\FontSizeSelectionOptions.js
FN:48,(anonymous_0)
FN:59,(anonymous_1)
FN:63,(anonymous_2)
FN:68,(anonymous_3)
FNF:4
FNH:4
FNDA:3,(anonymous_0)
FNDA:1,(anonymous_1)
FNDA:1,(anonymous_2)
FNDA:4,(anonymous_3)
DA:10,1
DA:16,1
DA:49,3
DA:51,3
DA:52,3
DA:54,3
DA:60,1
DA:64,1
DA:65,1
DA:69,4
DA:70,4
DA:72,4
DA:100,1
DA:111,1
LF:14
LH:14
BRF:0
BRH:0
end_of_record
TN:
SF:src\4_molecules\ImageFlyout\ImageFlyout.js
FN:79,(anonymous_0)
FN:128,(anonymous_1)
FN:135,(anonymous_2)
FN:143,handleSetColorList
FN:145,(anonymous_4)
FN:159,handleOpenCategoryFilter
FN:163,handlecloseCategoryFilter
FN:167,handleExpandClick
FN:172,triggerMoreOrLess
FN:176,handleSelectCategory
FN:182,handleRemoveChip
FN:183,(anonymous_11)
FN:186,handleSelectTab
FN:192,selectedZIndex
FN:196,handleBringToFrontClick
FN:202,handleSendToBackClick
FN:208,handleColorSelectionOptionsClick
FN:213,changeColor
FN:218,handleEditImagesButtonClick
FN:222,filterPanel
FN:232,(anonymous_20)
FN:237,(anonymous_21)
FN:241,(anonymous_22)
FN:242,(anonymous_23)
FN:246,(anonymous_24)
FN:253,getAngleInBoundary
FN:270,handleRotateChange
FN:281,handleRotationInput
FN:342,(anonymous_28)
FN:366,(anonymous_29)
FN:372,(anonymous_30)
FN:379,(anonymous_31)
FN:383,(anonymous_32)
FN:414,(anonymous_33)
FN:438,(anonymous_34)
FN:457,(anonymous_35)
FN:463,(anonymous_36)
FNF:37
FNH:33
FNDA:45,(anonymous_0)
FNDA:0,(anonymous_1)
FNDA:0,(anonymous_2)
FNDA:2,handleSetColorList
FNDA:4,(anonymous_4)
FNDA:5,handleOpenCategoryFilter
FNDA:1,handlecloseCategoryFilter
FNDA:1,handleExpandClick
FNDA:1,triggerMoreOrLess
FNDA:2,handleSelectCategory
FNDA:1,handleRemoveChip
FNDA:1,(anonymous_11)
FNDA:7,handleSelectTab
FNDA:47,selectedZIndex
FNDA:1,handleBringToFrontClick
FNDA:1,handleSendToBackClick
FNDA:1,handleColorSelectionOptionsClick
FNDA:1,changeColor
FNDA:1,handleEditImagesButtonClick
FNDA:9,filterPanel
FNDA:2,(anonymous_20)
FNDA:1,(anonymous_21)
FNDA:91,(anonymous_22)
FNDA:2,(anonymous_23)
FNDA:1,(anonymous_24)
FNDA:4,getAngleInBoundary
FNDA:4,handleRotateChange
FNDA:4,handleRotationInput
FNDA:0,(anonymous_28)
FNDA:1,(anonymous_29)
FNDA:18,(anonymous_30)
FNDA:1,(anonymous_31)
FNDA:2,(anonymous_32)
FNDA:1,(anonymous_33)
FNDA:1,(anonymous_34)
FNDA:1,(anonymous_35)
FNDA:0,(anonymous_36)
DA:37,1
DA:38,1
DA:40,1
DA:79,1
DA:111,45
DA:112,45
DA:113,45
DA:114,45
DA:115,45
DA:116,45
DA:117,45
DA:118,45
DA:119,45
DA:125,45
DA:126,45
DA:128,45
DA:129,0
DA:130,0
DA:133,45
DA:135,45
DA:137,0
DA:138,0
DA:139,0
DA:144,2
DA:145,2
DA:146,4
DA:147,2
DA:150,2
DA:153,2
DA:154,2
DA:155,2
DA:156,2
DA:160,5
DA:164,1
DA:168,1
DA:169,1
DA:173,1
DA:177,2
DA:178,2
DA:183,1
DA:187,7
DA:188,7
DA:193,47
DA:197,1
DA:198,1
DA:203,1
DA:204,1
DA:209,1
DA:210,1
DA:214,1
DA:215,1
DA:219,1
DA:223,9
DA:225,9
DA:233,2
DA:237,1
DA:242,91
DA:246,1
DA:254,4
DA:255,0
DA:258,4
DA:259,0
DA:262,4
DA:263,1
DA:264,1
DA:267,4
DA:271,4
DA:273,4
DA:274,2
DA:277,2
DA:282,4
DA:284,4
DA:285,1
DA:287,3
DA:288,1
DA:290,2
DA:291,2
DA:294,4
DA:297,45
DA:298,45
DA:300,45
DA:301,45
DA:303,45
DA:304,45
DA:306,45
DA:308,18
DA:334,22
DA:342,0
DA:366,1
DA:373,18
DA:379,1
DA:383,2
DA:414,1
DA:430,2
DA:438,1
DA:449,2
DA:457,1
DA:463,0
DA:468,1
LF:99
LH:90
BRDA:116,0,0,23
BRDA:116,0,1,22
BRDA:117,1,0,45
BRDA:117,1,1,22
BRDA:129,2,0,0
BRDA:129,2,1,0
BRDA:130,3,0,0
BRDA:130,3,1,0
BRDA:137,4,0,0
BRDA:137,4,1,0
BRDA:137,5,0,0
BRDA:137,5,1,0
BRDA:137,5,2,0
BRDA:146,6,0,2
BRDA:146,6,1,2
BRDA:177,7,0,2
BRDA:177,7,1,0
BRDA:187,8,0,7
BRDA:187,8,1,0
BRDA:193,9,0,25
BRDA:193,9,1,22
BRDA:197,10,0,1
BRDA:197,10,1,0
BRDA:203,11,0,1
BRDA:203,11,1,0
BRDA:223,12,0,1
BRDA:223,12,1,8
BRDA:245,13,0,9
BRDA:245,13,1,9
BRDA:246,14,0,1
BRDA:246,14,1,8
BRDA:262,15,0,1
BRDA:262,15,1,3
BRDA:262,16,0,4
BRDA:262,16,1,1
BRDA:273,17,0,2
BRDA:273,17,1,2
BRDA:284,18,0,1
BRDA:284,18,1,3
BRDA:285,19,0,1
BRDA:285,19,1,0
BRDA:287,20,0,1
BRDA:287,20,1,2
BRDA:290,21,0,2
BRDA:290,21,1,0
BRDA:298,22,0,45
BRDA:298,22,1,45
BRDA:300,23,0,34
BRDA:300,23,1,11
BRDA:303,24,0,45
BRDA:303,24,1,11
BRDA:303,25,0,11
BRDA:303,25,1,11
BRDA:303,25,2,11
BRDA:303,25,3,0
BRDA:306,26,0,18
BRDA:306,26,1,22
BRDA:306,26,2,2
BRDA:306,26,3,2
BRDA:306,26,4,1
BRDA:310,27,0,9
BRDA:310,27,1,9
BRDA:311,28,0,9
BRDA:311,28,1,9
BRDA:313,29,0,9
BRDA:313,29,1,9
BRDA:319,30,0,0
BRDA:319,30,1,18
BRDA:349,31,0,22
BRDA:349,31,1,21
BRDA:349,31,2,21
BRDA:355,32,0,1
BRDA:355,32,1,20
BRDA:361,33,0,22
BRDA:361,33,1,21
BRDA:361,33,2,12
BRDA:370,34,0,22
BRDA:370,34,1,9
BRDA:374,35,0,18
BRDA:374,35,1,0
BRDA:393,36,0,22
BRDA:393,36,1,21
BRDA:393,36,2,21
BRDA:401,37,0,22
BRDA:401,37,1,21
BRDA:401,37,2,21
BRDA:410,38,0,22
BRDA:410,38,1,21
BRDA:410,38,2,21
BRDA:414,39,0,21
BRDA:414,39,1,20
BRDA:459,40,0,2
BRDA:459,40,1,0
BRDA:459,41,0,0
BRDA:459,41,1,0
BRF:95
BRH:74
end_of_record
TN:
SF:src\4_molecules\ImageSelector\ImageSelector.js
FN:106,(anonymous_0)
FN:156,(anonymous_1)
FN:173,(anonymous_2)
FN:177,(anonymous_3)
FN:194,(anonymous_4)
FN:201,(anonymous_5)
FN:205,(anonymous_6)
FN:209,(anonymous_7)
FN:221,(anonymous_8)
FN:233,(anonymous_9)
FN:239,(anonymous_10)
FN:244,(anonymous_11)
FN:252,(anonymous_12)
FN:293,(anonymous_13)
FN:298,(anonymous_14)
FN:303,(anonymous_15)
FN:304,(anonymous_16)
FN:309,(anonymous_17)
FN:320,(anonymous_18)
FN:347,(anonymous_19)
FN:348,(anonymous_20)
FN:349,(anonymous_21)
FNF:22
FNH:16
FNDA:12,(anonymous_0)
FNDA:0,(anonymous_1)
FNDA:1,(anonymous_2)
FNDA:1,(anonymous_3)
FNDA:2,(anonymous_4)
FNDA:1,(anonymous_5)
FNDA:1,(anonymous_6)
FNDA:1,(anonymous_7)
FNDA:1,(anonymous_8)
FNDA:14,(anonymous_9)
FNDA:1,(anonymous_10)
FNDA:26,(anonymous_11)
FNDA:26,(anonymous_12)
FNDA:3,(anonymous_13)
FNDA:1,(anonymous_14)
FNDA:36,(anonymous_15)
FNDA:0,(anonymous_16)
FNDA:1,(anonymous_17)
FNDA:0,(anonymous_18)
FNDA:0,(anonymous_19)
FNDA:0,(anonymous_20)
FNDA:0,(anonymous_21)
DA:14,1
DA:107,12
DA:109,12
DA:110,12
DA:111,12
DA:112,12
DA:114,12
DA:123,12
DA:124,12
DA:125,12
DA:139,12
DA:159,12
DA:174,1
DA:177,1
DA:178,1
DA:179,1
DA:182,1
DA:191,12
DA:195,2
DA:196,1
DA:197,1
DA:202,1
DA:206,1
DA:210,1
DA:212,1
DA:213,1
DA:215,1
DA:216,1
DA:222,1
DA:224,1
DA:225,1
DA:227,1
DA:228,1
DA:234,14
DA:235,1
DA:240,1
DA:241,1
DA:245,26
DA:246,26
DA:247,26
DA:249,26
DA:253,26
DA:277,26
DA:294,3
DA:298,1
DA:304,36
DA:309,1
DA:320,0
DA:329,1
DA:345,1
LF:50
LH:49
BRDA:178,0,0,1
BRDA:178,0,1,0
BRDA:178,1,0,1
BRDA:178,1,1,1
BRDA:178,1,2,1
BRDA:195,2,0,1
BRDA:195,2,1,1
BRDA:197,3,0,1
BRDA:197,3,1,1
BRDA:212,4,0,1
BRDA:212,4,1,0
BRDA:215,5,0,1
BRDA:215,5,1,0
BRDA:224,6,0,1
BRDA:224,6,1,0
BRDA:227,7,0,1
BRDA:227,7,1,0
BRDA:234,8,0,1
BRDA:234,8,1,13
BRDA:234,9,0,14
BRDA:234,9,1,1
BRDA:240,10,0,1
BRDA:240,10,1,0
BRDA:252,11,0,26
BRDA:252,11,1,13
BRDA:253,12,0,13
BRDA:253,12,1,13
BRDA:281,13,0,26
BRDA:281,13,1,20
BRDA:284,14,0,0
BRDA:284,14,1,26
BRDA:284,15,0,3
BRDA:284,15,1,23
BRDA:285,16,0,26
BRDA:285,16,1,3
BRDA:285,16,2,3
BRDA:302,17,0,0
BRDA:302,17,1,3
BRDA:307,18,0,3
BRDA:307,18,1,3
BRDA:315,19,0,26
BRDA:315,19,1,26
BRDA:315,19,2,6
BRF:43
BRH:35
end_of_record
TN:
SF:src\4_molecules\ImageVersesSelector\ImageVersesSelector.js
FN:37,(anonymous_0)
FN:75,(anonymous_1)
FN:86,(anonymous_2)
FN:90,(anonymous_3)
FN:95,(anonymous_4)
FN:111,(anonymous_5)
FN:116,(anonymous_6)
FN:121,(anonymous_7)
FN:122,(anonymous_8)
FN:127,(anonymous_9)
FN:136,(anonymous_10)
FNF:11
FNH:8
FNDA:3,(anonymous_0)
FNDA:0,(anonymous_1)
FNDA:1,(anonymous_2)
FNDA:1,(anonymous_3)
FNDA:6,(anonymous_4)
FNDA:6,(anonymous_5)
FNDA:1,(anonymous_6)
FNDA:72,(anonymous_7)
FNDA:0,(anonymous_8)
FNDA:1,(anonymous_9)
FNDA:0,(anonymous_10)
DA:12,1
DA:38,3
DA:40,3
DA:41,3
DA:43,3
DA:47,3
DA:48,3
DA:61,3
DA:83,3
DA:87,1
DA:91,1
DA:92,1
DA:96,6
DA:97,6
DA:99,6
DA:112,6
DA:116,1
DA:122,72
DA:127,1
DA:136,0
DA:145,1
DA:160,1
LF:22
LH:21
BRDA:91,0,0,1
BRDA:91,0,1,0
BRDA:102,1,0,0
BRDA:102,1,1,6
BRDA:103,2,0,6
BRDA:103,2,1,6
BRDA:120,3,0,0
BRDA:120,3,1,6
BRDA:125,4,0,6
BRDA:125,4,1,6
BRF:10
BRH:7
end_of_record
TN:
SF:src\4_molecules\LayersFlyout\LayersFlyout.js
FN:7,(anonymous_0)
FNF:1
FNH:1
FNDA:1,(anonymous_0)
DA:7,1
DA:8,1
DA:25,1
LF:3
LH:3
BRF:0
BRH:0
end_of_record
TN:
SF:src\4_molecules\LayersPanel\LayersPanel.js
FN:26,(anonymous_0)
FN:38,(anonymous_1)
FN:44,(anonymous_2)
FN:52,(anonymous_3)
FN:64,(anonymous_4)
FN:69,(anonymous_5)
FN:75,(anonymous_6)
FN:83,(anonymous_7)
FNF:8
FNH:8
FNDA:3,(anonymous_0)
FNDA:3,(anonymous_1)
FNDA:8,(anonymous_2)
FNDA:1,(anonymous_3)
FNDA:1,(anonymous_4)
FNDA:10,(anonymous_5)
FNDA:10,(anonymous_6)
FNDA:4,(anonymous_7)
DA:11,1
DA:27,3
DA:29,3
DA:30,3
DA:31,3
DA:33,3
DA:39,3
DA:45,8
DA:46,1
DA:53,1
DA:54,1
DA:55,1
DA:57,1
DA:58,1
DA:59,1
DA:60,1
DA:65,1
DA:66,1
DA:70,10
DA:72,10
DA:76,10
DA:77,10
DA:78,10
DA:80,10
DA:84,4
DA:100,1
LF:26
LH:26
BRDA:45,0,0,1
BRDA:45,0,1,7
BRDA:53,1,0,1
BRDA:53,1,1,0
BRDA:55,2,0,1
BRDA:55,2,1,0
BRDA:65,3,0,1
BRDA:65,3,1,0
BRDA:83,4,0,10
BRDA:83,4,1,1
BRF:10
BRH:7
end_of_record
TN:
SF:src\4_molecules\LayersRow\LayersRow.js
FN:50,(anonymous_0)
FN:55,(anonymous_1)
FN:89,(anonymous_2)
FN:121,(anonymous_3)
FN:143,(anonymous_4)
FN:167,(anonymous_5)
FN:171,(anonymous_6)
FN:205,(anonymous_7)
FN:207,(anonymous_8)
FNF:9
FNH:8
FNDA:4,(anonymous_0)
FNDA:2,(anonymous_1)
FNDA:0,(anonymous_2)
FNDA:1,(anonymous_3)
FNDA:1,(anonymous_4)
FNDA:1,(anonymous_5)
FNDA:4,(anonymous_6)
FNDA:1,(anonymous_7)
FNDA:1,(anonymous_8)
DA:15,1
DA:51,4
DA:52,4
DA:56,2
DA:57,2
DA:58,2
DA:59,2
DA:60,2
DA:61,2
DA:62,2
DA:65,2
DA:66,2
DA:70,2
DA:71,2
DA:74,2
DA:90,0
DA:91,0
DA:92,0
DA:95,0
DA:96,0
DA:97,0
DA:103,0
DA:106,0
DA:122,1
DA:123,1
DA:124,1
DA:125,1
DA:126,1
DA:127,1
DA:130,1
DA:144,1
DA:145,1
DA:146,1
DA:147,1
DA:148,1
DA:149,1
DA:152,1
DA:168,1
DA:172,4
DA:173,4
DA:174,4
DA:187,1
DA:199,1
DA:203,1
DA:205,1
DA:206,1
DA:207,1
LF:47
LH:39
BRDA:65,0,0,2
BRDA:65,0,1,0
BRDA:70,1,0,2
BRDA:70,1,1,0
BRDA:70,2,0,2
BRDA:70,2,1,2
BRDA:70,2,2,2
BRDA:95,3,0,0
BRDA:95,3,1,0
BRDA:103,4,0,0
BRDA:103,4,1,0
BRDA:115,5,0,0
BRDA:115,5,1,0
BRDA:126,6,0,1
BRDA:126,6,1,0
BRDA:145,7,0,1
BRDA:145,7,1,0
BRDA:146,8,0,1
BRDA:146,8,1,0
BRDA:147,9,0,1
BRDA:147,9,1,0
BRDA:148,10,0,1
BRDA:148,10,1,0
BRDA:148,11,0,1
BRDA:148,11,1,1
BRDA:173,12,0,0
BRDA:173,12,1,4
BRDA:177,13,0,4
BRDA:177,13,1,2
BRDA:178,14,0,4
BRDA:178,14,1,1
BRDA:179,15,0,4
BRDA:179,15,1,1
BRDA:180,16,0,4
BRDA:180,16,1,4
BRDA:180,16,2,0
BRF:36
BRH:21
end_of_record
TN:
SF:src\4_molecules\LeftFlyout\LeftFlyout.js
FN:40,(anonymous_0)
FN:51,handleExpandClick
FN:72,(anonymous_2)
FN:85,(anonymous_3)
FN:93,(anonymous_4)
FN:96,(anonymous_5)
FN:119,ExpandButton
FNF:7
FNH:7
FNDA:6,(anonymous_0)
FNDA:1,handleExpandClick
FNDA:4,(anonymous_2)
FNDA:3,(anonymous_3)
FNDA:4,(anonymous_4)
FNDA:3,(anonymous_5)
FNDA:1,ExpandButton
DA:13,1
DA:40,1
DA:41,6
DA:42,6
DA:44,6
DA:45,1
DA:47,5
DA:48,1
DA:52,1
DA:53,1
DA:56,6
DA:64,1
DA:72,1
DA:73,4
DA:85,1
DA:86,3
DA:93,1
DA:94,4
DA:96,4
DA:107,4
DA:114,1
DA:120,1
DA:129,1
LF:23
LH:23
BRDA:44,0,0,1
BRDA:44,0,1,5
BRDA:47,1,0,1
BRDA:47,1,1,4
BRDA:47,2,0,5
BRDA:47,2,1,2
BRDA:47,2,2,1
BRDA:58,3,0,2
BRDA:58,3,1,4
BRDA:76,4,0,4
BRDA:76,4,1,4
BRDA:108,5,0,0
BRDA:108,5,1,4
BRDA:123,6,0,0
BRDA:123,6,1,1
BRF:15
BRH:13
end_of_record
TN:
SF:src\4_molecules\LeftToolbar\LeftToolbar.js
FN:93,(anonymous_0)
FN:97,(anonymous_1)
FN:109,(anonymous_2)
FN:113,(anonymous_3)
FN:125,(anonymous_4)
FN:129,(anonymous_5)
FN:141,(anonymous_6)
FN:143,(anonymous_7)
FN:154,(anonymous_8)
FN:166,(anonymous_9)
FN:168,(anonymous_10)
FN:179,(anonymous_11)
FN:191,(anonymous_12)
FN:195,(anonymous_13)
FN:207,(anonymous_14)
FN:211,(anonymous_15)
FN:223,(anonymous_16)
FN:227,(anonymous_17)
FN:239,(anonymous_18)
FN:243,(anonymous_19)
FN:255,(anonymous_20)
FN:259,(anonymous_21)
FN:271,(anonymous_22)
FN:275,(anonymous_23)
FN:291,(anonymous_24)
FN:294,(anonymous_25)
FN:308,(anonymous_26)
FN:328,(anonymous_27)
FN:361,(anonymous_28)
FN:422,(anonymous_29)
FN:466,(anonymous_30)
FN:468,(anonymous_31)
FNF:32
FNH:28
FNDA:11,(anonymous_0)
FNDA:3,(anonymous_1)
FNDA:1,(anonymous_2)
FNDA:3,(anonymous_3)
FNDA:1,(anonymous_4)
FNDA:8,(anonymous_5)
FNDA:1,(anonymous_6)
FNDA:1,(anonymous_7)
FNDA:8,(anonymous_8)
FNDA:1,(anonymous_9)
FNDA:1,(anonymous_10)
FNDA:11,(anonymous_11)
FNDA:1,(anonymous_12)
FNDA:8,(anonymous_13)
FNDA:1,(anonymous_14)
FNDA:8,(anonymous_15)
FNDA:1,(anonymous_16)
FNDA:8,(anonymous_17)
FNDA:1,(anonymous_18)
FNDA:8,(anonymous_19)
FNDA:0,(anonymous_20)
FNDA:11,(anonymous_21)
FNDA:0,(anonymous_22)
FNDA:8,(anonymous_23)
FNDA:0,(anonymous_24)
FNDA:0,(anonymous_25)
FNDA:84,(anonymous_26)
FNDA:3,(anonymous_27)
FNDA:8,(anonymous_28)
FNDA:11,(anonymous_29)
FNDA:1,(anonymous_30)
FNDA:1,(anonymous_31)
DA:28,1
DA:94,11
DA:98,3
DA:99,3
DA:109,1
DA:114,3
DA:115,3
DA:125,1
DA:130,8
DA:131,8
DA:142,1
DA:143,1
DA:144,1
DA:145,1
DA:148,1
DA:149,1
DA:155,8
DA:156,8
DA:167,1
DA:168,1
DA:169,1
DA:170,0
DA:173,1
DA:174,1
DA:180,11
DA:181,11
DA:191,1
DA:196,8
DA:197,8
DA:207,1
DA:212,8
DA:213,8
DA:223,1
DA:228,8
DA:229,8
DA:239,1
DA:244,8
DA:245,8
DA:255,0
DA:260,11
DA:261,11
DA:271,0
DA:276,8
DA:277,8
DA:292,0
DA:293,0
DA:294,0
DA:295,0
DA:296,0
DA:298,0
DA:299,0
DA:302,0
DA:303,0
DA:309,84
DA:310,84
DA:329,3
DA:331,3
DA:362,8
DA:364,8
DA:423,11
DA:425,11
DA:436,1
DA:445,1
DA:464,1
DA:466,1
DA:467,1
DA:468,1
LF:67
LH:55
BRDA:105,0,0,3
BRDA:105,0,1,3
BRDA:107,1,0,3
BRDA:107,1,1,3
BRDA:121,2,0,3
BRDA:121,2,1,3
BRDA:137,3,0,8
BRDA:137,3,1,8
BRDA:144,4,0,1
BRDA:144,4,1,0
BRDA:148,5,0,0
BRDA:148,5,1,1
BRDA:148,6,0,1
BRDA:148,6,1,0
BRDA:162,7,0,8
BRDA:162,7,1,8
BRDA:169,8,0,0
BRDA:169,8,1,1
BRDA:173,9,0,1
BRDA:173,9,1,0
BRDA:173,10,0,1
BRDA:173,10,1,1
BRDA:203,11,0,8
BRDA:203,11,1,8
BRDA:219,12,0,8
BRDA:219,12,1,8
BRDA:235,13,0,8
BRDA:235,13,1,8
BRDA:251,14,0,8
BRDA:251,14,1,8
BRDA:287,15,0,8
BRDA:287,15,1,8
BRDA:295,16,0,0
BRDA:295,16,1,0
BRDA:298,17,0,0
BRDA:298,17,1,0
BRDA:302,18,0,0
BRDA:302,18,1,0
BRDA:302,19,0,0
BRDA:302,19,1,0
BRDA:302,19,2,0
BRDA:308,20,0,0
BRDA:308,21,0,0
BRDA:311,22,0,84
BRDA:311,22,1,59
BRDA:316,23,0,0
BRDA:316,23,1,59
BRDA:333,24,0,3
BRDA:333,24,1,0
BRDA:349,25,0,3
BRDA:349,25,1,3
BRDA:367,26,0,8
BRDA:367,26,1,0
BRDA:405,27,0,8
BRDA:405,27,1,8
BRDA:430,28,0,3
BRDA:430,28,1,8
BRF:57
BRH:38
end_of_record
TN:
SF:src\4_molecules\LimitedColorSelection\LimitedColorSelection.js
FN:23,LimitedColorSelection
FN:24,applyColor
FN:29,changeColor
FN:34,(anonymous_3)
FN:90,(anonymous_4)
FN:93,(anonymous_5)
FNF:6
FNH:5
FNDA:2,LimitedColorSelection
FNDA:1,applyColor
FNDA:0,changeColor
FNDA:4,(anonymous_3)
FNDA:2,(anonymous_4)
FNDA:2,(anonymous_5)
DA:14,1
DA:25,1
DA:26,1
DA:30,0
DA:33,2
DA:34,2
DA:35,4
DA:36,2
DA:39,2
DA:43,2
DA:44,2
DA:46,2
DA:77,1
DA:88,1
DA:90,1
DA:91,2
DA:93,2
LF:17
LH:16
BRDA:35,0,0,2
BRDA:35,0,1,2
BRDA:44,1,0,0
BRDA:44,1,1,2
BRDA:48,2,0,2
BRDA:48,2,1,2
BRDA:55,3,0,0
BRDA:55,3,1,2
BRDA:67,4,0,2
BRDA:67,4,1,0
BRDA:70,5,0,0
BRDA:70,5,1,0
BRF:12
BRH:7
end_of_record
TN:
SF:src\4_molecules\LimitedColorSelectionOptions\LimitedColorSelectionOptions.js
FN:29,(anonymous_0)
FN:37,(anonymous_1)
FN:48,(anonymous_2)
FN:50,(anonymous_3)
FN:57,(anonymous_4)
FN:64,(anonymous_5)
FN:70,(anonymous_6)
FN:73,(anonymous_7)
FN:82,(anonymous_8)
FN:88,(anonymous_9)
FN:93,(anonymous_10)
FN:105,(anonymous_11)
FN:111,(anonymous_12)
FN:134,(anonymous_13)
FN:140,(anonymous_14)
FN:142,(anonymous_15)
FN:149,(anonymous_16)
FN:149,(anonymous_17)
FN:151,(anonymous_18)
FN:152,(anonymous_19)
FN:173,(anonymous_20)
FNF:21
FNH:0
FNDA:0,(anonymous_0)
FNDA:0,(anonymous_1)
FNDA:0,(anonymous_2)
FNDA:0,(anonymous_3)
FNDA:0,(anonymous_4)
FNDA:0,(anonymous_5)
FNDA:0,(anonymous_6)
FNDA:0,(anonymous_7)
FNDA:0,(anonymous_8)
FNDA:0,(anonymous_9)
FNDA:0,(anonymous_10)
FNDA:0,(anonymous_11)
FNDA:0,(anonymous_12)
FNDA:0,(anonymous_13)
FNDA:0,(anonymous_14)
FNDA:0,(anonymous_15)
FNDA:0,(anonymous_16)
FNDA:0,(anonymous_17)
FNDA:0,(anonymous_18)
FNDA:0,(anonymous_19)
FNDA:0,(anonymous_20)
DA:13,1
DA:30,0
DA:32,0
DA:33,0
DA:35,0
DA:37,0
DA:38,0
DA:41,0
DA:49,0
DA:50,0
DA:51,0
DA:52,0
DA:53,0
DA:56,0
DA:57,0
DA:58,0
DA:61,0
DA:65,0
DA:66,0
DA:72,0
DA:73,0
DA:74,0
DA:77,0
DA:78,0
DA:83,0
DA:84,0
DA:85,0
DA:86,0
DA:87,0
DA:88,0
DA:89,0
DA:93,0
DA:94,0
DA:97,0
DA:100,0
DA:106,0
DA:107,0
DA:112,0
DA:113,0
DA:114,0
DA:115,0
DA:116,0
DA:117,0
DA:119,0
DA:135,0
DA:136,0
DA:138,0
DA:139,0
DA:140,0
DA:141,0
DA:142,0
DA:143,0
DA:149,0
DA:151,0
DA:152,0
DA:154,0
DA:174,0
DA:175,0
DA:188,1
DA:194,1
LF:60
LH:3
BRDA:52,0,0,0
BRDA:52,0,1,0
BRDA:65,1,0,0
BRDA:65,1,1,0
BRDA:65,2,0,0
BRDA:65,2,1,0
BRDA:72,3,0,0
BRDA:72,3,1,0
BRDA:86,4,0,0
BRDA:86,4,1,0
BRDA:87,5,0,0
BRDA:87,5,1,0
BRDA:87,6,0,0
BRDA:87,6,1,0
BRDA:89,7,0,0
BRDA:89,7,1,0
BRDA:106,8,0,0
BRDA:106,8,1,0
BRDA:116,9,0,0
BRDA:116,9,1,0
BRDA:125,10,0,0
BRDA:125,10,1,0
BRDA:139,11,0,0
BRDA:139,11,1,0
BRDA:141,12,0,0
BRDA:141,12,1,0
BRDA:149,13,0,0
BRDA:149,13,1,0
BRDA:149,14,0,0
BRDA:149,14,1,0
BRDA:151,15,0,0
BRDA:151,15,1,0
BRDA:152,16,0,0
BRDA:152,16,1,0
BRDA:171,17,0,0
BRDA:171,17,1,0
BRDA:172,18,0,0
BRDA:172,18,1,0
BRDA:174,19,0,0
BRDA:174,19,1,0
BRF:40
BRH:0
end_of_record
TN:
SF:src\4_molecules\LimitedColorSelectionTool\LimitedColorSelectionTool.js
FN:7,(anonymous_0)
FN:11,(anonymous_1)
FN:13,(anonymous_2)
FNF:3
FNH:3
FNDA:1,(anonymous_0)
FNDA:1,(anonymous_1)
FNDA:1,(anonymous_2)
DA:8,1
DA:12,1
DA:14,1
DA:27,1
LF:4
LH:4
BRDA:21,0,0,0
BRDA:21,0,1,1
BRF:2
BRH:1
end_of_record
TN:
SF:src\4_molecules\LineSpacing\LineSpacing.js
FN:20,(anonymous_0)
FN:42,(anonymous_1)
FN:62,(anonymous_2)
FN:76,(anonymous_3)
FN:80,(anonymous_4)
FN:85,(anonymous_5)
FN:89,(anonymous_6)
FN:93,(anonymous_7)
FN:99,(anonymous_8)
FN:120,(anonymous_9)
FN:128,(anonymous_10)
FN:154,(anonymous_11)
FN:155,(anonymous_12)
FNF:13
FNH:13
FNDA:13,(anonymous_0)
FNDA:21,(anonymous_1)
FNDA:5,(anonymous_2)
FNDA:2,(anonymous_3)
FNDA:2,(anonymous_4)
FNDA:1,(anonymous_5)
FNDA:1,(anonymous_6)
FNDA:1,(anonymous_7)
FNDA:7,(anonymous_8)
FNDA:11,(anonymous_9)
[...]
FNDA:0,mapBoxElementToLayer
FNDA:0,(anonymous_11)
FNDA:0,(anonymous_12)
FNDA:1,mapBorderToSvc
FNDA:3,getLayerByName
FNDA:22,getBoundaryByName
FNDA:3,getDefaultBoundary
FNDA:0,(anonymous_17)
FNDA:1,(anonymous_18)
FNDA:0,(anonymous_19)
FNDA:0,(anonymous_20)
FNDA:0,(anonymous_21)
FNDA:6,createServiceLayer
FNDA:1,createServiceBorder
FNDA:2,getLayerSizeInInches
FNDA:3,getLayerPositionInInches
FNDA:0,getTextLayerPositionInInches
FNDA:0,getBoxLayerSizeInInches
FNDA:0,getBoxLayerPositionInInches
FNDA:2,getLayerRotation
FNDA:2,createCropObject
FNDA:2,getImageSizeOfLayer
FNDA:0,mapTextElementToLayer
FNDA:0,createLayerText
FNDA:0,mapTextToServiceLines
FNDA:0,(anonymous_35)
FNDA:0,(anonymous_36)
FNDA:0,createServiceTextValue
FNDA:0,createTextSegment
FNDA:9,getRemovedLayers
FNDA:2,(anonymous_40)
FNDA:2,(anonymous_41)
FNDA:3,(anonymous_42)
FNDA:1,(anonymous_43)
FNDA:1,createLayerImage
DA:10,9
DA:11,9
DA:13,9
DA:26,9
DA:28,9
DA:29,2
DA:30,2
DA:32,2
DA:34,2
DA:36,2
DA:37,2
DA:41,9
DA:46,2
DA:48,2
DA:50,0
DA:52,0
DA:56,0
DA:58,0
DA:64,2
DA:65,0
DA:66,0
DA:67,0
DA:68,0
DA:69,0
DA:72,2
DA:73,2
DA:77,2
DA:78,2
DA:80,2
DA:81,2
DA:83,2
DA:85,2
DA:86,2
DA:88,2
DA:90,2
DA:91,2
DA:93,2
DA:94,1
DA:95,0
DA:96,0
DA:97,0
DA:100,1
DA:101,1
DA:102,1
DA:105,1
DA:106,1
DA:110,2
DA:111,2
DA:114,2
DA:118,0
DA:119,0
DA:120,0
DA:121,0
DA:124,0
DA:125,0
DA:127,0
DA:128,0
DA:130,0
DA:132,0
DA:134,0
DA:135,0
DA:137,0
DA:139,0
DA:143,0
DA:144,0
DA:145,0
DA:146,0
DA:149,0
DA:150,0
DA:152,0
DA:153,0
DA:155,0
DA:157,0
DA:159,0
DA:160,0
DA:162,0
DA:164,0
DA:168,0
DA:170,0
DA:171,0
DA:172,0
DA:173,0
DA:174,0
DA:177,0
DA:178,0
DA:179,0
DA:182,0
DA:183,0
DA:185,0
DA:187,0
DA:189,0
DA:191,0
DA:192,0
DA:194,0
DA:195,0
DA:198,0
DA:199,0
DA:200,0
DA:201,0
DA:202,0
DA:205,0
DA:206,0
DA:207,0
DA:209,0
DA:213,0
DA:214,0
DA:218,0
DA:222,1
DA:223,1
DA:231,1
DA:232,1
DA:234,1
DA:235,1
DA:236,1
DA:239,1
DA:245,3
DA:246,1
DA:249,2
DA:250,2
DA:251,2
DA:255,0
DA:261,22
DA:262,3
DA:265,19
DA:266,25
DA:267,13
DA:271,6
DA:275,3
DA:277,3
DA:278,2
DA:280,0
DA:281,0
DA:283,1
DA:284,1
DA:286,0
DA:287,0
DA:289,0
DA:290,0
DA:293,2
DA:295,1
DA:299,3
DA:328,6
DA:365,1
DA:379,2
DA:387,3
DA:392,3
DA:393,3
DA:394,3
DA:402,0
DA:404,0
DA:405,0
DA:407,0
DA:408,0
DA:411,0
DA:415,0
DA:416,0
DA:418,0
DA:426,0
DA:427,0
DA:429,0
DA:437,2
DA:441,2
DA:442,2
DA:443,2
DA:444,2
DA:445,2
DA:447,2
DA:457,2
DA:464,0
DA:465,0
DA:466,0
DA:467,0
DA:470,0
DA:471,0
DA:472,0
DA:473,0
DA:474,0
DA:475,0
DA:476,0
DA:477,0
DA:479,0
DA:480,0
DA:481,0
DA:482,0
DA:483,0
DA:484,0
DA:486,0
DA:490,0
DA:498,0
DA:499,0
DA:501,0
DA:502,0
DA:504,0
DA:506,0
DA:507,0
DA:508,0
DA:509,0
DA:510,0
DA:511,0
DA:512,0
DA:513,0
DA:514,0
DA:516,0
DA:517,0
DA:518,0
DA:519,0
DA:520,0
DA:525,0
DA:526,0
DA:527,0
DA:530,0
DA:531,0
DA:534,0
DA:538,0
DA:539,0
DA:542,0
DA:547,0
DA:562,9
DA:563,1
DA:566,8
DA:567,2
DA:569,8
DA:570,3
DA:571,1
DA:579,1
LF:225
LH:87
BRDA:30,0,0,0
BRDA:30,0,1,2
BRDA:31,1,0,2
BRDA:31,1,1,0
BRDA:31,2,0,2
BRDA:31,2,1,2
BRDA:32,3,0,2
BRDA:32,3,1,0
BRDA:36,4,0,2
BRDA:36,4,1,0
BRDA:46,5,0,2
BRDA:46,5,1,0
BRDA:46,5,2,0
BRDA:46,5,3,0
BRDA:46,5,4,0
BRDA:64,6,0,0
BRDA:64,6,1,2
BRDA:72,7,0,2
BRDA:72,7,1,0
BRDA:93,8,0,1
BRDA:93,8,1,1
BRDA:94,9,0,0
BRDA:94,9,1,1
BRDA:101,10,0,1
BRDA:101,10,1,1
BRDA:102,11,0,1
BRDA:102,11,1,1
BRDA:105,12,0,0
BRDA:105,12,1,1
BRDA:110,13,0,1
BRDA:110,13,1,1
BRDA:110,14,0,2
BRDA:110,14,1,1
BRDA:110,14,2,1
BRDA:118,15,0,0
BRDA:118,15,1,0
BRDA:120,16,0,0
BRDA:120,16,1,0
BRDA:120,17,0,0
BRDA:120,17,1,0
BRDA:143,18,0,0
BRDA:143,18,1,0
BRDA:145,19,0,0
BRDA:145,19,1,0
BRDA:145,20,0,0
BRDA:145,20,1,0
BRDA:168,21,0,0
BRDA:168,21,1,0
BRDA:170,22,0,0
BRDA:170,22,1,0
BRDA:198,23,0,0
BRDA:198,23,1,0
BRDA:199,24,0,0
BRDA:199,24,1,0
BRDA:206,25,0,0
BRDA:206,25,1,0
BRDA:207,26,0,0
BRDA:207,26,1,0
BRDA:213,27,0,0
BRDA:213,27,1,0
BRDA:213,28,0,0
BRDA:213,28,1,0
BRDA:213,28,2,0
BRDA:222,29,0,1
BRDA:222,29,1,0
BRDA:234,30,0,1
BRDA:234,30,1,0
BRDA:236,31,0,1
BRDA:236,31,1,0
BRDA:245,32,0,1
BRDA:245,32,1,2
BRDA:250,33,0,2
BRDA:250,33,1,0
BRDA:261,34,0,3
BRDA:261,34,1,19
BRDA:266,35,0,13
BRDA:266,35,1,12
BRDA:277,36,0,2
BRDA:277,36,1,1
BRDA:278,37,0,0
BRDA:278,37,1,1
BRDA:278,37,2,0
BRDA:278,37,3,0
BRDA:293,38,0,1
BRDA:293,38,1,1
BRDA:304,39,0,4
BRDA:305,40,0,4
BRDA:306,41,0,6
BRDA:307,42,0,4
BRDA:308,43,0,6
BRDA:309,44,0,6
BRDA:310,45,0,6
BRDA:311,46,0,6
BRDA:312,47,0,6
BRDA:313,48,0,4
BRDA:318,49,0,6
BRDA:319,50,0,6
BRDA:320,51,0,4
BRDA:321,52,0,4
BRDA:326,53,0,6
BRDA:346,54,0,0
BRDA:347,55,0,1
BRDA:348,56,0,0
BRDA:349,57,0,1
BRDA:350,58,0,0
BRDA:351,59,0,0
BRDA:356,60,0,1
BRDA:357,61,0,1
BRDA:358,62,0,0
BRDA:363,63,0,1
BRDA:392,64,0,2
BRDA:392,64,1,1
BRDA:393,65,0,2
BRDA:393,65,1,1
BRDA:404,66,0,0
BRDA:404,66,1,0
BRDA:404,67,0,0
BRDA:404,67,1,0
BRDA:407,68,0,0
BRDA:407,68,1,0
BRDA:407,69,0,0
BRDA:407,69,1,0
BRDA:437,70,0,0
BRDA:437,70,1,2
BRDA:464,71,0,0
BRDA:464,71,1,0
BRDA:480,72,0,0
BRDA:480,72,1,0
BRDA:497,73,0,0
BRDA:504,74,0,0
BRDA:504,74,1,0
BRDA:504,74,2,0
BRDA:508,75,0,0
BRDA:508,75,1,0
BRDA:519,76,0,0
BRDA:519,76,1,0
BRDA:526,77,0,0
BRDA:526,77,1,0
BRDA:538,78,0,0
BRDA:538,78,1,0
BRDA:538,79,0,0
BRDA:538,79,1,0
BRDA:562,80,0,1
BRDA:562,80,1,8
BRDA:566,81,0,2
BRDA:566,81,1,0
BRDA:566,81,2,0
BRDA:574,82,0,1
BRDA:575,83,0,1
BRDA:576,84,0,1
BRDA:577,85,0,1
BRF:151
BRH:69
end_of_record
TN:
SF:src\utils\setupUtils.js
FN:1,isServiceSetup
FNF:1
FNH:1
FNDA:12,isServiceSetup
DA:2,12
LF:1
LH:1
BRDA:2,0,0,12
BRDA:2,0,1,3
BRF:2
BRH:2
end_of_record
TN:
SF:src\utils\stockUtils.js
FN:5,getStockInCanvas
FN:19,createStockRGBObject
FN:62,createStockImageObject
FNF:3
FNH:3
FNDA:2,getStockInCanvas
FNDA:1,createStockRGBObject
FNDA:12,createStockImageObject
DA:6,2
DA:9,2
DA:10,1
DA:11,1
DA:12,1
DA:16,2
DA:20,1
DA:21,1
DA:22,1
DA:23,1
DA:24,1
DA:26,1
DA:28,1
DA:31,1
DA:32,1
DA:33,1
DA:35,1
DA:36,1
DA:38,1
DA:40,1
DA:63,12
DA:65,12
DA:66,12
DA:68,12
DA:69,12
DA:71,12
DA:73,12
DA:74,1
DA:77,12
DA:78,12
DA:80,12
DA:81,12
DA:83,12
DA:84,12
DA:86,12
DA:93,12
LF:36
LH:36
BRDA:10,0,0,1
BRDA:10,0,1,0
BRDA:26,1,0,1
BRDA:26,1,1,0
BRDA:31,2,0,1
BRDA:31,2,1,0
BRDA:31,3,0,1
BRDA:31,3,1,1
BRDA:73,4,0,1
BRDA:73,4,1,11
BRF:10
BRH:7
end_of_record
TN:
SF:src\utils\stringUtils.js
FN:1,(anonymous_0)
FN:5,(anonymous_1)
FNF:2
FNH:2
FNDA:2,(anonymous_0)
FNDA:10,(anonymous_1)
DA:1,1
DA:2,2
DA:5,1
DA:6,10
DA:7,1
DA:10,9
LF:6
LH:6
BRDA:2,0,0,1
BRDA:2,0,1,1
BRDA:2,1,0,2
BRDA:2,1,1,1
BRDA:6,2,0,1
BRDA:6,2,1,9
BRDA:6,3,0,10
BRDA:6,3,1,9
BRF:8
BRH:8
end_of_record
TN:
SF:src\utils\textUtils.js
FN:20,createEditorState
FN:37,(anonymous_1)
FN:39,(anonymous_2)
FN:61,createCurvedEditorState
FN:75,(anonymous_4)
FN:77,(anonymous_5)
FN:103,createTextModel
FN:108,(anonymous_7)
FN:112,(anonymous_8)
FN:134,editorContentAreSame
FN:139,defaultSelection
FN:164,generateComponentKey
FN:173,refreshKey
FN:180,refreshAllKeys
FN:181,(anonymous_14)
FN:185,getFontsOfHighlightedCharacters
FN:189,(anonymous_16)
FN:196,getFontSizesOfHighlightedCharacters
FN:200,(anonymous_18)
FN:207,getFontColorsOfHighlightedCharacters
FN:211,(anonymous_20)
FN:218,getBoldOfHighlightedCharacters
FN:222,(anonymous_22)
FN:231,getItalicOfHighlightedCharacters
FN:235,(anonymous_24)
FN:243,getUnderscoreOfHighlightedCharacters
FN:247,(anonymous_26)
FN:256,getSelectionOrDefault
FN:273,getHighlightedSegments
FN:301,getAllSegments
FN:316,getHighlightedOrAllSegments
FN:329,isNotRangeSelection
FN:335,startAtSegmentEnd
FN:339,endAtSegmentStart
FN:343,getTextEditorHeightInPercentage
FN:350,getTextEditorRealContentPixelSize
FN:369,getTextEditorRealContentPixelSizeWidthElement
FN:370,(anonymous_37)
FN:372,(anonymous_38)
FN:374,(anonymous_39)
FN:389,getTextElementWidthInPixel
FN:393,getTextElementHeightInPixel
FN:397,editorInchToPixel
FN:401,getFontsOfText
FN:404,(anonymous_44)
FN:405,(anonymous_45)
FN:413,editorPixelToInch
FN:417,fontBehaviorAutoSize
FN:428,fontBehaviorCurved
FN:447,isAutoSizingText
FN:466,isAutoFontMinSize
FN:472,autoFontMinSizeAdjustCoords
FN:505,isCurveText
FN:509,isCurveFontBehavior
FN:513,getCurveBehavior
FN:524,addTextAction
FN:528,getTextAction
FN:535,getNormalTextMaxHeight
FN:552,getLineHeightsOfHighlightedCharacters
FN:555,(anonymous_59)
FNF:60
FNH:55
FNDA:11,createEditorState
FNDA:11,(anonymous_1)
FNDA:11,(anonymous_2)
FNDA:7,createCurvedEditorState
FNDA:7,(anonymous_4)
FNDA:7,(anonymous_5)
FNDA:29,createTextModel
FNDA:28,(anonymous_7)
FNDA:28,(anonymous_8)
FNDA:5,editorContentAreSame
FNDA:6,defaultSelection
FNDA:5,generateComponentKey
FNDA:34,refreshKey
FNDA:4,refreshAllKeys
FNDA:4,(anonymous_14)
FNDA:17,getFontsOfHighlightedCharacters
FNDA:17,(anonymous_16)
FNDA:18,getFontSizesOfHighlightedCharacters
FNDA:18,(anonymous_18)
FNDA:19,getFontColorsOfHighlightedCharacters
FNDA:19,(anonymous_20)
FNDA:18,getBoldOfHighlightedCharacters
FNDA:18,(anonymous_22)
FNDA:18,getItalicOfHighlightedCharacters
FNDA:18,(anonymous_24)
FNDA:18,getUnderscoreOfHighlightedCharacters
FNDA:18,(anonymous_26)
FNDA:128,getSelectionOrDefault
FNDA:124,getHighlightedSegments
FNDA:0,getAllSegments
FNDA:124,getHighlightedOrAllSegments
FNDA:124,isNotRangeSelection
FNDA:3,startAtSegmentEnd
FNDA:3,endAtSegmentStart
FNDA:13,getTextEditorHeightInPercentage
FNDA:1,getTextEditorRealContentPixelSize
FNDA:0,getTextEditorRealContentPixelSizeWidthElement
FNDA:0,(anonymous_37)
FNDA:0,(anonymous_38)
FNDA:0,(anonymous_39)
FNDA:26,getTextElementWidthInPixel
FNDA:24,getTextElementHeightInPixel
FNDA:58,editorInchToPixel
FNDA:1,getFontsOfText
FNDA:1,(anonymous_44)
FNDA:1,(anonymous_45)
FNDA:46,editorPixelToInch
FNDA:2,fontBehaviorAutoSize
FNDA:1,fontBehaviorCurved
FNDA:137,isAutoSizingText
FNDA:7,isAutoFontMinSize
FNDA:1,autoFontMinSizeAdjustCoords
FNDA:147,isCurveText
FNDA:20,isCurveFontBehavior
FNDA:9,getCurveBehavior
FNDA:5,addTextAction
FNDA:8,getTextAction
FNDA:9,getNormalTextMaxHeight
FNDA:16,getLineHeightsOfHighlightedCharacters
FNDA:16,(anonymous_59)
DA:9,1
DA:11,1
DA:12,1
DA:21,11
DA:22,11
DA:23,11
DA:25,11
DA:32,11
DA:37,11
DA:38,11
DA:39,11
DA:40,11
DA:51,11
DA:52,11
DA:54,11
DA:56,11
DA:58,11
DA:62,7
DA:63,7
DA:64,7
DA:70,7
DA:75,7
DA:76,7
DA:77,7
DA:78,7
DA:88,7
DA:89,7
DA:91,7
DA:92,7
DA:94,7
DA:96,7
DA:97,7
DA:99,7
DA:104,29
DA:109,28
DA:111,28
DA:113,28
DA:131,29
DA:135,5
DA:140,6
DA:141,6
DA:142,6
DA:143,6
DA:144,6
DA:145,6
DA:147,6
DA:163,1
DA:165,5
DA:166,1
DA:169,5
DA:174,34
DA:175,9
DA:181,4
DA:186,17
DA:187,17
DA:189,17
DA:190,17
DA:192,17
DA:197,18
DA:198,18
DA:200,18
DA:201,18
DA:203,18
DA:208,19
DA:209,19
DA:211,19
DA:212,19
DA:214,19
DA:219,18
DA:220,18
DA:222,18
DA:223,18
DA:224,17
DA:227,18
DA:232,18
DA:233,18
DA:235,18
DA:236,18
DA:237,17
DA:240,18
DA:244,18
DA:245,18
DA:247,18
DA:248,18
DA:249,17
DA:252,18
DA:257,128
DA:270,128
DA:274,124
DA:276,124
DA:277,121
DA:278,121
DA:281,3
DA:282,3
DA:283,3
DA:284,3
DA:285,3
DA:287,3
DA:288,3
DA:290,3
DA:291,3
DA:294,3
DA:298,3
DA:302,0
DA:304,0
DA:305,0
DA:307,0
DA:308,0
DA:309,0
DA:313,0
DA:317,124
DA:318,124
DA:319,124
DA:320,124
DA:323,0
DA:326,124
DA:330,124
DA:332,124
DA:336,3
DA:340,3
DA:344,13
DA:345,13
DA:347,13
DA:352,1
DA:354,1
DA:355,0
DA:358,1
DA:359,1
DA:360,1
DA:361,1
DA:362,1
DA:370,0
DA:371,0
DA:373,0
DA:375,0
DA:380,0
DA:381,0
DA:386,0
DA:390,26
DA:394,24
DA:398,58
DA:402,1
DA:404,1
DA:405,1
DA:406,1
DA:410,1
DA:414,46
DA:418,2
DA:429,1
DA:448,137
DA:450,137
DA:451,130
DA:454,7
DA:455,7
DA:457,7
DA:458,3
DA:459,3
DA:463,7
DA:467,7
DA:468,7
DA:469,7
DA:473,1
DA:474,1
DA:478,1
DA:484,1
DA:486,1
DA:497,1
DA:502,1
DA:506,147
DA:510,20
DA:514,9
DA:515,9
DA:516,9
DA:520,0
DA:523,1
DA:525,5
DA:529,8
DA:530,8
DA:532,8
DA:536,9
DA:537,7
DA:540,2
DA:541,2
DA:542,2
DA:543,2
DA:544,2
DA:545,2
DA:546,2
DA:548,2
DA:553,16
DA:554,16
DA:555,16
DA:556,16
DA:557,0
DA:560,16
LF:195
LH:177
BRDA:20,0,0,1
BRDA:20,1,0,1
BRDA:22,2,0,11
BRDA:22,2,1,0
BRDA:45,3,0,0
BRDA:45,3,1,11
BRDA:46,4,0,0
BRDA:46,4,1,11
BRDA:49,5,0,10
BRDA:49,5,1,1
BRDA:49,6,0,11
BRDA:49,6,1,10
BRDA:61,7,0,7
BRDA:83,8,0,0
BRDA:83,8,1,7
BRDA:84,9,0,0
BRDA:84,9,1,7
BRDA:88,10,0,7
BRDA:88,10,1,0
BRDA:107,11,0,29
BRDA:107,11,1,0
BRDA:114,12,0,0
BRDA:114,12,1,28
BRDA:119,13,0,24
BRDA:119,13,1,4
BRDA:135,14,0,5
BRDA:135,14,1,3
BRDA:165,15,0,1
BRDA:165,15,1,4
BRDA:174,16,0,9
BRDA:174,16,1,25
BRDA:223,17,0,17
BRDA:223,17,1,1
BRDA:236,18,0,17
BRDA:236,18,1,1
BRDA:248,19,0,17
BRDA:248,19,1,1
BRDA:270,20,0,124
BRDA:270,20,1,4
BRDA:276,21,0,121
BRDA:276,21,1,3
BRDA:284,22,0,3
BRDA:284,22,1,0
BRDA:285,23,0,3
BRDA:285,23,1,0
BRDA:290,24,0,3
BRDA:290,24,1,0
BRDA:290,25,0,3
BRDA:290,25,1,3
BRDA:318,26,0,124
BRDA:318,26,1,0
BRDA:332,27,0,124
BRDA:332,27,1,124
BRDA:332,27,2,124
BRDA:336,28,0,3
BRDA:336,28,1,3
BRDA:336,28,2,3
BRDA:340,29,0,3
BRDA:340,29,1,3
BRDA:340,29,2,3
BRDA:352,30,0,1
BRDA:352,30,1,0
BRDA:354,31,0,0
BRDA:354,31,1,1
BRDA:358,32,0,1
BRDA:358,32,1,0
BRDA:359,33,0,1
BRDA:359,33,1,0
BRDA:360,34,0,0
BRDA:360,34,1,1
BRDA:360,35,0,0
BRDA:360,35,1,1
BRDA:364,36,0,1
BRDA:364,36,1,0
BRDA:365,37,0,1
BRDA:365,37,1,0
BRDA:370,38,0,0
BRDA:370,38,1,0
BRDA:371,39,0,0
BRDA:371,39,1,0
BRDA:375,40,0,0
BRDA:375,40,1,0
BRDA:375,40,2,0
BRDA:381,41,0,0
BRDA:381,41,1,0
BRDA:450,42,0,130
BRDA:450,42,1,7
BRDA:450,43,0,137
BRDA:450,43,1,127
BRDA:457,44,0,3
BRDA:457,44,1,4
BRDA:457,45,0,7
BRDA:457,45,1,7
BRDA:457,45,2,3
BRDA:467,46,0,0
BRDA:467,46,1,7
BRDA:506,47,0,147
BRDA:506,47,1,75
BRDA:506,47,2,133
BRDA:510,48,0,20
BRDA:510,48,1,15
BRDA:515,49,0,9
BRDA:515,49,1,0
BRDA:536,50,0,7
BRDA:536,50,1,2
BRDA:556,51,0,0
BRDA:556,51,1,16
BRF:107
BRH:75
end_of_record
TN:
SF:src\utils\themeUtil.js
FN:45,customizeTheme
FNF:1
FNH:1
FNDA:2,customizeTheme
DA:4,1
DA:46,2
DA:48,2
DA:53,2
DA:59,2
DA:65,2
DA:74,2
DA:116,2
DA:123,2
DA:233,2
DA:235,2
DA:236,1
DA:237,1
DA:240,1
DA:241,1
DA:244,1
DA:249,2
DA:251,2
DA:252,1
DA:253,1
DA:256,1
DA:257,1
DA:258,1
DA:261,1
DA:262,1
DA:265,1
DA:266,1
DA:274,2
DA:280,2
DA:282,2
LF:30
LH:30
BRDA:235,0,0,1
BRDA:235,0,1,1
BRDA:235,1,0,2
BRDA:235,1,1,1
BRDA:235,1,2,1
BRDA:236,2,0,1
BRDA:236,2,1,0
BRDA:240,3,0,1
BRDA:240,3,1,0
BRDA:245,4,0,1
BRDA:245,4,1,0
BRDA:245,4,2,0
BRDA:246,5,0,1
BRDA:246,5,1,0
BRDA:251,6,0,1
BRDA:251,6,1,1
BRDA:251,7,0,2
BRDA:251,7,1,1
BRDA:251,7,2,1
BRDA:252,8,0,1
BRDA:252,8,1,0
BRDA:256,9,0,1
BRDA:256,9,1,0
BRDA:261,10,0,1
BRDA:261,10,1,0
BRDA:265,11,0,1
BRDA:265,11,1,0
BRDA:265,12,0,1
BRDA:265,12,1,0
BRDA:268,13,0,1
BRDA:268,13,1,0
BRDA:269,14,0,1
BRDA:269,14,1,0
BRDA:270,15,0,1
BRDA:270,15,1,0
BRF:35
BRH:22
end_of_record
TN:
SF:src\utils\toolbarUtils.js
FN:5,getFontSelectionValue
FN:11,(anonymous_1)
FN:14,(anonymous_2)
FN:22,(anonymous_3)
FN:29,getFontSizeSelectionValue
FN:35,(anonymous_5)
FN:38,(anonymous_6)
FN:48,getFontImageColorSelectionValue
FN:54,(anonymous_8)
FN:58,(anonymous_9)
FN:66,(anonymous_10)
FN:75,(anonymous_11)
FN:84,(anonymous_12)
FN:102,getTextAlignmentValue
FN:108,(anonymous_14)
FN:118,getTextBold
FN:124,(anonymous_16)
FN:135,getTextItalic
FN:141,(anonymous_18)
FN:152,getTextUnderscore
FN:158,(anonymous_20)
FN:169,getTextLineHeights
FN:175,(anonymous_22)
FN:179,(anonymous_23)
FN:190,getCurveInvertYRadius
FNF:25
FNH:23
FNDA:26,getFontSelectionValue
FNDA:17,(anonymous_1)
FNDA:17,(anonymous_2)
FNDA:17,(anonymous_3)
FNDA:27,getFontSizeSelectionValue
FNDA:18,(anonymous_5)
FNDA:18,(anonymous_6)
FNDA:133,getFontImageColorSelectionValue
FNDA:19,(anonymous_8)
FNDA:19,(anonymous_9)
FNDA:36,(anonymous_10)
FNDA:6,(anonymous_11)
FNDA:0,(anonymous_12)
FNDA:25,getTextAlignmentValue
FNDA:17,(anonymous_14)
FNDA:25,getTextBold
FNDA:17,(anonymous_16)
FNDA:25,getTextItalic
FNDA:17,(anonymous_18)
FNDA:25,getTextUnderscore
FNDA:17,(anonymous_20)
FNDA:25,getTextLineHeights
FNDA:17,(anonymous_22)
FNDA:0,(anonymous_23)
FNDA:25,getCurveInvertYRadius
DA:6,26
DA:7,9
DA:10,17
DA:11,17
DA:12,17
DA:13,17
DA:14,17
DA:15,17
DA:16,17
DA:21,17
DA:22,17
DA:23,17
DA:26,17
DA:30,27
DA:31,9
DA:34,18
DA:35,18
DA:36,18
DA:37,18
DA:38,18
DA:39,18
DA:40,18
DA:45,18
DA:49,133
DA:50,0
DA:53,133
DA:54,133
DA:55,19
DA:56,19
DA:58,19
DA:59,19
DA:60,19
DA:61,19
DA:66,133
DA:67,36
DA:68,1
DA:69,1
DA:70,1
DA:75,133
DA:76,6
DA:77,1
DA:78,1
DA:79,1
DA:84,133
DA:85,0
DA:86,0
DA:87,0
DA:88,0
DA:92,0
DA:93,0
DA:94,0
DA:99,133
DA:103,25
DA:104,8
DA:107,17
DA:108,17
DA:109,17
DA:110,17
DA:111,17
DA:115,17
DA:119,25
DA:120,8
DA:123,17
DA:124,17
DA:125,17
DA:126,17
DA:127,17
DA:128,17
DA:132,17
DA:136,25
DA:137,8
DA:140,17
DA:141,17
DA:142,17
DA:143,17
DA:144,17
DA:145,17
DA:149,17
DA:153,25
DA:154,8
DA:157,17
DA:158,17
DA:159,17
DA:160,17
DA:161,17
DA:162,17
DA:166,17
DA:170,25
DA:171,8
DA:174,17
DA:175,17
DA:176,17
DA:177,17
DA:178,16
DA:179,16
DA:180,0
DA:181,0
DA:187,17
DA:191,25
DA:192,8
DA:195,17
DA:196,17
DA:197,17
DA:198,16
DA:199,16
DA:202,1
DA:203,1
DA:206,0
DA:207,0
DA:208,0
DA:213,17
LF:111
LH:98
BRDA:6,0,0,9
BRDA:6,0,1,17
BRDA:6,1,0,26
BRDA:6,1,1,25
BRDA:15,2,0,17
BRDA:15,2,1,0
BRDA:30,3,0,9
BRDA:30,3,1,18
BRDA:30,4,0,27
BRDA:30,4,1,26
BRDA:39,5,0,18
BRDA:39,5,1,0
BRDA:48,6,0,38
BRDA:49,7,0,0
BRDA:49,7,1,133
BRDA:49,8,0,133
BRDA:49,8,1,0
BRDA:49,8,2,0
BRDA:49,8,3,0
BRDA:60,9,0,19
BRDA:60,9,1,0
BRDA:67,10,0,1
BRDA:67,10,1,35
BRDA:69,11,0,1
BRDA:69,11,1,0
BRDA:76,12,0,1
BRDA:76,12,1,5
BRDA:78,13,0,1
BRDA:78,13,1,0
BRDA:85,14,0,0
BRDA:85,14,1,0
BRDA:87,15,0,0
BRDA:87,15,1,0
BRDA:93,16,0,0
BRDA:93,16,1,0
BRDA:103,17,0,8
BRDA:103,17,1,17
BRDA:103,18,0,25
BRDA:103,18,1,25
BRDA:110,19,0,17
BRDA:110,19,1,0
BRDA:119,20,0,8
BRDA:119,20,1,17
BRDA:119,21,0,25
BRDA:119,21,1,25
BRDA:127,22,0,17
BRDA:127,22,1,0
BRDA:136,23,0,8
BRDA:136,23,1,17
BRDA:136,24,0,25
BRDA:136,24,1,25
BRDA:144,25,0,17
BRDA:144,25,1,0
BRDA:153,26,0,8
BRDA:153,26,1,17
BRDA:153,27,0,25
BRDA:153,27,1,25
BRDA:161,28,0,17
BRDA:161,28,1,0
BRDA:170,29,0,8
BRDA:170,29,1,17
BRDA:170,30,0,25
BRDA:170,30,1,25
BRDA:177,31,0,16
BRDA:177,31,1,1
BRDA:180,32,0,0
BRDA:180,32,1,0
BRDA:191,33,0,8
BRDA:191,33,1,17
BRDA:191,34,0,25
BRDA:191,34,1,25
BRDA:197,35,0,16
BRDA:197,35,1,1
BRDA:202,36,0,1
BRDA:202,36,1,0
BRDA:206,37,0,0
BRDA:206,37,1,0
BRF:77
BRH:53
end_of_record
TN:
SF:src\utils\trackUserActiveUtils.js
FN:4,trackUserActivity
FN:11,(anonymous_1)
FN:15,(anonymous_2)
FNF:3
FNH:3
FNDA:10,trackUserActivity
FNDA:1,(anonymous_1)
FNDA:1787,(anonymous_2)
DA:5,10
DA:6,5
DA:9,5
DA:11,5
DA:12,1
DA:15,5
DA:16,1787
DA:17,1787
LF:8
LH:8
BRDA:5,0,0,5
BRDA:5,0,1,5
BRF:2
BRH:2
end_of_record
TN:
SF:src\utils\trimProcessFileUtils.js
FN:2,getSelectedFileImage
FN:6,(anonymous_1)
FN:16,setSelectedImageInCanvas
FN:17,(anonymous_3)
FNF:4
FNH:4
FNDA:3,getSelectedFileImage
FNDA:1,(anonymous_1)
FNDA:1,setSelectedImageInCanvas
FNDA:2,(anonymous_3)
DA:3,3
DA:5,3
DA:6,1
DA:7,1
DA:8,1
DA:13,3
DA:17,1
DA:18,2
DA:19,1
DA:23,1
LF:10
LH:10
BRDA:5,0,0,1
BRDA:5,0,1,2
BRDA:5,1,0,3
BRDA:5,1,1,3
BRDA:7,2,0,1
BRDA:7,2,1,0
BRDA:8,3,0,1
BRDA:8,3,1,0
BRDA:18,4,0,1
BRDA:18,4,1,1
BRF:10
BRH:8
end_of_record
TN:
SF:src\utils\zoomUtils.js
FN:6,getDefaultZoomOnCanvas
FN:30,getDefaultZoomOnPreview
FN:54,getDefaultZoomOnCropEdit
FN:75,getViewportSize
FN:85,getLargeScreenRatio
FNF:5
FNH:5
FNDA:3,getDefaultZoomOnCanvas
FNDA:7,getDefaultZoomOnPreview
FNDA:3,getDefaultZoomOnCropEdit
FNDA:15,getViewportSize
FNDA:10,getLargeScreenRatio
DA:4,1
DA:7,3
DA:10,3
DA:11,3
DA:12,3
DA:14,3
DA:15,3
DA:18,3
DA:19,1
DA:20,1
DA:23,3
DA:24,3
DA:25,3
DA:27,3
DA:31,7
DA:34,7
DA:35,7
DA:36,7
DA:38,7
DA:39,7
DA:42,7
DA:43,1
DA:44,1
DA:47,7
DA:48,7
DA:49,7
DA:51,7
DA:55,3
DA:58,3
DA:59,3
DA:60,3
DA:62,3
DA:63,3
DA:64,3
DA:67,3
DA:68,1
DA:71,3
DA:72,3
DA:76,15
DA:77,15
DA:79,15
DA:86,10
DA:88,10
DA:89,4
DA:90,2
DA:92,2
DA:93,2
DA:97,10
LF:48
LH:48
BRDA:10,0,0,3
BRDA:10,0,1,0
BRDA:10,1,0,3
BRDA:10,1,1,3
BRDA:18,2,0,1
BRDA:18,2,1,2
BRDA:19,3,0,0
BRDA:19,3,1,1
BRDA:23,4,0,0
BRDA:23,4,1,3
BRDA:23,5,0,3
BRDA:23,5,1,3
BRDA:34,6,0,7
BRDA:34,6,1,5
BRDA:42,7,0,1
BRDA:42,7,1,6
BRDA:43,8,0,0
BRDA:43,8,1,1
BRDA:58,9,0,3
BRDA:58,9,1,0
BRDA:58,10,0,3
BRDA:58,10,1,3
BRDA:62,11,0,0
BRDA:62,11,1,3
BRDA:67,12,0,1
BRDA:67,12,1,2
BRDA:76,13,0,14
BRDA:76,13,1,1
BRDA:77,14,0,14
BRDA:77,14,1,1
BRDA:88,15,0,4
BRDA:88,15,1,6
BRDA:88,16,0,10
BRDA:88,16,1,10
BRDA:88,16,2,10
BRDA:89,17,0,2
BRDA:89,17,1,2
BRDA:92,18,0,2
BRDA:92,18,1,0
BRF:39
BRH:32
end_of_record
